CRITICAL - 2022-12-17 00:31:34 --> Invalid file: awal/header.php
in SYSTEMPATH\Exceptions\FrameworkException.php on line 33.
 1 SYSTEMPATH\View\View.php(201): CodeIgniter\Exceptions\FrameworkException::forInvalidFile('awal/header.php')
 2 SYSTEMPATH\Common.php(1134): CodeIgniter\View\View->render('awal/header', [], true)
 3 APPPATH\Controllers\Home.php(9): view('awal/header')
 4 SYSTEMPATH\CodeIgniter.php(927): App\Controllers\Home->index()
 5 SYSTEMPATH\CodeIgniter.php(482): CodeIgniter\CodeIgniter->runController(Object(App\Controllers\Home))
 6 SYSTEMPATH\CodeIgniter.php(351): CodeIgniter\CodeIgniter->handleRequest(null, Object(Config\Cache), false)
 7 FCPATH\index.php(67): CodeIgniter\CodeIgniter->run()
 8 SYSTEMPATH\Commands\Server\rewrite.php(46): require_once('FCPATH\\index.php')
CRITICAL - 2022-12-17 00:32:00 --> Invalid file: template/awal/header.php
in SYSTEMPATH\Exceptions\FrameworkException.php on line 33.
 1 SYSTEMPATH\View\View.php(201): CodeIgniter\Exceptions\FrameworkException::forInvalidFile('template/awal/header.php')
 2 SYSTEMPATH\Common.php(1134): CodeIgniter\View\View->render('template/awal/header', [], true)
 3 APPPATH\Controllers\Home.php(9): view('template/awal/header')
 4 SYSTEMPATH\CodeIgniter.php(927): App\Controllers\Home->index()
 5 SYSTEMPATH\CodeIgniter.php(482): CodeIgniter\CodeIgniter->runController(Object(App\Controllers\Home))
 6 SYSTEMPATH\CodeIgniter.php(351): CodeIgniter\CodeIgniter->handleRequest(null, Object(Config\Cache), false)
 7 FCPATH\index.php(67): CodeIgniter\CodeIgniter->run()
 8 SYSTEMPATH\Commands\Server\rewrite.php(46): require_once('FCPATH\\index.php')
CRITICAL - 2022-12-17 00:32:22 --> Undefined variable $decodegeo
in APPPATH\Views\template\awal\header.php on line 45.
 1 APPPATH\Views\template\awal\header.php(45): CodeIgniter\Debug\Exceptions->errorHandler(2, 'Undefined variable $decodegeo', 'APPPATH\\Views\\template\\awal\\header.php', 45)
 2 SYSTEMPATH\View\View.php(213): include('APPPATH\\Views\\template\\awal\\header.php')
 3 SYSTEMPATH\View\View.php(216): CodeIgniter\View\View->CodeIgniter\View\{closure}()
 4 SYSTEMPATH\Common.php(1134): CodeIgniter\View\View->render('/template/awal/header', [], true)
 5 APPPATH\Controllers\Home.php(9): view('/template/awal/header')
 6 SYSTEMPATH\CodeIgniter.php(927): App\Controllers\Home->index()
 7 SYSTEMPATH\CodeIgniter.php(482): CodeIgniter\CodeIgniter->runController(Object(App\Controllers\Home))
 8 SYSTEMPATH\CodeIgniter.php(351): CodeIgniter\CodeIgniter->handleRequest(null, Object(Config\Cache), false)
 9 FCPATH\index.php(67): CodeIgniter\CodeIgniter->run()
10 SYSTEMPATH\Commands\Server\rewrite.php(46): require_once('FCPATH\\index.php')
CRITICAL - 2022-12-17 00:32:52 --> Undefined array key "LINK_WEB"
in APPPATH\Views\template\awal\footer.php on line 7.
 1 APPPATH\Views\template\awal\footer.php(7): CodeIgniter\Debug\Exceptions->errorHandler(2, 'Undefined array key "LINK_WEB"', 'APPPATH\\Views\\template\\awal\\footer.php', 7)
 2 SYSTEMPATH\View\View.php(213): include('APPPATH\\Views\\template\\awal\\footer.php')
 3 SYSTEMPATH\View\View.php(216): CodeIgniter\View\View->CodeIgniter\View\{closure}()
 4 SYSTEMPATH\Common.php(1134): CodeIgniter\View\View->render('/template/awal/footer', [], true)
 5 APPPATH\Controllers\Home.php(10): view('/template/awal/footer')
 6 SYSTEMPATH\CodeIgniter.php(927): App\Controllers\Home->index()
 7 SYSTEMPATH\CodeIgniter.php(482): CodeIgniter\CodeIgniter->runController(Object(App\Controllers\Home))
 8 SYSTEMPATH\CodeIgniter.php(351): CodeIgniter\CodeIgniter->handleRequest(null, Object(Config\Cache), false)
 9 FCPATH\index.php(67): CodeIgniter\CodeIgniter->run()
10 SYSTEMPATH\Commands\Server\rewrite.php(46): require_once('FCPATH\\index.php')
CRITICAL - 2022-12-17 03:04:54 --> Invalid file: home.php
in SYSTEMPATH\Exceptions\FrameworkException.php on line 33.
 1 SYSTEMPATH\View\View.php(201): CodeIgniter\Exceptions\FrameworkException::forInvalidFile('home.php')
 2 SYSTEMPATH\Common.php(1134): CodeIgniter\View\View->render('home', [], true)
 3 APPPATH\Controllers\Home.php(24): view('home', [...])
 4 SYSTEMPATH\CodeIgniter.php(927): App\Controllers\Home->index()
 5 SYSTEMPATH\CodeIgniter.php(482): CodeIgniter\CodeIgniter->runController(Object(App\Controllers\Home))
 6 SYSTEMPATH\CodeIgniter.php(351): CodeIgniter\CodeIgniter->handleRequest(null, Object(Config\Cache), false)
 7 FCPATH\index.php(67): CodeIgniter\CodeIgniter->run()
CRITICAL - 2022-12-17 03:07:50 --> Undefined array key "id_buku"
in APPPATH\Views\home\index.php on line 42.
 1 APPPATH\Views\home\index.php(42): CodeIgniter\Debug\Exceptions->errorHandler(2, 'Undefined array key "id_buku"', 'APPPATH\\Views\\home\\index.php', 42)
 2 SYSTEMPATH\View\View.php(213): include('APPPATH\\Views\\home\\index.php')
 3 SYSTEMPATH\View\View.php(216): CodeIgniter\View\View->CodeIgniter\View\{closure}()
 4 SYSTEMPATH\Common.php(1134): CodeIgniter\View\View->render('home/index', [], true)
 5 APPPATH\Controllers\Home.php(24): view('home/index', [...])
 6 SYSTEMPATH\CodeIgniter.php(927): App\Controllers\Home->index()
 7 SYSTEMPATH\CodeIgniter.php(482): CodeIgniter\CodeIgniter->runController(Object(App\Controllers\Home))
 8 SYSTEMPATH\CodeIgniter.php(351): CodeIgniter\CodeIgniter->handleRequest(null, Object(Config\Cache), false)
 9 FCPATH\index.php(67): CodeIgniter\CodeIgniter->run()
CRITICAL - 2022-12-17 03:08:58 --> Attempt to read property "id_buku" on array
in APPPATH\Views\home\index.php on line 42.
 1 APPPATH\Views\home\index.php(42): CodeIgniter\Debug\Exceptions->errorHandler(2, 'Attempt to read property "id_buku" on array', 'APPPATH\\Views\\home\\index.php', 42)
 2 SYSTEMPATH\View\View.php(213): include('APPPATH\\Views\\home\\index.php')
 3 SYSTEMPATH\View\View.php(216): CodeIgniter\View\View->CodeIgniter\View\{closure}()
 4 SYSTEMPATH\Common.php(1134): CodeIgniter\View\View->render('home/index', [], true)
 5 APPPATH\Controllers\Home.php(24): view('home/index', [...])
 6 SYSTEMPATH\CodeIgniter.php(927): App\Controllers\Home->index()
 7 SYSTEMPATH\CodeIgniter.php(482): CodeIgniter\CodeIgniter->runController(Object(App\Controllers\Home))
 8 SYSTEMPATH\CodeIgniter.php(351): CodeIgniter\CodeIgniter->handleRequest(null, Object(Config\Cache), false)
 9 FCPATH\index.php(67): CodeIgniter\CodeIgniter->run()
CRITICAL - 2022-12-17 03:09:01 --> Attempt to read property "id_buku" on array
in APPPATH\Views\home\index.php on line 42.
 1 APPPATH\Views\home\index.php(42): CodeIgniter\Debug\Exceptions->errorHandler(2, 'Attempt to read property "id_buku" on array', 'APPPATH\\Views\\home\\index.php', 42)
 2 SYSTEMPATH\View\View.php(213): include('APPPATH\\Views\\home\\index.php')
 3 SYSTEMPATH\View\View.php(216): CodeIgniter\View\View->CodeIgniter\View\{closure}()
 4 SYSTEMPATH\Common.php(1134): CodeIgniter\View\View->render('home/index', [], true)
 5 APPPATH\Controllers\Home.php(24): view('home/index', [...])
 6 SYSTEMPATH\CodeIgniter.php(927): App\Controllers\Home->index()
 7 SYSTEMPATH\CodeIgniter.php(482): CodeIgniter\CodeIgniter->runController(Object(App\Controllers\Home))
 8 SYSTEMPATH\CodeIgniter.php(351): CodeIgniter\CodeIgniter->handleRequest(null, Object(Config\Cache), false)
 9 FCPATH\index.php(67): CodeIgniter\CodeIgniter->run()
CRITICAL - 2022-12-17 03:09:04 --> Attempt to read property "id_buku" on array
in APPPATH\Views\home\index.php on line 42.
 1 APPPATH\Views\home\index.php(42): CodeIgniter\Debug\Exceptions->errorHandler(2, 'Attempt to read property "id_buku" on array', 'APPPATH\\Views\\home\\index.php', 42)
 2 SYSTEMPATH\View\View.php(213): include('APPPATH\\Views\\home\\index.php')
 3 SYSTEMPATH\View\View.php(216): CodeIgniter\View\View->CodeIgniter\View\{closure}()
 4 SYSTEMPATH\Common.php(1134): CodeIgniter\View\View->render('home/index', [], true)
 5 APPPATH\Controllers\Home.php(24): view('home/index', [...])
 6 SYSTEMPATH\CodeIgniter.php(927): App\Controllers\Home->index()
 7 SYSTEMPATH\CodeIgniter.php(482): CodeIgniter\CodeIgniter->runController(Object(App\Controllers\Home))
 8 SYSTEMPATH\CodeIgniter.php(351): CodeIgniter\CodeIgniter->handleRequest(null, Object(Config\Cache), false)
 9 FCPATH\index.php(67): CodeIgniter\CodeIgniter->run()
CRITICAL - 2022-12-17 03:10:14 --> Attempt to read property "id_buku" on array
in APPPATH\Views\home\index.php on line 43.
 1 APPPATH\Views\home\index.php(43): CodeIgniter\Debug\Exceptions->errorHandler(2, 'Attempt to read property "id_buku" on array', 'APPPATH\\Views\\home\\index.php', 43)
 2 SYSTEMPATH\View\View.php(213): include('APPPATH\\Views\\home\\index.php')
 3 SYSTEMPATH\View\View.php(216): CodeIgniter\View\View->CodeIgniter\View\{closure}()
 4 SYSTEMPATH\Common.php(1134): CodeIgniter\View\View->render('home/index', [], true)
 5 APPPATH\Controllers\Home.php(24): view('home/index', [...])
 6 SYSTEMPATH\CodeIgniter.php(927): App\Controllers\Home->index()
 7 SYSTEMPATH\CodeIgniter.php(482): CodeIgniter\CodeIgniter->runController(Object(App\Controllers\Home))
 8 SYSTEMPATH\CodeIgniter.php(351): CodeIgniter\CodeIgniter->handleRequest(null, Object(Config\Cache), false)
 9 FCPATH\index.php(67): CodeIgniter\CodeIgniter->run()
CRITICAL - 2022-12-17 03:10:27 --> Unmatched '}'
in APPPATH\Views\home\index.php on line 58.
 1 SYSTEMPATH\View\View.php(216): CodeIgniter\View\View->CodeIgniter\View\{closure}()
 2 SYSTEMPATH\Common.php(1134): CodeIgniter\View\View->render('home/index', [], true)
 3 APPPATH\Controllers\Home.php(24): view('home/index', [...])
 4 SYSTEMPATH\CodeIgniter.php(927): App\Controllers\Home->index()
 5 SYSTEMPATH\CodeIgniter.php(482): CodeIgniter\CodeIgniter->runController(Object(App\Controllers\Home))
 6 SYSTEMPATH\CodeIgniter.php(351): CodeIgniter\CodeIgniter->handleRequest(null, Object(Config\Cache), false)
 7 FCPATH\index.php(67): CodeIgniter\CodeIgniter->run()
CRITICAL - 2022-12-17 03:10:40 --> Undefined variable $data
in APPPATH\Views\home\index.php on line 43.
 1 APPPATH\Views\home\index.php(43): CodeIgniter\Debug\Exceptions->errorHandler(2, 'Undefined variable $data', 'APPPATH\\Views\\home\\index.php', 43)
 2 SYSTEMPATH\View\View.php(213): include('APPPATH\\Views\\home\\index.php')
 3 SYSTEMPATH\View\View.php(216): CodeIgniter\View\View->CodeIgniter\View\{closure}()
 4 SYSTEMPATH\Common.php(1134): CodeIgniter\View\View->render('home/index', [], true)
 5 APPPATH\Controllers\Home.php(24): view('home/index', [...])
 6 SYSTEMPATH\CodeIgniter.php(927): App\Controllers\Home->index()
 7 SYSTEMPATH\CodeIgniter.php(482): CodeIgniter\CodeIgniter->runController(Object(App\Controllers\Home))
 8 SYSTEMPATH\CodeIgniter.php(351): CodeIgniter\CodeIgniter->handleRequest(null, Object(Config\Cache), false)
 9 FCPATH\index.php(67): CodeIgniter\CodeIgniter->run()
CRITICAL - 2022-12-17 03:11:13 --> Undefined variable $data
in APPPATH\Views\home\index.php on line 43.
 1 APPPATH\Views\home\index.php(43): CodeIgniter\Debug\Exceptions->errorHandler(2, 'Undefined variable $data', 'APPPATH\\Views\\home\\index.php', 43)
 2 SYSTEMPATH\View\View.php(213): include('APPPATH\\Views\\home\\index.php')
 3 SYSTEMPATH\View\View.php(216): CodeIgniter\View\View->CodeIgniter\View\{closure}()
 4 SYSTEMPATH\Common.php(1134): CodeIgniter\View\View->render('home/index', [], true)
 5 APPPATH\Controllers\Home.php(24): view('home/index', [...])
 6 SYSTEMPATH\CodeIgniter.php(927): App\Controllers\Home->index()
 7 SYSTEMPATH\CodeIgniter.php(482): CodeIgniter\CodeIgniter->runController(Object(App\Controllers\Home))
 8 SYSTEMPATH\CodeIgniter.php(351): CodeIgniter\CodeIgniter->handleRequest(null, Object(Config\Cache), false)
 9 FCPATH\index.php(67): CodeIgniter\CodeIgniter->run()
CRITICAL - 2022-12-17 03:13:25 --> Call to undefined method CodeIgniter\Database\MySQLi\Result::result_array()
in APPPATH\Controllers\Home.php on line 20.
 1 SYSTEMPATH\CodeIgniter.php(927): App\Controllers\Home->index()
 2 SYSTEMPATH\CodeIgniter.php(482): CodeIgniter\CodeIgniter->runController(Object(App\Controllers\Home))
 3 SYSTEMPATH\CodeIgniter.php(351): CodeIgniter\CodeIgniter->handleRequest(null, Object(Config\Cache), false)
 4 FCPATH\index.php(67): CodeIgniter\CodeIgniter->run()
CRITICAL - 2022-12-17 03:15:08 --> Attempt to read property "id_buku" on array
in APPPATH\Views\home\index.php on line 43.
 1 APPPATH\Views\home\index.php(43): CodeIgniter\Debug\Exceptions->errorHandler(2, 'Attempt to read property "id_buku" on array', 'APPPATH\\Views\\home\\index.php', 43)
 2 SYSTEMPATH\View\View.php(213): include('APPPATH\\Views\\home\\index.php')
 3 SYSTEMPATH\View\View.php(216): CodeIgniter\View\View->CodeIgniter\View\{closure}()
 4 SYSTEMPATH\Common.php(1134): CodeIgniter\View\View->render('home/index', [], true)
 5 APPPATH\Controllers\Home.php(24): view('home/index', [...])
 6 SYSTEMPATH\CodeIgniter.php(927): App\Controllers\Home->index()
 7 SYSTEMPATH\CodeIgniter.php(482): CodeIgniter\CodeIgniter->runController(Object(App\Controllers\Home))
 8 SYSTEMPATH\CodeIgniter.php(351): CodeIgniter\CodeIgniter->handleRequest(null, Object(Config\Cache), false)
 9 FCPATH\index.php(67): CodeIgniter\CodeIgniter->run()
CRITICAL - 2022-12-17 03:15:37 --> Attempt to read property "id_buku" on array
in APPPATH\Views\home\index.php on line 44.
 1 APPPATH\Views\home\index.php(44): CodeIgniter\Debug\Exceptions->errorHandler(2, 'Attempt to read property "id_buku" on array', 'APPPATH\\Views\\home\\index.php', 44)
 2 SYSTEMPATH\View\View.php(213): include('APPPATH\\Views\\home\\index.php')
 3 SYSTEMPATH\View\View.php(216): CodeIgniter\View\View->CodeIgniter\View\{closure}()
 4 SYSTEMPATH\Common.php(1134): CodeIgniter\View\View->render('home/index', [], true)
 5 APPPATH\Controllers\Home.php(24): view('home/index', [...])
 6 SYSTEMPATH\CodeIgniter.php(927): App\Controllers\Home->index()
 7 SYSTEMPATH\CodeIgniter.php(482): CodeIgniter\CodeIgniter->runController(Object(App\Controllers\Home))
 8 SYSTEMPATH\CodeIgniter.php(351): CodeIgniter\CodeIgniter->handleRequest(null, Object(Config\Cache), false)
 9 FCPATH\index.php(67): CodeIgniter\CodeIgniter->run()
CRITICAL - 2022-12-17 03:16:04 --> Undefined array key "id_buku"
in APPPATH\Views\home\index.php on line 44.
 1 APPPATH\Views\home\index.php(44): CodeIgniter\Debug\Exceptions->errorHandler(2, 'Undefined array key "id_buku"', 'APPPATH\\Views\\home\\index.php', 44)
 2 SYSTEMPATH\View\View.php(213): include('APPPATH\\Views\\home\\index.php')
 3 SYSTEMPATH\View\View.php(216): CodeIgniter\View\View->CodeIgniter\View\{closure}()
 4 SYSTEMPATH\Common.php(1134): CodeIgniter\View\View->render('home/index', [], true)
 5 APPPATH\Controllers\Home.php(24): view('home/index', [...])
 6 SYSTEMPATH\CodeIgniter.php(927): App\Controllers\Home->index()
 7 SYSTEMPATH\CodeIgniter.php(482): CodeIgniter\CodeIgniter->runController(Object(App\Controllers\Home))
 8 SYSTEMPATH\CodeIgniter.php(351): CodeIgniter\CodeIgniter->handleRequest(null, Object(Config\Cache), false)
 9 FCPATH\index.php(67): CodeIgniter\CodeIgniter->run()
CRITICAL - 2022-12-17 03:16:48 --> Undefined variable $data
in APPPATH\Views\home\index.php on line 44.
 1 APPPATH\Views\home\index.php(44): CodeIgniter\Debug\Exceptions->errorHandler(2, 'Undefined variable $data', 'APPPATH\\Views\\home\\index.php', 44)
 2 SYSTEMPATH\View\View.php(213): include('APPPATH\\Views\\home\\index.php')
 3 SYSTEMPATH\View\View.php(216): CodeIgniter\View\View->CodeIgniter\View\{closure}()
 4 SYSTEMPATH\Common.php(1134): CodeIgniter\View\View->render('home/index', [], true)
 5 APPPATH\Controllers\Home.php(24): view('home/index', [...])
 6 SYSTEMPATH\CodeIgniter.php(927): App\Controllers\Home->index()
 7 SYSTEMPATH\CodeIgniter.php(482): CodeIgniter\CodeIgniter->runController(Object(App\Controllers\Home))
 8 SYSTEMPATH\CodeIgniter.php(351): CodeIgniter\CodeIgniter->handleRequest(null, Object(Config\Cache), false)
 9 FCPATH\index.php(67): CodeIgniter\CodeIgniter->run()
CRITICAL - 2022-12-17 03:33:55 --> Undefined variable $data
in APPPATH\Views\home\index.php on line 45.
 1 APPPATH\Views\home\index.php(45): CodeIgniter\Debug\Exceptions->errorHandler(2, 'Undefined variable $data', 'APPPATH\\Views\\home\\index.php', 45)
 2 SYSTEMPATH\View\View.php(213): include('APPPATH\\Views\\home\\index.php')
 3 SYSTEMPATH\View\View.php(216): CodeIgniter\View\View->CodeIgniter\View\{closure}()
 4 SYSTEMPATH\Common.php(1134): CodeIgniter\View\View->render('home/index', [], true)
 5 APPPATH\Controllers\Home.php(24): view('home/index', [...])
 6 SYSTEMPATH\CodeIgniter.php(927): App\Controllers\Home->index()
 7 SYSTEMPATH\CodeIgniter.php(482): CodeIgniter\CodeIgniter->runController(Object(App\Controllers\Home))
 8 SYSTEMPATH\CodeIgniter.php(351): CodeIgniter\CodeIgniter->handleRequest(null, Object(Config\Cache), false)
 9 FCPATH\index.php(67): CodeIgniter\CodeIgniter->run()
CRITICAL - 2022-12-17 03:34:43 --> Attempt to read property "id_buku" on array
in APPPATH\Views\home\index.php on line 45.
 1 APPPATH\Views\home\index.php(45): CodeIgniter\Debug\Exceptions->errorHandler(2, 'Attempt to read property "id_buku" on array', 'APPPATH\\Views\\home\\index.php', 45)
 2 SYSTEMPATH\View\View.php(213): include('APPPATH\\Views\\home\\index.php')
 3 SYSTEMPATH\View\View.php(216): CodeIgniter\View\View->CodeIgniter\View\{closure}()
 4 SYSTEMPATH\Common.php(1134): CodeIgniter\View\View->render('home/index', [], true)
 5 APPPATH\Controllers\Home.php(24): view('home/index', [...])
 6 SYSTEMPATH\CodeIgniter.php(927): App\Controllers\Home->index()
 7 SYSTEMPATH\CodeIgniter.php(482): CodeIgniter\CodeIgniter->runController(Object(App\Controllers\Home))
 8 SYSTEMPATH\CodeIgniter.php(351): CodeIgniter\CodeIgniter->handleRequest(null, Object(Config\Cache), false)
 9 FCPATH\index.php(67): CodeIgniter\CodeIgniter->run()
CRITICAL - 2022-12-17 03:39:06 --> Undefined array key 0
in APPPATH\Views\home\index.php on line 45.
 1 APPPATH\Views\home\index.php(45): CodeIgniter\Debug\Exceptions->errorHandler(2, 'Undefined array key 0', 'APPPATH\\Views\\home\\index.php', 45)
 2 SYSTEMPATH\View\View.php(213): include('APPPATH\\Views\\home\\index.php')
 3 SYSTEMPATH\View\View.php(216): CodeIgniter\View\View->CodeIgniter\View\{closure}()
 4 SYSTEMPATH\Common.php(1134): CodeIgniter\View\View->render('home/index', [], true)
 5 APPPATH\Controllers\Home.php(24): view('home/index', [...])
 6 SYSTEMPATH\CodeIgniter.php(927): App\Controllers\Home->index()
 7 SYSTEMPATH\CodeIgniter.php(482): CodeIgniter\CodeIgniter->runController(Object(App\Controllers\Home))
 8 SYSTEMPATH\CodeIgniter.php(351): CodeIgniter\CodeIgniter->handleRequest(null, Object(Config\Cache), false)
 9 FCPATH\index.php(67): CodeIgniter\CodeIgniter->run()
CRITICAL - 2022-12-17 03:39:33 --> Attempt to read property "id_buku" on array
in APPPATH\Views\home\index.php on line 45.
 1 APPPATH\Views\home\index.php(45): CodeIgniter\Debug\Exceptions->errorHandler(2, 'Attempt to read property "id_buku" on array', 'APPPATH\\Views\\home\\index.php', 45)
 2 SYSTEMPATH\View\View.php(213): include('APPPATH\\Views\\home\\index.php')
 3 SYSTEMPATH\View\View.php(216): CodeIgniter\View\View->CodeIgniter\View\{closure}()
 4 SYSTEMPATH\Common.php(1134): CodeIgniter\View\View->render('home/index', [], true)
 5 APPPATH\Controllers\Home.php(24): view('home/index', [...])
 6 SYSTEMPATH\CodeIgniter.php(927): App\Controllers\Home->index()
 7 SYSTEMPATH\CodeIgniter.php(482): CodeIgniter\CodeIgniter->runController(Object(App\Controllers\Home))
 8 SYSTEMPATH\CodeIgniter.php(351): CodeIgniter\CodeIgniter->handleRequest(null, Object(Config\Cache), false)
 9 FCPATH\index.php(67): CodeIgniter\CodeIgniter->run()
CRITICAL - 2022-12-17 03:40:46 --> Undefined variable $data
in APPPATH\Views\home\index.php on line 45.
 1 APPPATH\Views\home\index.php(45): CodeIgniter\Debug\Exceptions->errorHandler(2, 'Undefined variable $data', 'APPPATH\\Views\\home\\index.php', 45)
 2 SYSTEMPATH\View\View.php(213): include('APPPATH\\Views\\home\\index.php')
 3 SYSTEMPATH\View\View.php(216): CodeIgniter\View\View->CodeIgniter\View\{closure}()
 4 SYSTEMPATH\Common.php(1134): CodeIgniter\View\View->render('home/index', [], true)
 5 APPPATH\Controllers\Home.php(24): view('home/index', [...])
 6 SYSTEMPATH\CodeIgniter.php(927): App\Controllers\Home->index()
 7 SYSTEMPATH\CodeIgniter.php(482): CodeIgniter\CodeIgniter->runController(Object(App\Controllers\Home))
 8 SYSTEMPATH\CodeIgniter.php(351): CodeIgniter\CodeIgniter->handleRequest(null, Object(Config\Cache), false)
 9 FCPATH\index.php(67): CodeIgniter\CodeIgniter->run()
CRITICAL - 2022-12-17 03:41:33 --> Undefined array key 2
in APPPATH\Views\home\index.php on line 45.
 1 APPPATH\Views\home\index.php(45): CodeIgniter\Debug\Exceptions->errorHandler(2, 'Undefined array key 2', 'APPPATH\\Views\\home\\index.php', 45)
 2 SYSTEMPATH\View\View.php(213): include('APPPATH\\Views\\home\\index.php')
 3 SYSTEMPATH\View\View.php(216): CodeIgniter\View\View->CodeIgniter\View\{closure}()
 4 SYSTEMPATH\Common.php(1134): CodeIgniter\View\View->render('home/index', [], true)
 5 APPPATH\Controllers\Home.php(24): view('home/index', [...])
 6 SYSTEMPATH\CodeIgniter.php(927): App\Controllers\Home->index()
 7 SYSTEMPATH\CodeIgniter.php(482): CodeIgniter\CodeIgniter->runController(Object(App\Controllers\Home))
 8 SYSTEMPATH\CodeIgniter.php(351): CodeIgniter\CodeIgniter->handleRequest(null, Object(Config\Cache), false)
 9 FCPATH\index.php(67): CodeIgniter\CodeIgniter->run()
CRITICAL - 2022-12-17 03:43:17 --> Undefined array key 2
in APPPATH\Views\home\index.php on line 44.
 1 APPPATH\Views\home\index.php(44): CodeIgniter\Debug\Exceptions->errorHandler(2, 'Undefined array key 2', 'APPPATH\\Views\\home\\index.php', 44)
 2 SYSTEMPATH\View\View.php(213): include('APPPATH\\Views\\home\\index.php')
 3 SYSTEMPATH\View\View.php(216): CodeIgniter\View\View->CodeIgniter\View\{closure}()
 4 SYSTEMPATH\Common.php(1134): CodeIgniter\View\View->render('home/index', [], true)
 5 APPPATH\Controllers\Home.php(24): view('home/index', [...])
 6 SYSTEMPATH\CodeIgniter.php(927): App\Controllers\Home->index()
 7 SYSTEMPATH\CodeIgniter.php(482): CodeIgniter\CodeIgniter->runController(Object(App\Controllers\Home))
 8 SYSTEMPATH\CodeIgniter.php(351): CodeIgniter\CodeIgniter->handleRequest(null, Object(Config\Cache), false)
 9 FCPATH\index.php(67): CodeIgniter\CodeIgniter->run()
CRITICAL - 2022-12-17 03:47:38 --> Call to undefined method CodeIgniter\Database\MySQLi\Result::num_rows()
in APPPATH\Views\home\index.php on line 42.
 1 SYSTEMPATH\View\View.php(213): include()
 2 SYSTEMPATH\View\View.php(216): CodeIgniter\View\View->CodeIgniter\View\{closure}()
 3 SYSTEMPATH\Common.php(1134): CodeIgniter\View\View->render('home/index', [], true)
 4 APPPATH\Controllers\Home.php(24): view('home/index', [...])
 5 SYSTEMPATH\CodeIgniter.php(927): App\Controllers\Home->index()
 6 SYSTEMPATH\CodeIgniter.php(482): CodeIgniter\CodeIgniter->runController(Object(App\Controllers\Home))
 7 SYSTEMPATH\CodeIgniter.php(351): CodeIgniter\CodeIgniter->handleRequest(null, Object(Config\Cache), false)
 8 FCPATH\index.php(67): CodeIgniter\CodeIgniter->run()
CRITICAL - 2022-12-17 03:49:50 --> Call to undefined method CodeIgniter\Database\MySQLi\Result::countResultAll()
in APPPATH\Views\home\index.php on line 42.
 1 SYSTEMPATH\View\View.php(213): include()
 2 SYSTEMPATH\View\View.php(216): CodeIgniter\View\View->CodeIgniter\View\{closure}()
 3 SYSTEMPATH\Common.php(1134): CodeIgniter\View\View->render('home/index', [], true)
 4 APPPATH\Controllers\Home.php(24): view('home/index', [...])
 5 SYSTEMPATH\CodeIgniter.php(927): App\Controllers\Home->index()
 6 SYSTEMPATH\CodeIgniter.php(482): CodeIgniter\CodeIgniter->runController(Object(App\Controllers\Home))
 7 SYSTEMPATH\CodeIgniter.php(351): CodeIgniter\CodeIgniter->handleRequest(null, Object(Config\Cache), false)
 8 FCPATH\index.php(67): CodeIgniter\CodeIgniter->run()
CRITICAL - 2022-12-17 03:51:07 --> Attempt to read property "id_buku" on array
in APPPATH\Views\home\index.php on line 49.
 1 APPPATH\Views\home\index.php(49): CodeIgniter\Debug\Exceptions->errorHandler(2, 'Attempt to read property "id_buku" on array', 'APPPATH\\Views\\home\\index.php', 49)
 2 SYSTEMPATH\View\View.php(213): include('APPPATH\\Views\\home\\index.php')
 3 SYSTEMPATH\View\View.php(216): CodeIgniter\View\View->CodeIgniter\View\{closure}()
 4 SYSTEMPATH\Common.php(1134): CodeIgniter\View\View->render('home/index', [], true)
 5 APPPATH\Controllers\Home.php(24): view('home/index', [...])
 6 SYSTEMPATH\CodeIgniter.php(927): App\Controllers\Home->index()
 7 SYSTEMPATH\CodeIgniter.php(482): CodeIgniter\CodeIgniter->runController(Object(App\Controllers\Home))
 8 SYSTEMPATH\CodeIgniter.php(351): CodeIgniter\CodeIgniter->handleRequest(null, Object(Config\Cache), false)
 9 FCPATH\index.php(67): CodeIgniter\CodeIgniter->run()
CRITICAL - 2022-12-17 03:53:13 --> Undefined variable $data
in APPPATH\Views\home\index.php on line 49.
 1 APPPATH\Views\home\index.php(49): CodeIgniter\Debug\Exceptions->errorHandler(2, 'Undefined variable $data', 'APPPATH\\Views\\home\\index.php', 49)
 2 SYSTEMPATH\View\View.php(213): include('APPPATH\\Views\\home\\index.php')
 3 SYSTEMPATH\View\View.php(216): CodeIgniter\View\View->CodeIgniter\View\{closure}()
 4 SYSTEMPATH\Common.php(1134): CodeIgniter\View\View->render('home/index', [], true)
 5 APPPATH\Controllers\Home.php(24): view('home/index', [...])
 6 SYSTEMPATH\CodeIgniter.php(927): App\Controllers\Home->index()
 7 SYSTEMPATH\CodeIgniter.php(482): CodeIgniter\CodeIgniter->runController(Object(App\Controllers\Home))
 8 SYSTEMPATH\CodeIgniter.php(351): CodeIgniter\CodeIgniter->handleRequest(null, Object(Config\Cache), false)
 9 FCPATH\index.php(67): CodeIgniter\CodeIgniter->run()
CRITICAL - 2022-12-17 03:53:35 --> Undefined variable $data
in APPPATH\Views\home\index.php on line 46.
 1 APPPATH\Views\home\index.php(46): CodeIgniter\Debug\Exceptions->errorHandler(2, 'Undefined variable $data', 'APPPATH\\Views\\home\\index.php', 46)
 2 SYSTEMPATH\View\View.php(213): include('APPPATH\\Views\\home\\index.php')
 3 SYSTEMPATH\View\View.php(216): CodeIgniter\View\View->CodeIgniter\View\{closure}()
 4 SYSTEMPATH\Common.php(1134): CodeIgniter\View\View->render('home/index', [], true)
 5 APPPATH\Controllers\Home.php(24): view('home/index', [...])
 6 SYSTEMPATH\CodeIgniter.php(927): App\Controllers\Home->index()
 7 SYSTEMPATH\CodeIgniter.php(482): CodeIgniter\CodeIgniter->runController(Object(App\Controllers\Home))
 8 SYSTEMPATH\CodeIgniter.php(351): CodeIgniter\CodeIgniter->handleRequest(null, Object(Config\Cache), false)
 9 FCPATH\index.php(67): CodeIgniter\CodeIgniter->run()
CRITICAL - 2022-12-17 03:53:37 --> Undefined variable $data
in APPPATH\Views\home\index.php on line 46.
 1 APPPATH\Views\home\index.php(46): CodeIgniter\Debug\Exceptions->errorHandler(2, 'Undefined variable $data', 'APPPATH\\Views\\home\\index.php', 46)
 2 SYSTEMPATH\View\View.php(213): include('APPPATH\\Views\\home\\index.php')
 3 SYSTEMPATH\View\View.php(216): CodeIgniter\View\View->CodeIgniter\View\{closure}()
 4 SYSTEMPATH\Common.php(1134): CodeIgniter\View\View->render('home/index', [], true)
 5 APPPATH\Controllers\Home.php(24): view('home/index', [...])
 6 SYSTEMPATH\CodeIgniter.php(927): App\Controllers\Home->index()
 7 SYSTEMPATH\CodeIgniter.php(482): CodeIgniter\CodeIgniter->runController(Object(App\Controllers\Home))
 8 SYSTEMPATH\CodeIgniter.php(351): CodeIgniter\CodeIgniter->handleRequest(null, Object(Config\Cache), false)
 9 FCPATH\index.php(67): CodeIgniter\CodeIgniter->run()
CRITICAL - 2022-12-17 03:54:00 --> Undefined variable $data
in APPPATH\Views\home\index.php on line 46.
 1 APPPATH\Views\home\index.php(46): CodeIgniter\Debug\Exceptions->errorHandler(2, 'Undefined variable $data', 'APPPATH\\Views\\home\\index.php', 46)
 2 SYSTEMPATH\View\View.php(213): include('APPPATH\\Views\\home\\index.php')
 3 SYSTEMPATH\View\View.php(216): CodeIgniter\View\View->CodeIgniter\View\{closure}()
 4 SYSTEMPATH\Common.php(1134): CodeIgniter\View\View->render('home/index', [], true)
 5 APPPATH\Controllers\Home.php(24): view('home/index', [...])
 6 SYSTEMPATH\CodeIgniter.php(927): App\Controllers\Home->index()
 7 SYSTEMPATH\CodeIgniter.php(482): CodeIgniter\CodeIgniter->runController(Object(App\Controllers\Home))
 8 SYSTEMPATH\CodeIgniter.php(351): CodeIgniter\CodeIgniter->handleRequest(null, Object(Config\Cache), false)
 9 FCPATH\index.php(67): CodeIgniter\CodeIgniter->run()
CRITICAL - 2022-12-17 03:54:09 --> Attempt to read property "id_buku" on array
in APPPATH\Views\home\index.php on line 50.
 1 APPPATH\Views\home\index.php(50): CodeIgniter\Debug\Exceptions->errorHandler(2, 'Attempt to read property "id_buku" on array', 'APPPATH\\Views\\home\\index.php', 50)
 2 SYSTEMPATH\View\View.php(213): include('APPPATH\\Views\\home\\index.php')
 3 SYSTEMPATH\View\View.php(216): CodeIgniter\View\View->CodeIgniter\View\{closure}()
 4 SYSTEMPATH\Common.php(1134): CodeIgniter\View\View->render('home/index', [], true)
 5 APPPATH\Controllers\Home.php(24): view('home/index', [...])
 6 SYSTEMPATH\CodeIgniter.php(927): App\Controllers\Home->index()
 7 SYSTEMPATH\CodeIgniter.php(482): CodeIgniter\CodeIgniter->runController(Object(App\Controllers\Home))
 8 SYSTEMPATH\CodeIgniter.php(351): CodeIgniter\CodeIgniter->handleRequest(null, Object(Config\Cache), false)
 9 FCPATH\index.php(67): CodeIgniter\CodeIgniter->run()
CRITICAL - 2022-12-17 03:54:37 --> view(): Argument #2 ($data) must be of type array, CodeIgniter\Database\MySQLi\Result given, called in D:\Haruman\ci4\app\Controllers\Home.php on line 23
in SYSTEMPATH\Common.php on line 1120.
 1 APPPATH\Controllers\Home.php(23): view('home/index', Object(CodeIgniter\Database\MySQLi\Result))
 2 SYSTEMPATH\CodeIgniter.php(927): App\Controllers\Home->index()
 3 SYSTEMPATH\CodeIgniter.php(482): CodeIgniter\CodeIgniter->runController(Object(App\Controllers\Home))
 4 SYSTEMPATH\CodeIgniter.php(351): CodeIgniter\CodeIgniter->handleRequest(null, Object(Config\Cache), false)
 5 FCPATH\index.php(67): CodeIgniter\CodeIgniter->run()
CRITICAL - 2022-12-17 03:55:28 --> view(): Argument #2 ($data) must be of type array, CodeIgniter\Database\MySQLi\Result given, called in D:\Haruman\ci4\app\Controllers\Home.php on line 23
in SYSTEMPATH\Common.php on line 1120.
 1 APPPATH\Controllers\Home.php(23): view('home/index', Object(CodeIgniter\Database\MySQLi\Result))
 2 SYSTEMPATH\CodeIgniter.php(927): App\Controllers\Home->index()
 3 SYSTEMPATH\CodeIgniter.php(482): CodeIgniter\CodeIgniter->runController(Object(App\Controllers\Home))
 4 SYSTEMPATH\CodeIgniter.php(351): CodeIgniter\CodeIgniter->handleRequest(null, Object(Config\Cache), false)
 5 FCPATH\index.php(67): CodeIgniter\CodeIgniter->run()
CRITICAL - 2022-12-17 03:56:09 --> view(): Argument #2 ($data) must be of type array, CodeIgniter\Database\MySQLi\Result given, called in D:\Haruman\ci4\app\Controllers\Home.php on line 23
in SYSTEMPATH\Common.php on line 1120.
 1 APPPATH\Controllers\Home.php(23): view('home/index', Object(CodeIgniter\Database\MySQLi\Result))
 2 SYSTEMPATH\CodeIgniter.php(927): App\Controllers\Home->index()
 3 SYSTEMPATH\CodeIgniter.php(482): CodeIgniter\CodeIgniter->runController(Object(App\Controllers\Home))
 4 SYSTEMPATH\CodeIgniter.php(351): CodeIgniter\CodeIgniter->handleRequest(null, Object(Config\Cache), false)
 5 FCPATH\index.php(67): CodeIgniter\CodeIgniter->run()
CRITICAL - 2022-12-17 03:56:41 --> Unmatched '}'
in APPPATH\Views\home\index.php on line 48.
 1 SYSTEMPATH\View\View.php(216): CodeIgniter\View\View->CodeIgniter\View\{closure}()
 2 SYSTEMPATH\Common.php(1134): CodeIgniter\View\View->render('home/index', [], true)
 3 APPPATH\Controllers\Home.php(24): view('home/index', [...])
 4 SYSTEMPATH\CodeIgniter.php(927): App\Controllers\Home->index()
 5 SYSTEMPATH\CodeIgniter.php(482): CodeIgniter\CodeIgniter->runController(Object(App\Controllers\Home))
 6 SYSTEMPATH\CodeIgniter.php(351): CodeIgniter\CodeIgniter->handleRequest(null, Object(Config\Cache), false)
 7 FCPATH\index.php(67): CodeIgniter\CodeIgniter->run()
CRITICAL - 2022-12-17 04:00:34 --> Unmatched '}'
in APPPATH\Views\home\index.php on line 66.
 1 SYSTEMPATH\View\View.php(216): CodeIgniter\View\View->CodeIgniter\View\{closure}()
 2 SYSTEMPATH\Common.php(1134): CodeIgniter\View\View->render('home/index', [], true)
 3 APPPATH\Controllers\Home.php(24): view('home/index', [...])
 4 SYSTEMPATH\CodeIgniter.php(927): App\Controllers\Home->index()
 5 SYSTEMPATH\CodeIgniter.php(482): CodeIgniter\CodeIgniter->runController(Object(App\Controllers\Home))
 6 SYSTEMPATH\CodeIgniter.php(351): CodeIgniter\CodeIgniter->handleRequest(null, Object(Config\Cache), false)
 7 FCPATH\index.php(67): CodeIgniter\CodeIgniter->run()
CRITICAL - 2022-12-17 04:00:43 --> Attempt to read property "id_buku" on array
in APPPATH\Views\home\index.php on line 49.
 1 APPPATH\Views\home\index.php(49): CodeIgniter\Debug\Exceptions->errorHandler(2, 'Attempt to read property "id_buku" on array', 'APPPATH\\Views\\home\\index.php', 49)
 2 SYSTEMPATH\View\View.php(213): include('APPPATH\\Views\\home\\index.php')
 3 SYSTEMPATH\View\View.php(216): CodeIgniter\View\View->CodeIgniter\View\{closure}()
 4 SYSTEMPATH\Common.php(1134): CodeIgniter\View\View->render('home/index', [], true)
 5 APPPATH\Controllers\Home.php(24): view('home/index', [...])
 6 SYSTEMPATH\CodeIgniter.php(927): App\Controllers\Home->index()
 7 SYSTEMPATH\CodeIgniter.php(482): CodeIgniter\CodeIgniter->runController(Object(App\Controllers\Home))
 8 SYSTEMPATH\CodeIgniter.php(351): CodeIgniter\CodeIgniter->handleRequest(null, Object(Config\Cache), false)
 9 FCPATH\index.php(67): CodeIgniter\CodeIgniter->run()
CRITICAL - 2022-12-17 04:01:36 --> Attempt to read property "id_buku" on array
in APPPATH\Views\home\index.php on line 49.
 1 APPPATH\Views\home\index.php(49): CodeIgniter\Debug\Exceptions->errorHandler(2, 'Attempt to read property "id_buku" on array', 'APPPATH\\Views\\home\\index.php', 49)
 2 SYSTEMPATH\View\View.php(213): include('APPPATH\\Views\\home\\index.php')
 3 SYSTEMPATH\View\View.php(216): CodeIgniter\View\View->CodeIgniter\View\{closure}()
 4 SYSTEMPATH\Common.php(1134): CodeIgniter\View\View->render('home/index', [], true)
 5 APPPATH\Controllers\Home.php(24): view('home/index', [...])
 6 SYSTEMPATH\CodeIgniter.php(927): App\Controllers\Home->index()
 7 SYSTEMPATH\CodeIgniter.php(482): CodeIgniter\CodeIgniter->runController(Object(App\Controllers\Home))
 8 SYSTEMPATH\CodeIgniter.php(351): CodeIgniter\CodeIgniter->handleRequest(null, Object(Config\Cache), false)
 9 FCPATH\index.php(67): CodeIgniter\CodeIgniter->run()
CRITICAL - 2022-12-17 04:02:48 --> Undefined array key 0
in APPPATH\Views\home\index.php on line 49.
 1 APPPATH\Views\home\index.php(49): CodeIgniter\Debug\Exceptions->errorHandler(2, 'Undefined array key 0', 'APPPATH\\Views\\home\\index.php', 49)
 2 SYSTEMPATH\View\View.php(213): include('APPPATH\\Views\\home\\index.php')
 3 SYSTEMPATH\View\View.php(216): CodeIgniter\View\View->CodeIgniter\View\{closure}()
 4 SYSTEMPATH\Common.php(1134): CodeIgniter\View\View->render('home/index', [], true)
 5 APPPATH\Controllers\Home.php(24): view('home/index', [...])
 6 SYSTEMPATH\CodeIgniter.php(927): App\Controllers\Home->index()
 7 SYSTEMPATH\CodeIgniter.php(482): CodeIgniter\CodeIgniter->runController(Object(App\Controllers\Home))
 8 SYSTEMPATH\CodeIgniter.php(351): CodeIgniter\CodeIgniter->handleRequest(null, Object(Config\Cache), false)
 9 FCPATH\index.php(67): CodeIgniter\CodeIgniter->run()
CRITICAL - 2022-12-17 04:04:14 --> Call to undefined method CodeIgniter\Database\MySQLi\Builder::getResult()
in APPPATH\Controllers\Home.php on line 20.
 1 SYSTEMPATH\CodeIgniter.php(927): App\Controllers\Home->index()
 2 SYSTEMPATH\CodeIgniter.php(482): CodeIgniter\CodeIgniter->runController(Object(App\Controllers\Home))
 3 SYSTEMPATH\CodeIgniter.php(351): CodeIgniter\CodeIgniter->handleRequest(null, Object(Config\Cache), false)
 4 FCPATH\index.php(67): CodeIgniter\CodeIgniter->run()
CRITICAL - 2022-12-17 04:07:10 --> Call to undefined method CodeIgniter\Database\MySQLi\Builder::getResultArray()
in APPPATH\Controllers\Home.php on line 20.
 1 SYSTEMPATH\CodeIgniter.php(927): App\Controllers\Home->index()
 2 SYSTEMPATH\CodeIgniter.php(482): CodeIgniter\CodeIgniter->runController(Object(App\Controllers\Home))
 3 SYSTEMPATH\CodeIgniter.php(351): CodeIgniter\CodeIgniter->handleRequest(null, Object(Config\Cache), false)
 4 FCPATH\index.php(67): CodeIgniter\CodeIgniter->run()
CRITICAL - 2022-12-17 04:07:12 --> Call to undefined method CodeIgniter\Database\MySQLi\Builder::getResultArray()
in APPPATH\Controllers\Home.php on line 20.
 1 SYSTEMPATH\CodeIgniter.php(927): App\Controllers\Home->index()
 2 SYSTEMPATH\CodeIgniter.php(482): CodeIgniter\CodeIgniter->runController(Object(App\Controllers\Home))
 3 SYSTEMPATH\CodeIgniter.php(351): CodeIgniter\CodeIgniter->handleRequest(null, Object(Config\Cache), false)
 4 FCPATH\index.php(67): CodeIgniter\CodeIgniter->run()
CRITICAL - 2022-12-17 04:07:26 --> Undefined variable $i
in APPPATH\Views\home\index.php on line 52.
 1 APPPATH\Views\home\index.php(52): CodeIgniter\Debug\Exceptions->errorHandler(2, 'Undefined variable $i', 'APPPATH\\Views\\home\\index.php', 52)
 2 SYSTEMPATH\View\View.php(213): include('APPPATH\\Views\\home\\index.php')
 3 SYSTEMPATH\View\View.php(216): CodeIgniter\View\View->CodeIgniter\View\{closure}()
 4 SYSTEMPATH\Common.php(1134): CodeIgniter\View\View->render('home/index', [], true)
 5 APPPATH\Controllers\Home.php(25): view('home/index', [...])
 6 SYSTEMPATH\CodeIgniter.php(927): App\Controllers\Home->index()
 7 SYSTEMPATH\CodeIgniter.php(482): CodeIgniter\CodeIgniter->runController(Object(App\Controllers\Home))
 8 SYSTEMPATH\CodeIgniter.php(351): CodeIgniter\CodeIgniter->handleRequest(null, Object(Config\Cache), false)
 9 FCPATH\index.php(67): CodeIgniter\CodeIgniter->run()
CRITICAL - 2022-12-17 04:07:49 --> Undefined variable $buku
in APPPATH\Views\home\index.php on line 66.
 1 APPPATH\Views\home\index.php(66): CodeIgniter\Debug\Exceptions->errorHandler(2, 'Undefined variable $buku', 'APPPATH\\Views\\home\\index.php', 66)
 2 SYSTEMPATH\View\View.php(213): include('APPPATH\\Views\\home\\index.php')
 3 SYSTEMPATH\View\View.php(216): CodeIgniter\View\View->CodeIgniter\View\{closure}()
 4 SYSTEMPATH\Common.php(1134): CodeIgniter\View\View->render('home/index', [], true)
 5 APPPATH\Controllers\Home.php(25): view('home/index', [...])
 6 SYSTEMPATH\CodeIgniter.php(927): App\Controllers\Home->index()
 7 SYSTEMPATH\CodeIgniter.php(482): CodeIgniter\CodeIgniter->runController(Object(App\Controllers\Home))
 8 SYSTEMPATH\CodeIgniter.php(351): CodeIgniter\CodeIgniter->handleRequest(null, Object(Config\Cache), false)
 9 FCPATH\index.php(67): CodeIgniter\CodeIgniter->run()
