CRITICAL - 2022-12-05 10:17:52 --> The framework needs the following extension(s) installed and loaded: intl.
in SYSTEMPATH\CodeIgniter.php on line 224.
 1 SYSTEMPATH\CodeIgniter.php(224): CodeIgniter\Exceptions\FrameworkException::forMissingExtension('intl')
 2 SYSTEMPATH\CodeIgniter.php(182): CodeIgniter\CodeIgniter->resolvePlatformExtensions()
 3 ROOTPATH\spark(83): CodeIgniter\CodeIgniter->initialize()
CRITICAL - 2022-12-05 03:46:53 --> Undefined variable $data
in APPPATH\Views\auth\index.php on line 8.
 1 APPPATH\Views\auth\index.php(8): CodeIgniter\Debug\Exceptions->errorHandler(2, 'Undefined variable $data', 'APPPATH\\Views\\auth\\index.php', 8)
 2 SYSTEMPATH\View\View.php(213): include('APPPATH\\Views\\auth\\index.php')
 3 SYSTEMPATH\View\View.php(216): CodeIgniter\View\View->CodeIgniter\View\{closure}()
 4 SYSTEMPATH\Common.php(1134): CodeIgniter\View\View->render('auth/index', [], true)
 5 APPPATH\Controllers\Auth.php(24): view('auth/index', [...])
 6 SYSTEMPATH\CodeIgniter.php(927): App\Controllers\Auth->index()
 7 SYSTEMPATH\CodeIgniter.php(482): CodeIgniter\CodeIgniter->runController(Object(App\Controllers\Auth))
 8 SYSTEMPATH\CodeIgniter.php(351): CodeIgniter\CodeIgniter->handleRequest(null, Object(Config\Cache), false)
 9 FCPATH\index.php(67): CodeIgniter\CodeIgniter->run()
10 SYSTEMPATH\Commands\Server\rewrite.php(46): require_once('FCPATH\\index.php')
CRITICAL - 2022-12-05 03:47:19 --> Undefined variable $data
in APPPATH\Views\auth\index.php on line 8.
 1 APPPATH\Views\auth\index.php(8): CodeIgniter\Debug\Exceptions->errorHandler(2, 'Undefined variable $data', 'APPPATH\\Views\\auth\\index.php', 8)
 2 SYSTEMPATH\View\View.php(213): include('APPPATH\\Views\\auth\\index.php')
 3 SYSTEMPATH\View\View.php(216): CodeIgniter\View\View->CodeIgniter\View\{closure}()
 4 SYSTEMPATH\Common.php(1134): CodeIgniter\View\View->render('auth/index', [], true)
 5 APPPATH\Controllers\Auth.php(24): view('auth/index', [...])
 6 SYSTEMPATH\CodeIgniter.php(927): App\Controllers\Auth->index()
 7 SYSTEMPATH\CodeIgniter.php(482): CodeIgniter\CodeIgniter->runController(Object(App\Controllers\Auth))
 8 SYSTEMPATH\CodeIgniter.php(351): CodeIgniter\CodeIgniter->handleRequest(null, Object(Config\Cache), false)
 9 FCPATH\index.php(67): CodeIgniter\CodeIgniter->run()
10 SYSTEMPATH\Commands\Server\rewrite.php(46): require_once('FCPATH\\index.php')
CRITICAL - 2022-12-05 03:47:25 --> Undefined variable $data
in APPPATH\Views\auth\index.php on line 8.
 1 APPPATH\Views\auth\index.php(8): CodeIgniter\Debug\Exceptions->errorHandler(2, 'Undefined variable $data', 'APPPATH\\Views\\auth\\index.php', 8)
 2 SYSTEMPATH\View\View.php(213): include('APPPATH\\Views\\auth\\index.php')
 3 SYSTEMPATH\View\View.php(216): CodeIgniter\View\View->CodeIgniter\View\{closure}()
 4 SYSTEMPATH\Common.php(1134): CodeIgniter\View\View->render('auth/index', [], true)
 5 APPPATH\Controllers\Auth.php(24): view('auth/index', [...])
 6 SYSTEMPATH\CodeIgniter.php(927): App\Controllers\Auth->index()
 7 SYSTEMPATH\CodeIgniter.php(482): CodeIgniter\CodeIgniter->runController(Object(App\Controllers\Auth))
 8 SYSTEMPATH\CodeIgniter.php(351): CodeIgniter\CodeIgniter->handleRequest(null, Object(Config\Cache), false)
 9 FCPATH\index.php(67): CodeIgniter\CodeIgniter->run()
10 SYSTEMPATH\Commands\Server\rewrite.php(46): require_once('FCPATH\\index.php')
CRITICAL - 2022-12-05 03:48:47 --> Undefined variable $data
in APPPATH\Views\auth\index.php on line 8.
 1 APPPATH\Views\auth\index.php(8): CodeIgniter\Debug\Exceptions->errorHandler(2, 'Undefined variable $data', 'APPPATH\\Views\\auth\\index.php', 8)
 2 SYSTEMPATH\View\View.php(213): include('APPPATH\\Views\\auth\\index.php')
 3 SYSTEMPATH\View\View.php(216): CodeIgniter\View\View->CodeIgniter\View\{closure}()
 4 SYSTEMPATH\Common.php(1134): CodeIgniter\View\View->render('auth/index', [], true)
 5 APPPATH\Controllers\Auth.php(24): view('auth/index', [...])
 6 SYSTEMPATH\CodeIgniter.php(927): App\Controllers\Auth->index()
 7 SYSTEMPATH\CodeIgniter.php(482): CodeIgniter\CodeIgniter->runController(Object(App\Controllers\Auth))
 8 SYSTEMPATH\CodeIgniter.php(351): CodeIgniter\CodeIgniter->handleRequest(null, Object(Config\Cache), false)
 9 FCPATH\index.php(67): CodeIgniter\CodeIgniter->run()
10 SYSTEMPATH\Commands\Server\rewrite.php(46): require_once('FCPATH\\index.php')
CRITICAL - 2022-12-05 03:49:42 --> Undefined variable $data
in APPPATH\Views\auth\index.php on line 8.
 1 APPPATH\Views\auth\index.php(8): CodeIgniter\Debug\Exceptions->errorHandler(2, 'Undefined variable $data', 'APPPATH\\Views\\auth\\index.php', 8)
 2 SYSTEMPATH\View\View.php(213): include('APPPATH\\Views\\auth\\index.php')
 3 SYSTEMPATH\View\View.php(216): CodeIgniter\View\View->CodeIgniter\View\{closure}()
 4 SYSTEMPATH\Common.php(1134): CodeIgniter\View\View->render('auth/index', [], true)
 5 APPPATH\Controllers\Auth.php(24): view('auth/index', [...])
 6 SYSTEMPATH\CodeIgniter.php(927): App\Controllers\Auth->index()
 7 SYSTEMPATH\CodeIgniter.php(482): CodeIgniter\CodeIgniter->runController(Object(App\Controllers\Auth))
 8 SYSTEMPATH\CodeIgniter.php(351): CodeIgniter\CodeIgniter->handleRequest(null, Object(Config\Cache), false)
 9 FCPATH\index.php(67): CodeIgniter\CodeIgniter->run()
10 SYSTEMPATH\Commands\Server\rewrite.php(46): require_once('FCPATH\\index.php')
CRITICAL - 2022-12-05 03:49:42 --> Undefined variable $data
in APPPATH\Views\auth\index.php on line 8.
 1 APPPATH\Views\auth\index.php(8): CodeIgniter\Debug\Exceptions->errorHandler(2, 'Undefined variable $data', 'APPPATH\\Views\\auth\\index.php', 8)
 2 SYSTEMPATH\View\View.php(213): include('APPPATH\\Views\\auth\\index.php')
 3 SYSTEMPATH\View\View.php(216): CodeIgniter\View\View->CodeIgniter\View\{closure}()
 4 SYSTEMPATH\Common.php(1134): CodeIgniter\View\View->render('auth/index', [], true)
 5 APPPATH\Controllers\Auth.php(24): view('auth/index', [...])
 6 SYSTEMPATH\CodeIgniter.php(927): App\Controllers\Auth->index()
 7 SYSTEMPATH\CodeIgniter.php(482): CodeIgniter\CodeIgniter->runController(Object(App\Controllers\Auth))
 8 SYSTEMPATH\CodeIgniter.php(351): CodeIgniter\CodeIgniter->handleRequest(null, Object(Config\Cache), false)
 9 FCPATH\index.php(67): CodeIgniter\CodeIgniter->run()
10 SYSTEMPATH\Commands\Server\rewrite.php(46): require_once('FCPATH\\index.php')
CRITICAL - 2022-12-05 03:51:13 --> Undefined variable $data
in APPPATH\Views\auth\index.php on line 8.
 1 APPPATH\Views\auth\index.php(8): CodeIgniter\Debug\Exceptions->errorHandler(2, 'Undefined variable $data', 'APPPATH\\Views\\auth\\index.php', 8)
 2 SYSTEMPATH\View\View.php(213): include('APPPATH\\Views\\auth\\index.php')
 3 SYSTEMPATH\View\View.php(216): CodeIgniter\View\View->CodeIgniter\View\{closure}()
 4 SYSTEMPATH\Common.php(1134): CodeIgniter\View\View->render('auth/index', [], true)
 5 APPPATH\Controllers\Auth.php(24): view('auth/index', [...])
 6 SYSTEMPATH\CodeIgniter.php(927): App\Controllers\Auth->index()
 7 SYSTEMPATH\CodeIgniter.php(482): CodeIgniter\CodeIgniter->runController(Object(App\Controllers\Auth))
 8 SYSTEMPATH\CodeIgniter.php(351): CodeIgniter\CodeIgniter->handleRequest(null, Object(Config\Cache), false)
 9 FCPATH\index.php(67): CodeIgniter\CodeIgniter->run()
10 SYSTEMPATH\Commands\Server\rewrite.php(46): require_once('FCPATH\\index.php')
CRITICAL - 2022-12-05 03:51:25 --> Undefined variable $data
in APPPATH\Views\auth\index.php on line 8.
 1 APPPATH\Views\auth\index.php(8): CodeIgniter\Debug\Exceptions->errorHandler(2, 'Undefined variable $data', 'APPPATH\\Views\\auth\\index.php', 8)
 2 SYSTEMPATH\View\View.php(213): include('APPPATH\\Views\\auth\\index.php')
 3 SYSTEMPATH\View\View.php(216): CodeIgniter\View\View->CodeIgniter\View\{closure}()
 4 SYSTEMPATH\Common.php(1134): CodeIgniter\View\View->render('auth/index', [], true)
 5 APPPATH\Controllers\Auth.php(24): view('auth/index', [...])
 6 SYSTEMPATH\CodeIgniter.php(927): App\Controllers\Auth->index()
 7 SYSTEMPATH\CodeIgniter.php(482): CodeIgniter\CodeIgniter->runController(Object(App\Controllers\Auth))
 8 SYSTEMPATH\CodeIgniter.php(351): CodeIgniter\CodeIgniter->handleRequest(null, Object(Config\Cache), false)
 9 FCPATH\index.php(67): CodeIgniter\CodeIgniter->run()
10 SYSTEMPATH\Commands\Server\rewrite.php(46): require_once('FCPATH\\index.php')
CRITICAL - 2022-12-05 03:51:26 --> Undefined variable $data
in APPPATH\Views\auth\index.php on line 8.
 1 APPPATH\Views\auth\index.php(8): CodeIgniter\Debug\Exceptions->errorHandler(2, 'Undefined variable $data', 'APPPATH\\Views\\auth\\index.php', 8)
 2 SYSTEMPATH\View\View.php(213): include('APPPATH\\Views\\auth\\index.php')
 3 SYSTEMPATH\View\View.php(216): CodeIgniter\View\View->CodeIgniter\View\{closure}()
 4 SYSTEMPATH\Common.php(1134): CodeIgniter\View\View->render('auth/index', [], true)
 5 APPPATH\Controllers\Auth.php(24): view('auth/index', [...])
 6 SYSTEMPATH\CodeIgniter.php(927): App\Controllers\Auth->index()
 7 SYSTEMPATH\CodeIgniter.php(482): CodeIgniter\CodeIgniter->runController(Object(App\Controllers\Auth))
 8 SYSTEMPATH\CodeIgniter.php(351): CodeIgniter\CodeIgniter->handleRequest(null, Object(Config\Cache), false)
 9 FCPATH\index.php(67): CodeIgniter\CodeIgniter->run()
10 SYSTEMPATH\Commands\Server\rewrite.php(46): require_once('FCPATH\\index.php')
CRITICAL - 2022-12-05 03:51:26 --> Undefined variable $data
in APPPATH\Views\auth\index.php on line 8.
 1 APPPATH\Views\auth\index.php(8): CodeIgniter\Debug\Exceptions->errorHandler(2, 'Undefined variable $data', 'APPPATH\\Views\\auth\\index.php', 8)
 2 SYSTEMPATH\View\View.php(213): include('APPPATH\\Views\\auth\\index.php')
 3 SYSTEMPATH\View\View.php(216): CodeIgniter\View\View->CodeIgniter\View\{closure}()
 4 SYSTEMPATH\Common.php(1134): CodeIgniter\View\View->render('auth/index', [], true)
 5 APPPATH\Controllers\Auth.php(24): view('auth/index', [...])
 6 SYSTEMPATH\CodeIgniter.php(927): App\Controllers\Auth->index()
 7 SYSTEMPATH\CodeIgniter.php(482): CodeIgniter\CodeIgniter->runController(Object(App\Controllers\Auth))
 8 SYSTEMPATH\CodeIgniter.php(351): CodeIgniter\CodeIgniter->handleRequest(null, Object(Config\Cache), false)
 9 FCPATH\index.php(67): CodeIgniter\CodeIgniter->run()
10 SYSTEMPATH\Commands\Server\rewrite.php(46): require_once('FCPATH\\index.php')
CRITICAL - 2022-12-05 03:51:50 --> Undefined variable $data
in APPPATH\Views\auth\index.php on line 8.
 1 APPPATH\Views\auth\index.php(8): CodeIgniter\Debug\Exceptions->errorHandler(2, 'Undefined variable $data', 'APPPATH\\Views\\auth\\index.php', 8)
 2 SYSTEMPATH\View\View.php(213): include('APPPATH\\Views\\auth\\index.php')
 3 SYSTEMPATH\View\View.php(216): CodeIgniter\View\View->CodeIgniter\View\{closure}()
 4 SYSTEMPATH\Common.php(1134): CodeIgniter\View\View->render('auth/index', [], true)
 5 APPPATH\Controllers\Auth.php(24): view('auth/index', [...])
 6 SYSTEMPATH\CodeIgniter.php(927): App\Controllers\Auth->index()
 7 SYSTEMPATH\CodeIgniter.php(482): CodeIgniter\CodeIgniter->runController(Object(App\Controllers\Auth))
 8 SYSTEMPATH\CodeIgniter.php(351): CodeIgniter\CodeIgniter->handleRequest(null, Object(Config\Cache), false)
 9 FCPATH\index.php(67): CodeIgniter\CodeIgniter->run()
10 SYSTEMPATH\Commands\Server\rewrite.php(46): require_once('FCPATH\\index.php')
CRITICAL - 2022-12-05 03:51:51 --> Undefined variable $data
in APPPATH\Views\auth\index.php on line 8.
 1 APPPATH\Views\auth\index.php(8): CodeIgniter\Debug\Exceptions->errorHandler(2, 'Undefined variable $data', 'APPPATH\\Views\\auth\\index.php', 8)
 2 SYSTEMPATH\View\View.php(213): include('APPPATH\\Views\\auth\\index.php')
 3 SYSTEMPATH\View\View.php(216): CodeIgniter\View\View->CodeIgniter\View\{closure}()
 4 SYSTEMPATH\Common.php(1134): CodeIgniter\View\View->render('auth/index', [], true)
 5 APPPATH\Controllers\Auth.php(24): view('auth/index', [...])
 6 SYSTEMPATH\CodeIgniter.php(927): App\Controllers\Auth->index()
 7 SYSTEMPATH\CodeIgniter.php(482): CodeIgniter\CodeIgniter->runController(Object(App\Controllers\Auth))
 8 SYSTEMPATH\CodeIgniter.php(351): CodeIgniter\CodeIgniter->handleRequest(null, Object(Config\Cache), false)
 9 FCPATH\index.php(67): CodeIgniter\CodeIgniter->run()
10 SYSTEMPATH\Commands\Server\rewrite.php(46): require_once('FCPATH\\index.php')
CRITICAL - 2022-12-05 03:52:09 --> Undefined variable $data
in APPPATH\Views\auth\index.php on line 8.
 1 APPPATH\Views\auth\index.php(8): CodeIgniter\Debug\Exceptions->errorHandler(2, 'Undefined variable $data', 'APPPATH\\Views\\auth\\index.php', 8)
 2 SYSTEMPATH\View\View.php(213): include('APPPATH\\Views\\auth\\index.php')
 3 SYSTEMPATH\View\View.php(216): CodeIgniter\View\View->CodeIgniter\View\{closure}()
 4 SYSTEMPATH\Common.php(1134): CodeIgniter\View\View->render('auth/index', [], true)
 5 APPPATH\Controllers\Auth.php(24): view('auth/index', [...])
 6 SYSTEMPATH\CodeIgniter.php(927): App\Controllers\Auth->index()
 7 SYSTEMPATH\CodeIgniter.php(482): CodeIgniter\CodeIgniter->runController(Object(App\Controllers\Auth))
 8 SYSTEMPATH\CodeIgniter.php(351): CodeIgniter\CodeIgniter->handleRequest(null, Object(Config\Cache), false)
 9 FCPATH\index.php(67): CodeIgniter\CodeIgniter->run()
10 SYSTEMPATH\Commands\Server\rewrite.php(46): require_once('FCPATH\\index.php')
CRITICAL - 2022-12-05 03:52:57 --> Undefined variable $data
in APPPATH\Views\auth\index.php on line 8.
 1 APPPATH\Views\auth\index.php(8): CodeIgniter\Debug\Exceptions->errorHandler(2, 'Undefined variable $data', 'APPPATH\\Views\\auth\\index.php', 8)
 2 SYSTEMPATH\View\View.php(213): include('APPPATH\\Views\\auth\\index.php')
 3 SYSTEMPATH\View\View.php(216): CodeIgniter\View\View->CodeIgniter\View\{closure}()
 4 SYSTEMPATH\Common.php(1134): CodeIgniter\View\View->render('auth/index', [], true)
 5 APPPATH\Controllers\Auth.php(24): view('auth/index', [...])
 6 SYSTEMPATH\CodeIgniter.php(927): App\Controllers\Auth->index()
 7 SYSTEMPATH\CodeIgniter.php(482): CodeIgniter\CodeIgniter->runController(Object(App\Controllers\Auth))
 8 SYSTEMPATH\CodeIgniter.php(351): CodeIgniter\CodeIgniter->handleRequest(null, Object(Config\Cache), false)
 9 FCPATH\index.php(67): CodeIgniter\CodeIgniter->run()
10 SYSTEMPATH\Commands\Server\rewrite.php(46): require_once('FCPATH\\index.php')
CRITICAL - 2022-12-05 03:52:58 --> Undefined variable $data
in APPPATH\Views\auth\index.php on line 8.
 1 APPPATH\Views\auth\index.php(8): CodeIgniter\Debug\Exceptions->errorHandler(2, 'Undefined variable $data', 'APPPATH\\Views\\auth\\index.php', 8)
 2 SYSTEMPATH\View\View.php(213): include('APPPATH\\Views\\auth\\index.php')
 3 SYSTEMPATH\View\View.php(216): CodeIgniter\View\View->CodeIgniter\View\{closure}()
 4 SYSTEMPATH\Common.php(1134): CodeIgniter\View\View->render('auth/index', [], true)
 5 APPPATH\Controllers\Auth.php(24): view('auth/index', [...])
 6 SYSTEMPATH\CodeIgniter.php(927): App\Controllers\Auth->index()
 7 SYSTEMPATH\CodeIgniter.php(482): CodeIgniter\CodeIgniter->runController(Object(App\Controllers\Auth))
 8 SYSTEMPATH\CodeIgniter.php(351): CodeIgniter\CodeIgniter->handleRequest(null, Object(Config\Cache), false)
 9 FCPATH\index.php(67): CodeIgniter\CodeIgniter->run()
10 SYSTEMPATH\Commands\Server\rewrite.php(46): require_once('FCPATH\\index.php')
CRITICAL - 2022-12-05 03:53:28 --> Undefined variable $data
in APPPATH\Views\auth\index.php on line 8.
 1 APPPATH\Views\auth\index.php(8): CodeIgniter\Debug\Exceptions->errorHandler(2, 'Undefined variable $data', 'APPPATH\\Views\\auth\\index.php', 8)
 2 SYSTEMPATH\View\View.php(213): include('APPPATH\\Views\\auth\\index.php')
 3 SYSTEMPATH\View\View.php(216): CodeIgniter\View\View->CodeIgniter\View\{closure}()
 4 SYSTEMPATH\Common.php(1134): CodeIgniter\View\View->render('auth/index', [], true)
 5 APPPATH\Controllers\Auth.php(24): view('auth/index', [...])
 6 SYSTEMPATH\CodeIgniter.php(927): App\Controllers\Auth->index()
 7 SYSTEMPATH\CodeIgniter.php(482): CodeIgniter\CodeIgniter->runController(Object(App\Controllers\Auth))
 8 SYSTEMPATH\CodeIgniter.php(351): CodeIgniter\CodeIgniter->handleRequest(null, Object(Config\Cache), false)
 9 FCPATH\index.php(67): CodeIgniter\CodeIgniter->run()
10 SYSTEMPATH\Commands\Server\rewrite.php(46): require_once('FCPATH\\index.php')
CRITICAL - 2022-12-05 03:53:28 --> Undefined variable $data
in APPPATH\Views\auth\index.php on line 8.
 1 APPPATH\Views\auth\index.php(8): CodeIgniter\Debug\Exceptions->errorHandler(2, 'Undefined variable $data', 'APPPATH\\Views\\auth\\index.php', 8)
 2 SYSTEMPATH\View\View.php(213): include('APPPATH\\Views\\auth\\index.php')
 3 SYSTEMPATH\View\View.php(216): CodeIgniter\View\View->CodeIgniter\View\{closure}()
 4 SYSTEMPATH\Common.php(1134): CodeIgniter\View\View->render('auth/index', [], true)
 5 APPPATH\Controllers\Auth.php(24): view('auth/index', [...])
 6 SYSTEMPATH\CodeIgniter.php(927): App\Controllers\Auth->index()
 7 SYSTEMPATH\CodeIgniter.php(482): CodeIgniter\CodeIgniter->runController(Object(App\Controllers\Auth))
 8 SYSTEMPATH\CodeIgniter.php(351): CodeIgniter\CodeIgniter->handleRequest(null, Object(Config\Cache), false)
 9 FCPATH\index.php(67): CodeIgniter\CodeIgniter->run()
10 SYSTEMPATH\Commands\Server\rewrite.php(46): require_once('FCPATH\\index.php')
CRITICAL - 2022-12-05 03:55:45 --> Undefined variable $data
in APPPATH\Views\auth\index.php on line 8.
 1 APPPATH\Views\auth\index.php(8): CodeIgniter\Debug\Exceptions->errorHandler(2, 'Undefined variable $data', 'APPPATH\\Views\\auth\\index.php', 8)
 2 SYSTEMPATH\View\View.php(213): include('APPPATH\\Views\\auth\\index.php')
 3 SYSTEMPATH\View\View.php(216): CodeIgniter\View\View->CodeIgniter\View\{closure}()
 4 SYSTEMPATH\Common.php(1134): CodeIgniter\View\View->render('auth/index', [], true)
 5 APPPATH\Controllers\Auth.php(24): view('auth/index', [...])
 6 SYSTEMPATH\CodeIgniter.php(927): App\Controllers\Auth->index()
 7 SYSTEMPATH\CodeIgniter.php(482): CodeIgniter\CodeIgniter->runController(Object(App\Controllers\Auth))
 8 SYSTEMPATH\CodeIgniter.php(351): CodeIgniter\CodeIgniter->handleRequest(null, Object(Config\Cache), false)
 9 FCPATH\index.php(67): CodeIgniter\CodeIgniter->run()
10 SYSTEMPATH\Commands\Server\rewrite.php(46): require_once('FCPATH\\index.php')
CRITICAL - 2022-12-05 03:55:46 --> Undefined variable $data
in APPPATH\Views\auth\index.php on line 8.
 1 APPPATH\Views\auth\index.php(8): CodeIgniter\Debug\Exceptions->errorHandler(2, 'Undefined variable $data', 'APPPATH\\Views\\auth\\index.php', 8)
 2 SYSTEMPATH\View\View.php(213): include('APPPATH\\Views\\auth\\index.php')
 3 SYSTEMPATH\View\View.php(216): CodeIgniter\View\View->CodeIgniter\View\{closure}()
 4 SYSTEMPATH\Common.php(1134): CodeIgniter\View\View->render('auth/index', [], true)
 5 APPPATH\Controllers\Auth.php(24): view('auth/index', [...])
 6 SYSTEMPATH\CodeIgniter.php(927): App\Controllers\Auth->index()
 7 SYSTEMPATH\CodeIgniter.php(482): CodeIgniter\CodeIgniter->runController(Object(App\Controllers\Auth))
 8 SYSTEMPATH\CodeIgniter.php(351): CodeIgniter\CodeIgniter->handleRequest(null, Object(Config\Cache), false)
 9 FCPATH\index.php(67): CodeIgniter\CodeIgniter->run()
10 SYSTEMPATH\Commands\Server\rewrite.php(46): require_once('FCPATH\\index.php')
CRITICAL - 2022-12-05 03:56:06 --> Undefined variable $data
in APPPATH\Views\auth\index.php on line 8.
 1 APPPATH\Views\auth\index.php(8): CodeIgniter\Debug\Exceptions->errorHandler(2, 'Undefined variable $data', 'APPPATH\\Views\\auth\\index.php', 8)
 2 SYSTEMPATH\View\View.php(213): include('APPPATH\\Views\\auth\\index.php')
 3 SYSTEMPATH\View\View.php(216): CodeIgniter\View\View->CodeIgniter\View\{closure}()
 4 SYSTEMPATH\Common.php(1134): CodeIgniter\View\View->render('auth/index', [], true)
 5 APPPATH\Controllers\Auth.php(24): view('auth/index', [...])
 6 SYSTEMPATH\CodeIgniter.php(927): App\Controllers\Auth->index()
 7 SYSTEMPATH\CodeIgniter.php(482): CodeIgniter\CodeIgniter->runController(Object(App\Controllers\Auth))
 8 SYSTEMPATH\CodeIgniter.php(351): CodeIgniter\CodeIgniter->handleRequest(null, Object(Config\Cache), false)
 9 FCPATH\index.php(67): CodeIgniter\CodeIgniter->run()
10 SYSTEMPATH\Commands\Server\rewrite.php(46): require_once('FCPATH\\index.php')
CRITICAL - 2022-12-05 03:58:46 --> Undefined variable $data
in APPPATH\Views\auth\index.php on line 8.
 1 APPPATH\Views\auth\index.php(8): CodeIgniter\Debug\Exceptions->errorHandler(2, 'Undefined variable $data', 'APPPATH\\Views\\auth\\index.php', 8)
 2 SYSTEMPATH\View\View.php(213): include('APPPATH\\Views\\auth\\index.php')
 3 SYSTEMPATH\View\View.php(216): CodeIgniter\View\View->CodeIgniter\View\{closure}()
 4 SYSTEMPATH\Common.php(1134): CodeIgniter\View\View->render('auth/index', [], true)
 5 APPPATH\Controllers\Auth.php(24): view('auth/index', [...])
 6 SYSTEMPATH\CodeIgniter.php(927): App\Controllers\Auth->index()
 7 SYSTEMPATH\CodeIgniter.php(482): CodeIgniter\CodeIgniter->runController(Object(App\Controllers\Auth))
 8 SYSTEMPATH\CodeIgniter.php(351): CodeIgniter\CodeIgniter->handleRequest(null, Object(Config\Cache), false)
 9 FCPATH\index.php(67): CodeIgniter\CodeIgniter->run()
10 SYSTEMPATH\Commands\Server\rewrite.php(46): require_once('FCPATH\\index.php')
CRITICAL - 2022-12-05 07:23:12 --> Undefined variable $data
in APPPATH\Views\auth\index.php on line 8.
 1 APPPATH\Views\auth\index.php(8): CodeIgniter\Debug\Exceptions->errorHandler(2, 'Undefined variable $data', 'APPPATH\\Views\\auth\\index.php', 8)
 2 SYSTEMPATH\View\View.php(213): include('APPPATH\\Views\\auth\\index.php')
 3 SYSTEMPATH\View\View.php(216): CodeIgniter\View\View->CodeIgniter\View\{closure}()
 4 SYSTEMPATH\Common.php(1134): CodeIgniter\View\View->render('auth/index', [], true)
 5 APPPATH\Controllers\Auth.php(24): view('auth/index', [...])
 6 SYSTEMPATH\CodeIgniter.php(927): App\Controllers\Auth->index()
 7 SYSTEMPATH\CodeIgniter.php(482): CodeIgniter\CodeIgniter->runController(Object(App\Controllers\Auth))
 8 SYSTEMPATH\CodeIgniter.php(351): CodeIgniter\CodeIgniter->handleRequest(null, Object(Config\Cache), false)
 9 FCPATH\index.php(67): CodeIgniter\CodeIgniter->run()
10 SYSTEMPATH\Commands\Server\rewrite.php(46): require_once('FCPATH\\index.php')
ERROR - 2022-12-05 07:30:49 --> Error connecting to the database: mysqli_sql_exception: Access denied for user ''@'localhost' (using password: NO) in D:\Haruman\ci4\system\Database\MySQLi\Connection.php:171
Stack trace:
#0 D:\Haruman\ci4\system\Database\MySQLi\Connection.php(171): mysqli->real_connect('localhost', '', '', '', 3306, '', 0)
#1 D:\Haruman\ci4\system\Database\BaseConnection.php(382): CodeIgniter\Database\MySQLi\Connection->connect(false)
#2 D:\Haruman\ci4\system\Database\BaseConnection.php(561): CodeIgniter\Database\BaseConnection->initialize()
#3 D:\Haruman\ci4\system\Database\BaseBuilder.php(1585): CodeIgniter\Database\BaseConnection->query('SELECT *\nFROM `...', Array, false)
#4 D:\Haruman\ci4\app\Models\AuthModel.php(45): CodeIgniter\Database\BaseBuilder->get()
#5 D:\Haruman\ci4\app\Controllers\Auth.php(23): App\Models\AuthModel->tampilAnggota()
#6 D:\Haruman\ci4\system\CodeIgniter.php(927): App\Controllers\Auth->index()
#7 D:\Haruman\ci4\system\CodeIgniter.php(482): CodeIgniter\CodeIgniter->runController(Object(App\Controllers\Auth))
#8 D:\Haruman\ci4\system\CodeIgniter.php(351): CodeIgniter\CodeIgniter->handleRequest(NULL, Object(Config\Cache), false)
#9 D:\Haruman\ci4\public\index.php(67): CodeIgniter\CodeIgniter->run()
#10 D:\Haruman\ci4\system\Commands\Server\rewrite.php(46): require_once('D:\\Haruman\\ci4\\...')
#11 {main}

Next CodeIgniter\Database\Exceptions\DatabaseException: Access denied for user ''@'localhost' (using password: NO) in D:\Haruman\ci4\system\Database\MySQLi\Connection.php:215
Stack trace:
#0 D:\Haruman\ci4\system\Database\BaseConnection.php(382): CodeIgniter\Database\MySQLi\Connection->connect(false)
#1 D:\Haruman\ci4\system\Database\BaseConnection.php(561): CodeIgniter\Database\BaseConnection->initialize()
#2 D:\Haruman\ci4\system\Database\BaseBuilder.php(1585): CodeIgniter\Database\BaseConnection->query('SELECT *\nFROM `...', Array, false)
#3 D:\Haruman\ci4\app\Models\AuthModel.php(45): CodeIgniter\Database\BaseBuilder->get()
#4 D:\Haruman\ci4\app\Controllers\Auth.php(23): App\Models\AuthModel->tampilAnggota()
#5 D:\Haruman\ci4\system\CodeIgniter.php(927): App\Controllers\Auth->index()
#6 D:\Haruman\ci4\system\CodeIgniter.php(482): CodeIgniter\CodeIgniter->runController(Object(App\Controllers\Auth))
#7 D:\Haruman\ci4\system\CodeIgniter.php(351): CodeIgniter\CodeIgniter->handleRequest(NULL, Object(Config\Cache), false)
#8 D:\Haruman\ci4\public\index.php(67): CodeIgniter\CodeIgniter->run()
#9 D:\Haruman\ci4\system\Commands\Server\rewrite.php(46): require_once('D:\\Haruman\\ci4\\...')
#10 {main}
CRITICAL - 2022-12-05 07:30:49 --> Unable to connect to the database.
Main connection [MySQLi]: Access denied for user ''@'localhost' (using password: NO)
in SYSTEMPATH\Database\BaseConnection.php on line 418.
 1 SYSTEMPATH\Database\BaseConnection.php(561): CodeIgniter\Database\BaseConnection->initialize()
 2 SYSTEMPATH\Database\BaseBuilder.php(1585): CodeIgniter\Database\BaseConnection->query('SELECT *
FROM `user`', [], false)
 3 APPPATH\Models\AuthModel.php(45): CodeIgniter\Database\BaseBuilder->get()
 4 APPPATH\Controllers\Auth.php(23): App\Models\AuthModel->tampilAnggota()
 5 SYSTEMPATH\CodeIgniter.php(927): App\Controllers\Auth->index()
 6 SYSTEMPATH\CodeIgniter.php(482): CodeIgniter\CodeIgniter->runController(Object(App\Controllers\Auth))
 7 SYSTEMPATH\CodeIgniter.php(351): CodeIgniter\CodeIgniter->handleRequest(null, Object(Config\Cache), false)
 8 FCPATH\index.php(67): CodeIgniter\CodeIgniter->run()
 9 SYSTEMPATH\Commands\Server\rewrite.php(46): require_once('FCPATH\\index.php')
ERROR - 2022-12-05 07:31:47 --> Error connecting to the database: mysqli_sql_exception: Access denied for user ''@'localhost' (using password: NO) in D:\Haruman\ci4\system\Database\MySQLi\Connection.php:171
Stack trace:
#0 D:\Haruman\ci4\system\Database\MySQLi\Connection.php(171): mysqli->real_connect('localhost', '', '', '', 3306, '', 0)
#1 D:\Haruman\ci4\system\Database\BaseConnection.php(382): CodeIgniter\Database\MySQLi\Connection->connect(false)
#2 D:\Haruman\ci4\system\Database\BaseConnection.php(561): CodeIgniter\Database\BaseConnection->initialize()
#3 D:\Haruman\ci4\system\Database\BaseBuilder.php(1585): CodeIgniter\Database\BaseConnection->query('SELECT *\nFROM `...', Array, false)
#4 D:\Haruman\ci4\app\Models\AuthModel.php(45): CodeIgniter\Database\BaseBuilder->get()
#5 D:\Haruman\ci4\app\Controllers\Auth.php(23): App\Models\AuthModel->tampilAnggota()
#6 D:\Haruman\ci4\system\CodeIgniter.php(927): App\Controllers\Auth->index()
#7 D:\Haruman\ci4\system\CodeIgniter.php(482): CodeIgniter\CodeIgniter->runController(Object(App\Controllers\Auth))
#8 D:\Haruman\ci4\system\CodeIgniter.php(351): CodeIgniter\CodeIgniter->handleRequest(NULL, Object(Config\Cache), false)
#9 D:\Haruman\ci4\public\index.php(67): CodeIgniter\CodeIgniter->run()
#10 D:\Haruman\ci4\system\Commands\Server\rewrite.php(46): require_once('D:\\Haruman\\ci4\\...')
#11 {main}

Next CodeIgniter\Database\Exceptions\DatabaseException: Access denied for user ''@'localhost' (using password: NO) in D:\Haruman\ci4\system\Database\MySQLi\Connection.php:215
Stack trace:
#0 D:\Haruman\ci4\system\Database\BaseConnection.php(382): CodeIgniter\Database\MySQLi\Connection->connect(false)
#1 D:\Haruman\ci4\system\Database\BaseConnection.php(561): CodeIgniter\Database\BaseConnection->initialize()
#2 D:\Haruman\ci4\system\Database\BaseBuilder.php(1585): CodeIgniter\Database\BaseConnection->query('SELECT *\nFROM `...', Array, false)
#3 D:\Haruman\ci4\app\Models\AuthModel.php(45): CodeIgniter\Database\BaseBuilder->get()
#4 D:\Haruman\ci4\app\Controllers\Auth.php(23): App\Models\AuthModel->tampilAnggota()
#5 D:\Haruman\ci4\system\CodeIgniter.php(927): App\Controllers\Auth->index()
#6 D:\Haruman\ci4\system\CodeIgniter.php(482): CodeIgniter\CodeIgniter->runController(Object(App\Controllers\Auth))
#7 D:\Haruman\ci4\system\CodeIgniter.php(351): CodeIgniter\CodeIgniter->handleRequest(NULL, Object(Config\Cache), false)
#8 D:\Haruman\ci4\public\index.php(67): CodeIgniter\CodeIgniter->run()
#9 D:\Haruman\ci4\system\Commands\Server\rewrite.php(46): require_once('D:\\Haruman\\ci4\\...')
#10 {main}
CRITICAL - 2022-12-05 07:31:47 --> Unable to connect to the database.
Main connection [MySQLi]: Access denied for user ''@'localhost' (using password: NO)
in SYSTEMPATH\Database\BaseConnection.php on line 418.
 1 SYSTEMPATH\Database\BaseConnection.php(561): CodeIgniter\Database\BaseConnection->initialize()
 2 SYSTEMPATH\Database\BaseBuilder.php(1585): CodeIgniter\Database\BaseConnection->query('SELECT *
FROM `user`', [], false)
 3 APPPATH\Models\AuthModel.php(45): CodeIgniter\Database\BaseBuilder->get()
 4 APPPATH\Controllers\Auth.php(23): App\Models\AuthModel->tampilAnggota()
 5 SYSTEMPATH\CodeIgniter.php(927): App\Controllers\Auth->index()
 6 SYSTEMPATH\CodeIgniter.php(482): CodeIgniter\CodeIgniter->runController(Object(App\Controllers\Auth))
 7 SYSTEMPATH\CodeIgniter.php(351): CodeIgniter\CodeIgniter->handleRequest(null, Object(Config\Cache), false)
 8 FCPATH\index.php(67): CodeIgniter\CodeIgniter->run()
 9 SYSTEMPATH\Commands\Server\rewrite.php(46): require_once('FCPATH\\index.php')
ERROR - 2022-12-05 07:33:34 --> Error connecting to the database: mysqli_sql_exception: Access denied for user 'stylecod_haruman'@'localhost' (using password: YES) in D:\Haruman\ci4\system\Database\MySQLi\Connection.php:171
Stack trace:
#0 D:\Haruman\ci4\system\Database\MySQLi\Connection.php(171): mysqli->real_connect('localhost', 'stylecod_haruma...', 'haruman1234', 'stylecod_elib', 3306, '', 0)
#1 D:\Haruman\ci4\system\Database\BaseConnection.php(382): CodeIgniter\Database\MySQLi\Connection->connect(false)
#2 D:\Haruman\ci4\system\Database\BaseConnection.php(561): CodeIgniter\Database\BaseConnection->initialize()
#3 D:\Haruman\ci4\system\Database\BaseBuilder.php(1585): CodeIgniter\Database\BaseConnection->query('SELECT *\nFROM `...', Array, false)
#4 D:\Haruman\ci4\app\Models\AuthModel.php(45): CodeIgniter\Database\BaseBuilder->get()
#5 D:\Haruman\ci4\app\Controllers\Auth.php(23): App\Models\AuthModel->tampilAnggota()
#6 D:\Haruman\ci4\system\CodeIgniter.php(927): App\Controllers\Auth->index()
#7 D:\Haruman\ci4\system\CodeIgniter.php(482): CodeIgniter\CodeIgniter->runController(Object(App\Controllers\Auth))
#8 D:\Haruman\ci4\system\CodeIgniter.php(351): CodeIgniter\CodeIgniter->handleRequest(NULL, Object(Config\Cache), false)
#9 D:\Haruman\ci4\public\index.php(67): CodeIgniter\CodeIgniter->run()
#10 D:\Haruman\ci4\system\Commands\Server\rewrite.php(46): require_once('D:\\Haruman\\ci4\\...')
#11 {main}

Next CodeIgniter\Database\Exceptions\DatabaseException: Access denied for user '****'@'localhost' (using password: YES) in D:\Haruman\ci4\system\Database\MySQLi\Connection.php:215
Stack trace:
#0 D:\Haruman\ci4\system\Database\BaseConnection.php(382): CodeIgniter\Database\MySQLi\Connection->connect(false)
#1 D:\Haruman\ci4\system\Database\BaseConnection.php(561): CodeIgniter\Database\BaseConnection->initialize()
#2 D:\Haruman\ci4\system\Database\BaseBuilder.php(1585): CodeIgniter\Database\BaseConnection->query('SELECT *\nFROM `...', Array, false)
#3 D:\Haruman\ci4\app\Models\AuthModel.php(45): CodeIgniter\Database\BaseBuilder->get()
#4 D:\Haruman\ci4\app\Controllers\Auth.php(23): App\Models\AuthModel->tampilAnggota()
#5 D:\Haruman\ci4\system\CodeIgniter.php(927): App\Controllers\Auth->index()
#6 D:\Haruman\ci4\system\CodeIgniter.php(482): CodeIgniter\CodeIgniter->runController(Object(App\Controllers\Auth))
#7 D:\Haruman\ci4\system\CodeIgniter.php(351): CodeIgniter\CodeIgniter->handleRequest(NULL, Object(Config\Cache), false)
#8 D:\Haruman\ci4\public\index.php(67): CodeIgniter\CodeIgniter->run()
#9 D:\Haruman\ci4\system\Commands\Server\rewrite.php(46): require_once('D:\\Haruman\\ci4\\...')
#10 {main}
CRITICAL - 2022-12-05 07:33:34 --> Unable to connect to the database.
Main connection [MySQLi]: Access denied for user '****'@'localhost' (using password: YES)
in SYSTEMPATH\Database\BaseConnection.php on line 418.
 1 SYSTEMPATH\Database\BaseConnection.php(561): CodeIgniter\Database\BaseConnection->initialize()
 2 SYSTEMPATH\Database\BaseBuilder.php(1585): CodeIgniter\Database\BaseConnection->query('SELECT *
FROM `user`', [], false)
 3 APPPATH\Models\AuthModel.php(45): CodeIgniter\Database\BaseBuilder->get()
 4 APPPATH\Controllers\Auth.php(23): App\Models\AuthModel->tampilAnggota()
 5 SYSTEMPATH\CodeIgniter.php(927): App\Controllers\Auth->index()
 6 SYSTEMPATH\CodeIgniter.php(482): CodeIgniter\CodeIgniter->runController(Object(App\Controllers\Auth))
 7 SYSTEMPATH\CodeIgniter.php(351): CodeIgniter\CodeIgniter->handleRequest(null, Object(Config\Cache), false)
 8 FCPATH\index.php(67): CodeIgniter\CodeIgniter->run()
 9 SYSTEMPATH\Commands\Server\rewrite.php(46): require_once('FCPATH\\index.php')
CRITICAL - 2022-12-05 08:05:46 --> Call to undefined function asset_url()
in APPPATH\Views\auth\index.php on line 8.
 1 SYSTEMPATH\View\View.php(213): include()
 2 SYSTEMPATH\View\View.php(216): CodeIgniter\View\View->CodeIgniter\View\{closure}()
 3 SYSTEMPATH\Common.php(1134): CodeIgniter\View\View->render('auth/index', [], true)
 4 APPPATH\Controllers\Auth.php(25): view('auth/index', [...])
 5 SYSTEMPATH\CodeIgniter.php(927): App\Controllers\Auth->index()
 6 SYSTEMPATH\CodeIgniter.php(482): CodeIgniter\CodeIgniter->runController(Object(App\Controllers\Auth))
 7 SYSTEMPATH\CodeIgniter.php(351): CodeIgniter\CodeIgniter->handleRequest(null, Object(Config\Cache), false)
 8 FCPATH\index.php(67): CodeIgniter\CodeIgniter->run()
 9 SYSTEMPATH\Commands\Server\rewrite.php(46): require_once('FCPATH\\index.php')
CRITICAL - 2022-12-05 17:33:33 --> Call to undefined method CodeIgniter\Database\MySQLi\Connection::getWhere()
in APPPATH\Controllers\HandlerLogin.php on line 29.
 1 SYSTEMPATH\CodeIgniter.php(927): App\Controllers\HandlerLogin->show('2')
 2 SYSTEMPATH\CodeIgniter.php(482): CodeIgniter\CodeIgniter->runController(Object(App\Controllers\HandlerLogin))
 3 SYSTEMPATH\CodeIgniter.php(351): CodeIgniter\CodeIgniter->handleRequest(null, Object(Config\Cache), false)
 4 FCPATH\index.php(67): CodeIgniter\CodeIgniter->run()
 5 SYSTEMPATH\Commands\Server\rewrite.php(46): require_once('FCPATH\\index.php')
CRITICAL - 2022-12-05 17:33:43 --> Call to undefined method CodeIgniter\Database\MySQLi\Connection::getWhere()
in APPPATH\Controllers\HandlerLogin.php on line 29.
 1 SYSTEMPATH\CodeIgniter.php(927): App\Controllers\HandlerLogin->show('71')
 2 SYSTEMPATH\CodeIgniter.php(482): CodeIgniter\CodeIgniter->runController(Object(App\Controllers\HandlerLogin))
 3 SYSTEMPATH\CodeIgniter.php(351): CodeIgniter\CodeIgniter->handleRequest(null, Object(Config\Cache), false)
 4 FCPATH\index.php(67): CodeIgniter\CodeIgniter->run()
 5 SYSTEMPATH\Commands\Server\rewrite.php(46): require_once('FCPATH\\index.php')
CRITICAL - 2022-12-05 17:33:49 --> Call to undefined method CodeIgniter\Database\MySQLi\Connection::getWhere()
in APPPATH\Controllers\HandlerLogin.php on line 29.
 1 SYSTEMPATH\CodeIgniter.php(927): App\Controllers\HandlerLogin->show('71')
 2 SYSTEMPATH\CodeIgniter.php(482): CodeIgniter\CodeIgniter->runController(Object(App\Controllers\HandlerLogin))
 3 SYSTEMPATH\CodeIgniter.php(351): CodeIgniter\CodeIgniter->handleRequest(null, Object(Config\Cache), false)
 4 FCPATH\index.php(67): CodeIgniter\CodeIgniter->run()
 5 SYSTEMPATH\Commands\Server\rewrite.php(46): require_once('FCPATH\\index.php')
