CRITICAL - 2022-12-09 03:39:47 --> syntax error, unexpected token "public", expecting end of file
in APPPATH\Controllers\HandlerLogin.php on line 48.
 1 SYSTEMPATH\Autoloader\Autoloader.php(259): CodeIgniter\Autoloader\Autoloader->includeFile('APPPATH\\Controllers\\HandlerLogin.php')
 2 SYSTEMPATH\Autoloader\Autoloader.php(237): CodeIgniter\Autoloader\Autoloader->loadInNamespace('App\\Controllers\\HandlerLogin')
 3 [internal function]: CodeIgniter\Autoloader\Autoloader->loadClass('App\\Controllers\\HandlerLogin')
 4 SYSTEMPATH\CodeIgniter.php(877): class_exists('\\App\\Controllers\\HandlerLogin', true)
 5 SYSTEMPATH\CodeIgniter.php(469): CodeIgniter\CodeIgniter->startController()
 6 SYSTEMPATH\CodeIgniter.php(351): CodeIgniter\CodeIgniter->handleRequest(null, Object(Config\Cache), false)
 7 FCPATH\index.php(67): CodeIgniter\CodeIgniter->run()
 8 SYSTEMPATH\Commands\Server\rewrite.php(46): require_once('FCPATH\\index.php')
CRITICAL - 2022-12-09 03:39:54 --> syntax error, unexpected token "public", expecting end of file
in APPPATH\Controllers\HandlerLogin.php on line 48.
 1 SYSTEMPATH\Autoloader\Autoloader.php(259): CodeIgniter\Autoloader\Autoloader->includeFile('APPPATH\\Controllers\\HandlerLogin.php')
 2 SYSTEMPATH\Autoloader\Autoloader.php(237): CodeIgniter\Autoloader\Autoloader->loadInNamespace('App\\Controllers\\HandlerLogin')
 3 [internal function]: CodeIgniter\Autoloader\Autoloader->loadClass('App\\Controllers\\HandlerLogin')
 4 SYSTEMPATH\CodeIgniter.php(877): class_exists('\\App\\Controllers\\HandlerLogin', true)
 5 SYSTEMPATH\CodeIgniter.php(469): CodeIgniter\CodeIgniter->startController()
 6 SYSTEMPATH\CodeIgniter.php(351): CodeIgniter\CodeIgniter->handleRequest(null, Object(Config\Cache), false)
 7 FCPATH\index.php(67): CodeIgniter\CodeIgniter->run()
 8 SYSTEMPATH\Commands\Server\rewrite.php(46): require_once('FCPATH\\index.php')
CRITICAL - 2022-12-09 03:40:05 --> Declaration of App\Controllers\HandlerLogin::index($id_user) must be compatible with CodeIgniter\RESTful\ResourceController::index()
in APPPATH\Controllers\HandlerLogin.php on line 21.
 1 [internal function]: CodeIgniter\Debug\Exceptions->shutdownHandler()
CRITICAL - 2022-12-09 03:40:11 --> Declaration of App\Controllers\HandlerLogin::index($id_user) must be compatible with CodeIgniter\RESTful\ResourceController::index()
in APPPATH\Controllers\HandlerLogin.php on line 21.
 1 [internal function]: CodeIgniter\Debug\Exceptions->shutdownHandler()
CRITICAL - 2022-12-09 03:43:29 --> Declaration of App\Controllers\HandlerLogin::index($id_user) must be compatible with CodeIgniter\RESTful\ResourceController::index()
in APPPATH\Controllers\HandlerLogin.php on line 21.
 1 [internal function]: CodeIgniter\Debug\Exceptions->shutdownHandler()
CRITICAL - 2022-12-09 03:43:32 --> Declaration of App\Controllers\HandlerLogin::index($id_user) must be compatible with CodeIgniter\RESTful\ResourceController::index()
in APPPATH\Controllers\HandlerLogin.php on line 21.
 1 [internal function]: CodeIgniter\Debug\Exceptions->shutdownHandler()
CRITICAL - 2022-12-09 03:44:18 --> syntax error, unexpected token "public", expecting end of file
in APPPATH\Controllers\HandlerLogin.php on line 48.
 1 SYSTEMPATH\Autoloader\Autoloader.php(259): CodeIgniter\Autoloader\Autoloader->includeFile('APPPATH\\Controllers\\HandlerLogin.php')
 2 SYSTEMPATH\Autoloader\Autoloader.php(237): CodeIgniter\Autoloader\Autoloader->loadInNamespace('App\\Controllers\\HandlerLogin')
 3 [internal function]: CodeIgniter\Autoloader\Autoloader->loadClass('App\\Controllers\\HandlerLogin')
 4 SYSTEMPATH\CodeIgniter.php(877): class_exists('\\App\\Controllers\\HandlerLogin', true)
 5 SYSTEMPATH\CodeIgniter.php(469): CodeIgniter\CodeIgniter->startController()
 6 SYSTEMPATH\CodeIgniter.php(351): CodeIgniter\CodeIgniter->handleRequest(null, Object(Config\Cache), false)
 7 FCPATH\index.php(67): CodeIgniter\CodeIgniter->run()
 8 SYSTEMPATH\Commands\Server\rewrite.php(46): require_once('FCPATH\\index.php')
CRITICAL - 2022-12-09 03:54:36 --> App\Controllers\HandlerLogin::respond(): Argument #2 ($status) must be of type ?int, array given, called in D:\Haruman\ci4\app\Controllers\HandlerLogin.php on line 52
in SYSTEMPATH\API\ResponseTrait.php on line 90.
 1 APPPATH\Controllers\HandlerLogin.php(52): App\Controllers\HandlerLogin->respond('datanya adalah : ', [...])
 2 SYSTEMPATH\CodeIgniter.php(927): App\Controllers\HandlerLogin->show('2')
 3 SYSTEMPATH\CodeIgniter.php(482): CodeIgniter\CodeIgniter->runController(Object(App\Controllers\HandlerLogin))
 4 SYSTEMPATH\CodeIgniter.php(351): CodeIgniter\CodeIgniter->handleRequest(null, Object(Config\Cache), false)
 5 FCPATH\index.php(67): CodeIgniter\CodeIgniter->run()
 6 SYSTEMPATH\Commands\Server\rewrite.php(46): require_once('FCPATH\\index.php')
CRITICAL - 2022-12-09 03:54:59 --> Array to string conversion
in APPPATH\Controllers\HandlerLogin.php on line 52.
 1 APPPATH\Controllers\HandlerLogin.php(52): CodeIgniter\Debug\Exceptions->errorHandler(2, 'Array to string conversion', 'APPPATH\\Controllers\\HandlerLogin.php', 52)
 2 SYSTEMPATH\CodeIgniter.php(927): App\Controllers\HandlerLogin->show('2')
 3 SYSTEMPATH\CodeIgniter.php(482): CodeIgniter\CodeIgniter->runController(Object(App\Controllers\HandlerLogin))
 4 SYSTEMPATH\CodeIgniter.php(351): CodeIgniter\CodeIgniter->handleRequest(null, Object(Config\Cache), false)
 5 FCPATH\index.php(67): CodeIgniter\CodeIgniter->run()
 6 SYSTEMPATH\Commands\Server\rewrite.php(46): require_once('FCPATH\\index.php')
ERROR - 2022-12-09 09:26:05 --> Error connecting to the database: mysqli_sql_exception: Access denied for user 'lostfrey_haruman'@'%' to database 'losttfrey_elib' in D:\Haruman\ci4\system\Database\MySQLi\Connection.php:171
Stack trace:
#0 D:\Haruman\ci4\system\Database\MySQLi\Connection.php(171): mysqli->real_connect('103.129.222.7', 'lostfrey_haruma...', 'haruman1234', 'losttfrey_elib', 3306, '', 0)
#1 D:\Haruman\ci4\system\Database\BaseConnection.php(382): CodeIgniter\Database\MySQLi\Connection->connect(false)
#2 D:\Haruman\ci4\system\Database\BaseConnection.php(561): CodeIgniter\Database\BaseConnection->initialize()
#3 D:\Haruman\ci4\system\Database\BaseConnection.php(1360): CodeIgniter\Database\BaseConnection->query('SHOW TABLES FRO...')
#4 D:\Haruman\ci4\system\Commands\Database\ShowTableInfo.php(103): CodeIgniter\Database\BaseConnection->listTables()
#5 D:\Haruman\ci4\system\CLI\Commands.php(63): CodeIgniter\Commands\Database\ShowTableInfo->run(Array)
#6 D:\Haruman\ci4\system\CLI\CommandRunner.php(65): CodeIgniter\CLI\Commands->run('db:table', Array)
#7 D:\Haruman\ci4\system\CLI\CommandRunner.php(51): CodeIgniter\CLI\CommandRunner->index(Array)
#8 D:\Haruman\ci4\system\CodeIgniter.php(920): CodeIgniter\CLI\CommandRunner->_remap('index', Array)
#9 D:\Haruman\ci4\system\CodeIgniter.php(482): CodeIgniter\CodeIgniter->runController(Object(CodeIgniter\CLI\CommandRunner))
#10 D:\Haruman\ci4\system\CodeIgniter.php(347): CodeIgniter\CodeIgniter->handleRequest(NULL, Object(Config\Cache), false)
#11 D:\Haruman\ci4\system\CLI\Console.php(48): CodeIgniter\CodeIgniter->run()
#12 D:\Haruman\ci4\spark(98): CodeIgniter\CLI\Console->run()
#13 {main}

Next CodeIgniter\Database\Exceptions\DatabaseException: Access denied for user '****'@'%' to database 'losttfrey_elib' in D:\Haruman\ci4\system\Database\MySQLi\Connection.php:215
Stack trace:
#0 D:\Haruman\ci4\system\Database\BaseConnection.php(382): CodeIgniter\Database\MySQLi\Connection->connect(false)
#1 D:\Haruman\ci4\system\Database\BaseConnection.php(561): CodeIgniter\Database\BaseConnection->initialize()
#2 D:\Haruman\ci4\system\Database\BaseConnection.php(1360): CodeIgniter\Database\BaseConnection->query('SHOW TABLES FRO...')
#3 D:\Haruman\ci4\system\Commands\Database\ShowTableInfo.php(103): CodeIgniter\Database\BaseConnection->listTables()
#4 D:\Haruman\ci4\system\CLI\Commands.php(63): CodeIgniter\Commands\Database\ShowTableInfo->run(Array)
#5 D:\Haruman\ci4\system\CLI\CommandRunner.php(65): CodeIgniter\CLI\Commands->run('db:table', Array)
#6 D:\Haruman\ci4\system\CLI\CommandRunner.php(51): CodeIgniter\CLI\CommandRunner->index(Array)
#7 D:\Haruman\ci4\system\CodeIgniter.php(920): CodeIgniter\CLI\CommandRunner->_remap('index', Array)
#8 D:\Haruman\ci4\system\CodeIgniter.php(482): CodeIgniter\CodeIgniter->runController(Object(CodeIgniter\CLI\CommandRunner))
#9 D:\Haruman\ci4\system\CodeIgniter.php(347): CodeIgniter\CodeIgniter->handleRequest(NULL, Object(Config\Cache), false)
#10 D:\Haruman\ci4\system\CLI\Console.php(48): CodeIgniter\CodeIgniter->run()
#11 D:\Haruman\ci4\spark(98): CodeIgniter\CLI\Console->run()
#12 {main}
CRITICAL - 2022-12-09 09:26:05 --> Unable to connect to the database.
Main connection [MySQLi]: Access denied for user '****'@'%' to database 'losttfrey_elib'
in SYSTEMPATH\Database\BaseConnection.php on line 418.
 1 SYSTEMPATH\Database\BaseConnection.php(561): CodeIgniter\Database\BaseConnection->initialize()
 2 SYSTEMPATH\Database\BaseConnection.php(1360): CodeIgniter\Database\BaseConnection->query('SHOW TABLES FROM `losttfrey_elib`')
 3 SYSTEMPATH\Commands\Database\ShowTableInfo.php(103): CodeIgniter\Database\BaseConnection->listTables()
 4 SYSTEMPATH\CLI\Commands.php(63): CodeIgniter\Commands\Database\ShowTableInfo->run([...])
 5 SYSTEMPATH\CLI\CommandRunner.php(65): CodeIgniter\CLI\Commands->run('db:table', [...])
 6 SYSTEMPATH\CLI\CommandRunner.php(51): CodeIgniter\CLI\CommandRunner->index([...])
 7 SYSTEMPATH\CodeIgniter.php(920): CodeIgniter\CLI\CommandRunner->_remap('index', [...])
 8 SYSTEMPATH\CodeIgniter.php(482): CodeIgniter\CodeIgniter->runController(Object(CodeIgniter\CLI\CommandRunner))
 9 SYSTEMPATH\CodeIgniter.php(347): CodeIgniter\CodeIgniter->handleRequest(null, Object(Config\Cache), false)
10 SYSTEMPATH\CLI\Console.php(48): CodeIgniter\CodeIgniter->run()
11 ROOTPATH\spark(98): CodeIgniter\CLI\Console->run()
ERROR - 2022-12-09 09:59:42 --> mysqli_sql_exception: Duplicate entry '' for key 'email' in D:\Haruman\ci4\system\Database\MySQLi\Connection.php:292
Stack trace:
#0 D:\Haruman\ci4\system\Database\MySQLi\Connection.php(292): mysqli->query('INSERT INTO `Us...', 0)
#1 D:\Haruman\ci4\system\Database\BaseConnection.php(666): CodeIgniter\Database\MySQLi\Connection->execute('INSERT INTO `Us...')
#2 D:\Haruman\ci4\system\Database\BaseConnection.php(593): CodeIgniter\Database\BaseConnection->simpleQuery('INSERT INTO `Us...')
#3 D:\Haruman\ci4\system\Database\BaseBuilder.php(1916): CodeIgniter\Database\BaseConnection->query('INSERT INTO `Us...', Array, false)
#4 D:\Haruman\ci4\system\Model.php(279): CodeIgniter\Database\BaseBuilder->insert()
#5 D:\Haruman\ci4\system\BaseModel.php(749): CodeIgniter\Model->doInsert(Array)
#6 D:\Haruman\ci4\system\Model.php(667): CodeIgniter\BaseModel->insert(Array, false)
#7 D:\Haruman\ci4\system\BaseModel.php(659): CodeIgniter\Model->insert(Array, false)
#8 D:\Haruman\ci4\app\Controllers\HandlerLogin.php(152): CodeIgniter\BaseModel->save(Array)
#9 D:\Haruman\ci4\system\CodeIgniter.php(927): App\Controllers\HandlerLogin->create()
#10 D:\Haruman\ci4\system\CodeIgniter.php(482): CodeIgniter\CodeIgniter->runController(Object(App\Controllers\HandlerLogin))
#11 D:\Haruman\ci4\system\CodeIgniter.php(351): CodeIgniter\CodeIgniter->handleRequest(NULL, Object(Config\Cache), false)
#12 D:\Haruman\ci4\public\index.php(67): CodeIgniter\CodeIgniter->run()
#13 D:\Haruman\ci4\system\Commands\Server\rewrite.php(46): require_once('D:\\Haruman\\ci4\\...')
#14 {main}
