CRITICAL - 2022-12-07 00:51:33 --> Undefined variable $request
in APPPATH\Views\template\auth\header.php on line 13.
 1 APPPATH\Views\template\auth\header.php(13): CodeIgniter\Debug\Exceptions->errorHandler(2, 'Undefined variable $request', 'APPPATH\\Views\\template\\auth\\header.php', 13)
 2 SYSTEMPATH\View\View.php(213): include('APPPATH\\Views\\template\\auth\\header.php')
 3 SYSTEMPATH\View\View.php(216): CodeIgniter\View\View->CodeIgniter\View\{closure}()
 4 SYSTEMPATH\Common.php(1134): CodeIgniter\View\View->render('template/auth/header', [], true)
 5 APPPATH\Controllers\Auth.php(51): view('template/auth/header')
 6 SYSTEMPATH\CodeIgniter.php(927): App\Controllers\Auth->register()
 7 SYSTEMPATH\CodeIgniter.php(482): CodeIgniter\CodeIgniter->runController(Object(App\Controllers\Auth))
 8 SYSTEMPATH\CodeIgniter.php(351): CodeIgniter\CodeIgniter->handleRequest(null, Object(Config\Cache), false)
 9 FCPATH\index.php(67): CodeIgniter\CodeIgniter->run()
10 SYSTEMPATH\Commands\Server\rewrite.php(46): require_once('FCPATH\\index.php')
CRITICAL - 2022-12-07 00:53:28 --> Undefined array key "LINK_WEB"
in APPPATH\Views\template\auth\header.php on line 18.
 1 APPPATH\Views\template\auth\header.php(18): CodeIgniter\Debug\Exceptions->errorHandler(2, 'Undefined array key "LINK_WEB"', 'APPPATH\\Views\\template\\auth\\header.php', 18)
 2 SYSTEMPATH\View\View.php(213): include('APPPATH\\Views\\template\\auth\\header.php')
 3 SYSTEMPATH\View\View.php(216): CodeIgniter\View\View->CodeIgniter\View\{closure}()
 4 SYSTEMPATH\Common.php(1134): CodeIgniter\View\View->render('template/auth/header', [], true)
 5 APPPATH\Controllers\Auth.php(51): view('template/auth/header')
 6 SYSTEMPATH\CodeIgniter.php(927): App\Controllers\Auth->register()
 7 SYSTEMPATH\CodeIgniter.php(482): CodeIgniter\CodeIgniter->runController(Object(App\Controllers\Auth))
 8 SYSTEMPATH\CodeIgniter.php(351): CodeIgniter\CodeIgniter->handleRequest(null, Object(Config\Cache), false)
 9 FCPATH\index.php(67): CodeIgniter\CodeIgniter->run()
10 SYSTEMPATH\Commands\Server\rewrite.php(46): require_once('FCPATH\\index.php')
CRITICAL - 2022-12-07 00:54:53 --> Undefined array key "LINK_WEB"
in APPPATH\Views\template\auth\header.php on line 23.
 1 APPPATH\Views\template\auth\header.php(23): CodeIgniter\Debug\Exceptions->errorHandler(2, 'Undefined array key "LINK_WEB"', 'APPPATH\\Views\\template\\auth\\header.php', 23)
 2 SYSTEMPATH\View\View.php(213): include('APPPATH\\Views\\template\\auth\\header.php')
 3 SYSTEMPATH\View\View.php(216): CodeIgniter\View\View->CodeIgniter\View\{closure}()
 4 SYSTEMPATH\Common.php(1134): CodeIgniter\View\View->render('template/auth/header', [], true)
 5 APPPATH\Controllers\Auth.php(51): view('template/auth/header')
 6 SYSTEMPATH\CodeIgniter.php(927): App\Controllers\Auth->register()
 7 SYSTEMPATH\CodeIgniter.php(482): CodeIgniter\CodeIgniter->runController(Object(App\Controllers\Auth))
 8 SYSTEMPATH\CodeIgniter.php(351): CodeIgniter\CodeIgniter->handleRequest(null, Object(Config\Cache), false)
 9 FCPATH\index.php(67): CodeIgniter\CodeIgniter->run()
10 SYSTEMPATH\Commands\Server\rewrite.php(46): require_once('FCPATH\\index.php')
CRITICAL - 2022-12-07 00:54:55 --> Undefined array key "LINK_WEB"
in APPPATH\Views\template\auth\header.php on line 23.
 1 APPPATH\Views\template\auth\header.php(23): CodeIgniter\Debug\Exceptions->errorHandler(2, 'Undefined array key "LINK_WEB"', 'APPPATH\\Views\\template\\auth\\header.php', 23)
 2 SYSTEMPATH\View\View.php(213): include('APPPATH\\Views\\template\\auth\\header.php')
 3 SYSTEMPATH\View\View.php(216): CodeIgniter\View\View->CodeIgniter\View\{closure}()
 4 SYSTEMPATH\Common.php(1134): CodeIgniter\View\View->render('template/auth/header', [], true)
 5 APPPATH\Controllers\Auth.php(51): view('template/auth/header')
 6 SYSTEMPATH\CodeIgniter.php(927): App\Controllers\Auth->register()
 7 SYSTEMPATH\CodeIgniter.php(482): CodeIgniter\CodeIgniter->runController(Object(App\Controllers\Auth))
 8 SYSTEMPATH\CodeIgniter.php(351): CodeIgniter\CodeIgniter->handleRequest(null, Object(Config\Cache), false)
 9 FCPATH\index.php(67): CodeIgniter\CodeIgniter->run()
10 SYSTEMPATH\Commands\Server\rewrite.php(46): require_once('FCPATH\\index.php')
CRITICAL - 2022-12-07 00:55:07 --> Invalid file: template/auth/footer.php
in SYSTEMPATH\Exceptions\FrameworkException.php on line 33.
 1 SYSTEMPATH\View\View.php(201): CodeIgniter\Exceptions\FrameworkException::forInvalidFile('template/auth/footer.php')
 2 SYSTEMPATH\Common.php(1134): CodeIgniter\View\View->render('template/auth/footer', [], true)
 3 APPPATH\Controllers\Auth.php(56): view('template/auth/footer')
 4 SYSTEMPATH\CodeIgniter.php(927): App\Controllers\Auth->register()
 5 SYSTEMPATH\CodeIgniter.php(482): CodeIgniter\CodeIgniter->runController(Object(App\Controllers\Auth))
 6 SYSTEMPATH\CodeIgniter.php(351): CodeIgniter\CodeIgniter->handleRequest(null, Object(Config\Cache), false)
 7 FCPATH\index.php(67): CodeIgniter\CodeIgniter->run()
 8 SYSTEMPATH\Commands\Server\rewrite.php(46): require_once('FCPATH\\index.php')
CRITICAL - 2022-12-07 02:04:03 --> Undefined variable $regis_nama_msg
in APPPATH\Views\auth\viewRegister.php on line 111.
 1 APPPATH\Views\auth\viewRegister.php(111): CodeIgniter\Debug\Exceptions->errorHandler(2, 'Undefined variable $regis_nama_msg', 'APPPATH\\Views\\auth\\viewRegister.php', 111)
 2 SYSTEMPATH\View\View.php(213): include('APPPATH\\Views\\auth\\viewRegister.php')
 3 SYSTEMPATH\View\View.php(216): CodeIgniter\View\View->CodeIgniter\View\{closure}()
 4 SYSTEMPATH\Common.php(1134): CodeIgniter\View\View->render('auth/viewRegister', [], true)
 5 APPPATH\Controllers\Auth.php(54): view('auth/viewRegister', [...])
 6 SYSTEMPATH\CodeIgniter.php(927): App\Controllers\Auth->register()
 7 SYSTEMPATH\CodeIgniter.php(482): CodeIgniter\CodeIgniter->runController(Object(App\Controllers\Auth))
 8 SYSTEMPATH\CodeIgniter.php(351): CodeIgniter\CodeIgniter->handleRequest(null, Object(Config\Cache), false)
 9 FCPATH\index.php(67): CodeIgniter\CodeIgniter->run()
10 SYSTEMPATH\Commands\Server\rewrite.php(46): require_once('FCPATH\\index.php')
CRITICAL - 2022-12-07 02:04:30 --> Undefined variable $regis_nama_msg
in APPPATH\Views\auth\viewRegister.php on line 111.
 1 APPPATH\Views\auth\viewRegister.php(111): CodeIgniter\Debug\Exceptions->errorHandler(2, 'Undefined variable $regis_nama_msg', 'APPPATH\\Views\\auth\\viewRegister.php', 111)
 2 SYSTEMPATH\View\View.php(213): include('APPPATH\\Views\\auth\\viewRegister.php')
 3 SYSTEMPATH\View\View.php(216): CodeIgniter\View\View->CodeIgniter\View\{closure}()
 4 SYSTEMPATH\Common.php(1134): CodeIgniter\View\View->render('auth/viewRegister', [], true)
 5 APPPATH\Controllers\Auth.php(54): view('auth/viewRegister', [...])
 6 SYSTEMPATH\CodeIgniter.php(927): App\Controllers\Auth->register()
 7 SYSTEMPATH\CodeIgniter.php(482): CodeIgniter\CodeIgniter->runController(Object(App\Controllers\Auth))
 8 SYSTEMPATH\CodeIgniter.php(351): CodeIgniter\CodeIgniter->handleRequest(null, Object(Config\Cache), false)
 9 FCPATH\index.php(67): CodeIgniter\CodeIgniter->run()
10 SYSTEMPATH\Commands\Server\rewrite.php(46): require_once('FCPATH\\index.php')
CRITICAL - 2022-12-07 20:47:48 --> Call to undefined method CodeIgniter\Database\MySQLi\Connection::findAll()
in APPPATH\Controllers\HandlerLogin.php on line 22.
 1 SYSTEMPATH\CodeIgniter.php(927): App\Controllers\HandlerLogin->index()
 2 SYSTEMPATH\CodeIgniter.php(482): CodeIgniter\CodeIgniter->runController(Object(App\Controllers\HandlerLogin))
 3 SYSTEMPATH\CodeIgniter.php(351): CodeIgniter\CodeIgniter->handleRequest(null, Object(Config\Cache), false)
 4 FCPATH\index.php(67): CodeIgniter\CodeIgniter->run()
 5 SYSTEMPATH\Commands\Server\rewrite.php(46): require_once('FCPATH\\index.php')
CRITICAL - 2022-12-07 20:48:21 --> Call to undefined method CodeIgniter\Database\MySQLi\Connection::findAll()
in APPPATH\Controllers\HandlerLogin.php on line 22.
 1 SYSTEMPATH\CodeIgniter.php(927): App\Controllers\HandlerLogin->index()
 2 SYSTEMPATH\CodeIgniter.php(482): CodeIgniter\CodeIgniter->runController(Object(App\Controllers\HandlerLogin))
 3 SYSTEMPATH\CodeIgniter.php(351): CodeIgniter\CodeIgniter->handleRequest(null, Object(Config\Cache), false)
 4 FCPATH\index.php(67): CodeIgniter\CodeIgniter->run()
 5 SYSTEMPATH\Commands\Server\rewrite.php(46): require_once('FCPATH\\index.php')
CRITICAL - 2022-12-07 20:48:22 --> Call to undefined method CodeIgniter\Database\MySQLi\Connection::findAll()
in APPPATH\Controllers\HandlerLogin.php on line 22.
 1 SYSTEMPATH\CodeIgniter.php(927): App\Controllers\HandlerLogin->index()
 2 SYSTEMPATH\CodeIgniter.php(482): CodeIgniter\CodeIgniter->runController(Object(App\Controllers\HandlerLogin))
 3 SYSTEMPATH\CodeIgniter.php(351): CodeIgniter\CodeIgniter->handleRequest(null, Object(Config\Cache), false)
 4 FCPATH\index.php(67): CodeIgniter\CodeIgniter->run()
 5 SYSTEMPATH\Commands\Server\rewrite.php(46): require_once('FCPATH\\index.php')
CRITICAL - 2022-12-07 20:48:23 --> Call to undefined method CodeIgniter\Database\MySQLi\Connection::findAll()
in APPPATH\Controllers\HandlerLogin.php on line 22.
 1 SYSTEMPATH\CodeIgniter.php(927): App\Controllers\HandlerLogin->index()
 2 SYSTEMPATH\CodeIgniter.php(482): CodeIgniter\CodeIgniter->runController(Object(App\Controllers\HandlerLogin))
 3 SYSTEMPATH\CodeIgniter.php(351): CodeIgniter\CodeIgniter->handleRequest(null, Object(Config\Cache), false)
 4 FCPATH\index.php(67): CodeIgniter\CodeIgniter->run()
 5 SYSTEMPATH\Commands\Server\rewrite.php(46): require_once('FCPATH\\index.php')
CRITICAL - 2022-12-07 20:48:27 --> Call to undefined method CodeIgniter\Database\MySQLi\Connection::findAll()
in APPPATH\Controllers\HandlerLogin.php on line 22.
 1 SYSTEMPATH\CodeIgniter.php(927): App\Controllers\HandlerLogin->index()
 2 SYSTEMPATH\CodeIgniter.php(482): CodeIgniter\CodeIgniter->runController(Object(App\Controllers\HandlerLogin))
 3 SYSTEMPATH\CodeIgniter.php(351): CodeIgniter\CodeIgniter->handleRequest(null, Object(Config\Cache), false)
 4 FCPATH\index.php(67): CodeIgniter\CodeIgniter->run()
 5 SYSTEMPATH\Commands\Server\rewrite.php(46): require_once('FCPATH\\index.php')
CRITICAL - 2022-12-07 20:48:34 --> Call to undefined method CodeIgniter\Database\MySQLi\Connection::findAll()
in APPPATH\Controllers\HandlerLogin.php on line 22.
 1 SYSTEMPATH\CodeIgniter.php(927): App\Controllers\HandlerLogin->index()
 2 SYSTEMPATH\CodeIgniter.php(482): CodeIgniter\CodeIgniter->runController(Object(App\Controllers\HandlerLogin))
 3 SYSTEMPATH\CodeIgniter.php(351): CodeIgniter\CodeIgniter->handleRequest(null, Object(Config\Cache), false)
 4 FCPATH\index.php(67): CodeIgniter\CodeIgniter->run()
 5 SYSTEMPATH\Commands\Server\rewrite.php(46): require_once('FCPATH\\index.php')
CRITICAL - 2022-12-07 20:49:26 --> Call to undefined method CodeIgniter\Database\MySQLi\Builder::findAll()
in APPPATH\Controllers\HandlerLogin.php on line 22.
 1 SYSTEMPATH\CodeIgniter.php(927): App\Controllers\HandlerLogin->index()
 2 SYSTEMPATH\CodeIgniter.php(482): CodeIgniter\CodeIgniter->runController(Object(App\Controllers\HandlerLogin))
 3 SYSTEMPATH\CodeIgniter.php(351): CodeIgniter\CodeIgniter->handleRequest(null, Object(Config\Cache), false)
 4 FCPATH\index.php(67): CodeIgniter\CodeIgniter->run()
 5 SYSTEMPATH\Commands\Server\rewrite.php(46): require_once('FCPATH\\index.php')
CRITICAL - 2022-12-07 20:49:27 --> Call to undefined method CodeIgniter\Database\MySQLi\Builder::findAll()
in APPPATH\Controllers\HandlerLogin.php on line 22.
 1 SYSTEMPATH\CodeIgniter.php(927): App\Controllers\HandlerLogin->index()
 2 SYSTEMPATH\CodeIgniter.php(482): CodeIgniter\CodeIgniter->runController(Object(App\Controllers\HandlerLogin))
 3 SYSTEMPATH\CodeIgniter.php(351): CodeIgniter\CodeIgniter->handleRequest(null, Object(Config\Cache), false)
 4 FCPATH\index.php(67): CodeIgniter\CodeIgniter->run()
 5 SYSTEMPATH\Commands\Server\rewrite.php(46): require_once('FCPATH\\index.php')
CRITICAL - 2022-12-07 20:49:28 --> Call to undefined method CodeIgniter\Database\MySQLi\Builder::findAll()
in APPPATH\Controllers\HandlerLogin.php on line 22.
 1 SYSTEMPATH\CodeIgniter.php(927): App\Controllers\HandlerLogin->index()
 2 SYSTEMPATH\CodeIgniter.php(482): CodeIgniter\CodeIgniter->runController(Object(App\Controllers\HandlerLogin))
 3 SYSTEMPATH\CodeIgniter.php(351): CodeIgniter\CodeIgniter->handleRequest(null, Object(Config\Cache), false)
 4 FCPATH\index.php(67): CodeIgniter\CodeIgniter->run()
 5 SYSTEMPATH\Commands\Server\rewrite.php(46): require_once('FCPATH\\index.php')
CRITICAL - 2022-12-07 20:49:29 --> Call to undefined method CodeIgniter\Database\MySQLi\Builder::findAll()
in APPPATH\Controllers\HandlerLogin.php on line 22.
 1 SYSTEMPATH\CodeIgniter.php(927): App\Controllers\HandlerLogin->index()
 2 SYSTEMPATH\CodeIgniter.php(482): CodeIgniter\CodeIgniter->runController(Object(App\Controllers\HandlerLogin))
 3 SYSTEMPATH\CodeIgniter.php(351): CodeIgniter\CodeIgniter->handleRequest(null, Object(Config\Cache), false)
 4 FCPATH\index.php(67): CodeIgniter\CodeIgniter->run()
 5 SYSTEMPATH\Commands\Server\rewrite.php(46): require_once('FCPATH\\index.php')
CRITICAL - 2022-12-07 20:49:35 --> Call to undefined method CodeIgniter\Database\MySQLi\Builder::findAll()
in APPPATH\Controllers\HandlerLogin.php on line 22.
 1 SYSTEMPATH\CodeIgniter.php(927): App\Controllers\HandlerLogin->index()
 2 SYSTEMPATH\CodeIgniter.php(482): CodeIgniter\CodeIgniter->runController(Object(App\Controllers\HandlerLogin))
 3 SYSTEMPATH\CodeIgniter.php(351): CodeIgniter\CodeIgniter->handleRequest(null, Object(Config\Cache), false)
 4 FCPATH\index.php(67): CodeIgniter\CodeIgniter->run()
 5 SYSTEMPATH\Commands\Server\rewrite.php(46): require_once('FCPATH\\index.php')
CRITICAL - 2022-12-07 20:49:49 --> Call to undefined method CodeIgniter\Database\MySQLi\Connection::findAll()
in APPPATH\Controllers\HandlerLogin.php on line 22.
 1 SYSTEMPATH\CodeIgniter.php(927): App\Controllers\HandlerLogin->index()
 2 SYSTEMPATH\CodeIgniter.php(482): CodeIgniter\CodeIgniter->runController(Object(App\Controllers\HandlerLogin))
 3 SYSTEMPATH\CodeIgniter.php(351): CodeIgniter\CodeIgniter->handleRequest(null, Object(Config\Cache), false)
 4 FCPATH\index.php(67): CodeIgniter\CodeIgniter->run()
 5 SYSTEMPATH\Commands\Server\rewrite.php(46): require_once('FCPATH\\index.php')
CRITICAL - 2022-12-07 21:12:37 --> Call to undefined method CodeIgniter\Database\MySQLi\Connection::findAll()
in APPPATH\Controllers\HandlerLogin.php on line 22.
 1 SYSTEMPATH\CodeIgniter.php(927): App\Controllers\HandlerLogin->index()
 2 SYSTEMPATH\CodeIgniter.php(482): CodeIgniter\CodeIgniter->runController(Object(App\Controllers\HandlerLogin))
 3 SYSTEMPATH\CodeIgniter.php(351): CodeIgniter\CodeIgniter->handleRequest(null, Object(Config\Cache), false)
 4 FCPATH\index.php(67): CodeIgniter\CodeIgniter->run()
 5 SYSTEMPATH\Commands\Server\rewrite.php(46): require_once('FCPATH\\index.php')
CRITICAL - 2022-12-07 21:12:38 --> Call to undefined method CodeIgniter\Database\MySQLi\Connection::findAll()
in APPPATH\Controllers\HandlerLogin.php on line 22.
 1 SYSTEMPATH\CodeIgniter.php(927): App\Controllers\HandlerLogin->index()
 2 SYSTEMPATH\CodeIgniter.php(482): CodeIgniter\CodeIgniter->runController(Object(App\Controllers\HandlerLogin))
 3 SYSTEMPATH\CodeIgniter.php(351): CodeIgniter\CodeIgniter->handleRequest(null, Object(Config\Cache), false)
 4 FCPATH\index.php(67): CodeIgniter\CodeIgniter->run()
 5 SYSTEMPATH\Commands\Server\rewrite.php(46): require_once('FCPATH\\index.php')
CRITICAL - 2022-12-07 21:12:42 --> Undefined array key "app.name"
in APPPATH\Controllers\Auth.php on line 54.
 1 APPPATH\Controllers\Auth.php(54): CodeIgniter\Debug\Exceptions->errorHandler(2, 'Undefined array key "app.name"', 'APPPATH\\Controllers\\Auth.php', 54)
 2 SYSTEMPATH\CodeIgniter.php(927): App\Controllers\Auth->register()
 3 SYSTEMPATH\CodeIgniter.php(482): CodeIgniter\CodeIgniter->runController(Object(App\Controllers\Auth))
 4 SYSTEMPATH\CodeIgniter.php(351): CodeIgniter\CodeIgniter->handleRequest(null, Object(Config\Cache), false)
 5 FCPATH\index.php(67): CodeIgniter\CodeIgniter->run()
 6 SYSTEMPATH\Commands\Server\rewrite.php(46): require_once('FCPATH\\index.php')
CRITICAL - 2022-12-07 21:12:58 --> Call to undefined method CodeIgniter\Database\MySQLi\Connection::findAll()
in APPPATH\Controllers\HandlerLogin.php on line 22.
 1 SYSTEMPATH\CodeIgniter.php(927): App\Controllers\HandlerLogin->index()
 2 SYSTEMPATH\CodeIgniter.php(482): CodeIgniter\CodeIgniter->runController(Object(App\Controllers\HandlerLogin))
 3 SYSTEMPATH\CodeIgniter.php(351): CodeIgniter\CodeIgniter->handleRequest(null, Object(Config\Cache), false)
 4 FCPATH\index.php(67): CodeIgniter\CodeIgniter->run()
 5 SYSTEMPATH\Commands\Server\rewrite.php(46): require_once('FCPATH\\index.php')
CRITICAL - 2022-12-07 21:16:38 --> Call to undefined method CodeIgniter\Database\MySQLi\Connection::findAll()
in APPPATH\Controllers\HandlerLogin.php on line 22.
 1 SYSTEMPATH\CodeIgniter.php(927): App\Controllers\HandlerLogin->index()
 2 SYSTEMPATH\CodeIgniter.php(482): CodeIgniter\CodeIgniter->runController(Object(App\Controllers\HandlerLogin))
 3 SYSTEMPATH\CodeIgniter.php(351): CodeIgniter\CodeIgniter->handleRequest(null, Object(Config\Cache), false)
 4 FCPATH\index.php(67): CodeIgniter\CodeIgniter->run()
 5 SYSTEMPATH\Commands\Server\rewrite.php(46): require_once('FCPATH\\index.php')
