CRITICAL - 2022-12-19 02:15:28 --> Undefined property: CodeIgniter\View\View::$db
in APPPATH\Views\kategori\viewPinjam.php on line 155.
 1 APPPATH\Views\kategori\viewPinjam.php(155): CodeIgniter\Debug\Exceptions->errorHandler(2, 'Undefined property: CodeIgniter\\View\\View::$db', 'APPPATH\\Views\\kategori\\viewPinjam.php', 155)
 2 SYSTEMPATH\View\View.php(213): include('APPPATH\\Views\\kategori\\viewPinjam.php')
 3 SYSTEMPATH\View\View.php(216): CodeIgniter\View\View->CodeIgniter\View\{closure}()
 4 SYSTEMPATH\Common.php(1134): CodeIgniter\View\View->render('kategori/viewPinjam', [], true)
 5 APPPATH\Controllers\CategoryController.php(50): view('kategori/viewPinjam', [...])
 6 SYSTEMPATH\CodeIgniter.php(927): App\Controllers\CategoryController->pinjam_buku()
 7 SYSTEMPATH\CodeIgniter.php(482): CodeIgniter\CodeIgniter->runController(Object(App\Controllers\CategoryController))
 8 SYSTEMPATH\CodeIgniter.php(351): CodeIgniter\CodeIgniter->handleRequest(null, Object(Config\Cache), false)
 9 FCPATH\index.php(67): CodeIgniter\CodeIgniter->run()
10 SYSTEMPATH\Commands\Server\rewrite.php(46): require_once('FCPATH\\index.php')
CRITICAL - 2022-12-19 02:16:02 --> Undefined variable $session
in APPPATH\Views\kategori\viewPinjam.php on line 155.
 1 APPPATH\Views\kategori\viewPinjam.php(155): CodeIgniter\Debug\Exceptions->errorHandler(2, 'Undefined variable $session', 'APPPATH\\Views\\kategori\\viewPinjam.php', 155)
 2 SYSTEMPATH\View\View.php(213): include('APPPATH\\Views\\kategori\\viewPinjam.php')
 3 SYSTEMPATH\View\View.php(216): CodeIgniter\View\View->CodeIgniter\View\{closure}()
 4 SYSTEMPATH\Common.php(1134): CodeIgniter\View\View->render('kategori/viewPinjam', [], true)
 5 APPPATH\Controllers\CategoryController.php(50): view('kategori/viewPinjam', [...])
 6 SYSTEMPATH\CodeIgniter.php(927): App\Controllers\CategoryController->pinjam_buku()
 7 SYSTEMPATH\CodeIgniter.php(482): CodeIgniter\CodeIgniter->runController(Object(App\Controllers\CategoryController))
 8 SYSTEMPATH\CodeIgniter.php(351): CodeIgniter\CodeIgniter->handleRequest(null, Object(Config\Cache), false)
 9 FCPATH\index.php(67): CodeIgniter\CodeIgniter->run()
10 SYSTEMPATH\Commands\Server\rewrite.php(46): require_once('FCPATH\\index.php')
ERROR - 2022-12-19 02:16:21 --> mysqli_sql_exception: You have an error in your SQL syntax; check the manual that corresponds to your MariaDB server version for the right syntax to use near ''' at line 1 in D:\Haruman\ci4\system\Database\MySQLi\Connection.php:292
Stack trace:
#0 D:\Haruman\ci4\system\Database\MySQLi\Connection.php(292): mysqli->query('SELECT kategori...', 0)
#1 D:\Haruman\ci4\system\Database\BaseConnection.php(666): CodeIgniter\Database\MySQLi\Connection->execute('SELECT kategori...')
#2 D:\Haruman\ci4\system\Database\BaseConnection.php(593): CodeIgniter\Database\BaseConnection->simpleQuery('SELECT kategori...')
#3 D:\Haruman\ci4\app\Views\kategori\viewPinjam.php(155): CodeIgniter\Database\BaseConnection->query('SELECT kategori...')
#4 D:\Haruman\ci4\system\View\View.php(213): include('D:\\Haruman\\ci4\\...')
#5 D:\Haruman\ci4\system\View\View.php(216): CodeIgniter\View\View->CodeIgniter\View\{closure}()
#6 D:\Haruman\ci4\system\Common.php(1134): CodeIgniter\View\View->render('kategori/viewPi...', Array, true)
#7 D:\Haruman\ci4\app\Controllers\CategoryController.php(51): view('kategori/viewPi...', Array)
#8 D:\Haruman\ci4\system\CodeIgniter.php(927): App\Controllers\CategoryController->pinjam_buku()
#9 D:\Haruman\ci4\system\CodeIgniter.php(482): CodeIgniter\CodeIgniter->runController(Object(App\Controllers\CategoryController))
#10 D:\Haruman\ci4\system\CodeIgniter.php(351): CodeIgniter\CodeIgniter->handleRequest(NULL, Object(Config\Cache), false)
#11 D:\Haruman\ci4\public\index.php(67): CodeIgniter\CodeIgniter->run()
#12 D:\Haruman\ci4\system\Commands\Server\rewrite.php(46): require_once('D:\\Haruman\\ci4\\...')
#13 {main}
CRITICAL - 2022-12-19 02:16:21 --> You have an error in your SQL syntax; check the manual that corresponds to your MariaDB server version for the right syntax to use near ''' at line 1
in SYSTEMPATH\Database\MySQLi\Connection.php on line 292.
 1 SYSTEMPATH\Database\MySQLi\Connection.php(292): mysqli->query('SELECT kategoribuku FROM hlmnbuku where kategoribuku = (\'id_buku\')\'', 0)
 2 SYSTEMPATH\Database\BaseConnection.php(666): CodeIgniter\Database\MySQLi\Connection->execute('SELECT kategoribuku FROM hlmnbuku where kategoribuku = (\'id_buku\')\'')
 3 SYSTEMPATH\Database\BaseConnection.php(593): CodeIgniter\Database\BaseConnection->simpleQuery('SELECT kategoribuku FROM hlmnbuku where kategoribuku = (\'id_buku\')\'')
 4 APPPATH\Views\kategori\viewPinjam.php(155): CodeIgniter\Database\BaseConnection->query('SELECT kategoribuku FROM hlmnbuku where kategoribuku = (\'id_buku\')\'')
 5 SYSTEMPATH\View\View.php(213): include('APPPATH\\Views\\kategori\\viewPinjam.php')
 6 SYSTEMPATH\View\View.php(216): CodeIgniter\View\View->CodeIgniter\View\{closure}()
 7 SYSTEMPATH\Common.php(1134): CodeIgniter\View\View->render('kategori/viewPinjam', [], true)
 8 APPPATH\Controllers\CategoryController.php(51): view('kategori/viewPinjam', [...])
 9 SYSTEMPATH\CodeIgniter.php(927): App\Controllers\CategoryController->pinjam_buku()
10 SYSTEMPATH\CodeIgniter.php(482): CodeIgniter\CodeIgniter->runController(Object(App\Controllers\CategoryController))
11 SYSTEMPATH\CodeIgniter.php(351): CodeIgniter\CodeIgniter->handleRequest(null, Object(Config\Cache), false)
12 FCPATH\index.php(67): CodeIgniter\CodeIgniter->run()
13 SYSTEMPATH\Commands\Server\rewrite.php(46): require_once('FCPATH\\index.php')
ERROR - 2022-12-19 02:16:39 --> mysqli_sql_exception: You have an error in your SQL syntax; check the manual that corresponds to your MariaDB server version for the right syntax to use near ''' at line 1 in D:\Haruman\ci4\system\Database\MySQLi\Connection.php:292
Stack trace:
#0 D:\Haruman\ci4\system\Database\MySQLi\Connection.php(292): mysqli->query('SELECT kategori...', 0)
#1 D:\Haruman\ci4\system\Database\BaseConnection.php(666): CodeIgniter\Database\MySQLi\Connection->execute('SELECT kategori...')
#2 D:\Haruman\ci4\system\Database\BaseConnection.php(593): CodeIgniter\Database\BaseConnection->simpleQuery('SELECT kategori...')
#3 D:\Haruman\ci4\app\Views\kategori\viewPinjam.php(155): CodeIgniter\Database\BaseConnection->query('SELECT kategori...')
#4 D:\Haruman\ci4\system\View\View.php(213): include('D:\\Haruman\\ci4\\...')
#5 D:\Haruman\ci4\system\View\View.php(216): CodeIgniter\View\View->CodeIgniter\View\{closure}()
#6 D:\Haruman\ci4\system\Common.php(1134): CodeIgniter\View\View->render('kategori/viewPi...', Array, true)
#7 D:\Haruman\ci4\app\Controllers\CategoryController.php(51): view('kategori/viewPi...', Array)
#8 D:\Haruman\ci4\system\CodeIgniter.php(927): App\Controllers\CategoryController->pinjam_buku()
#9 D:\Haruman\ci4\system\CodeIgniter.php(482): CodeIgniter\CodeIgniter->runController(Object(App\Controllers\CategoryController))
#10 D:\Haruman\ci4\system\CodeIgniter.php(351): CodeIgniter\CodeIgniter->handleRequest(NULL, Object(Config\Cache), false)
#11 D:\Haruman\ci4\public\index.php(67): CodeIgniter\CodeIgniter->run()
#12 D:\Haruman\ci4\system\Commands\Server\rewrite.php(46): require_once('D:\\Haruman\\ci4\\...')
#13 {main}
CRITICAL - 2022-12-19 02:16:39 --> You have an error in your SQL syntax; check the manual that corresponds to your MariaDB server version for the right syntax to use near ''' at line 1
in SYSTEMPATH\Database\MySQLi\Connection.php on line 292.
 1 SYSTEMPATH\Database\MySQLi\Connection.php(292): mysqli->query('SELECT kategoribuku FROM hlmnbuku where kategoribuku = (id_buku)\'', 0)
 2 SYSTEMPATH\Database\BaseConnection.php(666): CodeIgniter\Database\MySQLi\Connection->execute('SELECT kategoribuku FROM hlmnbuku where kategoribuku = (id_buku)\'')
 3 SYSTEMPATH\Database\BaseConnection.php(593): CodeIgniter\Database\BaseConnection->simpleQuery('SELECT kategoribuku FROM hlmnbuku where kategoribuku = (id_buku)\'')
 4 APPPATH\Views\kategori\viewPinjam.php(155): CodeIgniter\Database\BaseConnection->query('SELECT kategoribuku FROM hlmnbuku where kategoribuku = (id_buku)\'')
 5 SYSTEMPATH\View\View.php(213): include('APPPATH\\Views\\kategori\\viewPinjam.php')
 6 SYSTEMPATH\View\View.php(216): CodeIgniter\View\View->CodeIgniter\View\{closure}()
 7 SYSTEMPATH\Common.php(1134): CodeIgniter\View\View->render('kategori/viewPinjam', [], true)
 8 APPPATH\Controllers\CategoryController.php(51): view('kategori/viewPinjam', [...])
 9 SYSTEMPATH\CodeIgniter.php(927): App\Controllers\CategoryController->pinjam_buku()
10 SYSTEMPATH\CodeIgniter.php(482): CodeIgniter\CodeIgniter->runController(Object(App\Controllers\CategoryController))
11 SYSTEMPATH\CodeIgniter.php(351): CodeIgniter\CodeIgniter->handleRequest(null, Object(Config\Cache), false)
12 FCPATH\index.php(67): CodeIgniter\CodeIgniter->run()
13 SYSTEMPATH\Commands\Server\rewrite.php(46): require_once('FCPATH\\index.php')
CRITICAL - 2022-12-19 02:20:24 --> Undefined property: CodeIgniter\HTTP\IncomingRequest::$getGet
in APPPATH\Views\kategori\viewPinjam.php on line 155.
 1 APPPATH\Views\kategori\viewPinjam.php(155): CodeIgniter\Debug\Exceptions->errorHandler(2, 'Undefined property: CodeIgniter\\HTTP\\IncomingRequest::$getGet', 'APPPATH\\Views\\kategori\\viewPinjam.php', 155)
 2 SYSTEMPATH\View\View.php(213): include('APPPATH\\Views\\kategori\\viewPinjam.php')
 3 SYSTEMPATH\View\View.php(216): CodeIgniter\View\View->CodeIgniter\View\{closure}()
 4 SYSTEMPATH\Common.php(1134): CodeIgniter\View\View->render('kategori/viewPinjam', [], true)
 5 APPPATH\Controllers\CategoryController.php(51): view('kategori/viewPinjam', [...])
 6 SYSTEMPATH\CodeIgniter.php(927): App\Controllers\CategoryController->pinjam_buku()
 7 SYSTEMPATH\CodeIgniter.php(482): CodeIgniter\CodeIgniter->runController(Object(App\Controllers\CategoryController))
 8 SYSTEMPATH\CodeIgniter.php(351): CodeIgniter\CodeIgniter->handleRequest(null, Object(Config\Cache), false)
 9 FCPATH\index.php(67): CodeIgniter\CodeIgniter->run()
10 SYSTEMPATH\Commands\Server\rewrite.php(46): require_once('FCPATH\\index.php')
CRITICAL - 2022-12-19 02:20:42 --> Undefined property: CodeIgniter\HTTP\IncomingRequest::$getGet
in APPPATH\Views\kategori\viewPinjam.php on line 155.
 1 APPPATH\Views\kategori\viewPinjam.php(155): CodeIgniter\Debug\Exceptions->errorHandler(2, 'Undefined property: CodeIgniter\\HTTP\\IncomingRequest::$getGet', 'APPPATH\\Views\\kategori\\viewPinjam.php', 155)
 2 SYSTEMPATH\View\View.php(213): include('APPPATH\\Views\\kategori\\viewPinjam.php')
 3 SYSTEMPATH\View\View.php(216): CodeIgniter\View\View->CodeIgniter\View\{closure}()
 4 SYSTEMPATH\Common.php(1134): CodeIgniter\View\View->render('kategori/viewPinjam', [], true)
 5 APPPATH\Controllers\CategoryController.php(51): view('kategori/viewPinjam', [...])
 6 SYSTEMPATH\CodeIgniter.php(927): App\Controllers\CategoryController->pinjam_buku()
 7 SYSTEMPATH\CodeIgniter.php(482): CodeIgniter\CodeIgniter->runController(Object(App\Controllers\CategoryController))
 8 SYSTEMPATH\CodeIgniter.php(351): CodeIgniter\CodeIgniter->handleRequest(null, Object(Config\Cache), false)
 9 FCPATH\index.php(67): CodeIgniter\CodeIgniter->run()
10 SYSTEMPATH\Commands\Server\rewrite.php(46): require_once('FCPATH\\index.php')
CRITICAL - 2022-12-19 02:30:49 --> Call to undefined method CodeIgniter\Database\MySQLi\Result::result_array()
in APPPATH\Views\kategori\viewPinjam.php on line 156.
 1 SYSTEMPATH\View\View.php(213): include()
 2 SYSTEMPATH\View\View.php(216): CodeIgniter\View\View->CodeIgniter\View\{closure}()
 3 SYSTEMPATH\Common.php(1134): CodeIgniter\View\View->render('kategori/viewPinjam', [], true)
 4 APPPATH\Controllers\CategoryController.php(51): view('kategori/viewPinjam', [...])
 5 SYSTEMPATH\CodeIgniter.php(927): App\Controllers\CategoryController->pinjam_buku()
 6 SYSTEMPATH\CodeIgniter.php(482): CodeIgniter\CodeIgniter->runController(Object(App\Controllers\CategoryController))
 7 SYSTEMPATH\CodeIgniter.php(351): CodeIgniter\CodeIgniter->handleRequest(null, Object(Config\Cache), false)
 8 FCPATH\index.php(67): CodeIgniter\CodeIgniter->run()
 9 SYSTEMPATH\Commands\Server\rewrite.php(46): require_once('FCPATH\\index.php')
CRITICAL - 2022-12-19 02:33:17 --> Undefined array key "kategoribuku"
in APPPATH\Views\kategori\viewPinjam.php on line 183.
 1 APPPATH\Views\kategori\viewPinjam.php(183): CodeIgniter\Debug\Exceptions->errorHandler(2, 'Undefined array key "kategoribuku"', 'APPPATH\\Views\\kategori\\viewPinjam.php', 183)
 2 SYSTEMPATH\View\View.php(213): include('APPPATH\\Views\\kategori\\viewPinjam.php')
 3 SYSTEMPATH\View\View.php(216): CodeIgniter\View\View->CodeIgniter\View\{closure}()
 4 SYSTEMPATH\Common.php(1134): CodeIgniter\View\View->render('kategori/viewPinjam', [], true)
 5 APPPATH\Controllers\CategoryController.php(51): view('kategori/viewPinjam', [...])
 6 SYSTEMPATH\CodeIgniter.php(927): App\Controllers\CategoryController->pinjam_buku()
 7 SYSTEMPATH\CodeIgniter.php(482): CodeIgniter\CodeIgniter->runController(Object(App\Controllers\CategoryController))
 8 SYSTEMPATH\CodeIgniter.php(351): CodeIgniter\CodeIgniter->handleRequest(null, Object(Config\Cache), false)
 9 FCPATH\index.php(67): CodeIgniter\CodeIgniter->run()
10 SYSTEMPATH\Commands\Server\rewrite.php(46): require_once('FCPATH\\index.php')
CRITICAL - 2022-12-19 02:33:32 --> Undefined array key "kategoribuku"
in APPPATH\Views\kategori\viewPinjam.php on line 183.
 1 APPPATH\Views\kategori\viewPinjam.php(183): CodeIgniter\Debug\Exceptions->errorHandler(2, 'Undefined array key "kategoribuku"', 'APPPATH\\Views\\kategori\\viewPinjam.php', 183)
 2 SYSTEMPATH\View\View.php(213): include('APPPATH\\Views\\kategori\\viewPinjam.php')
 3 SYSTEMPATH\View\View.php(216): CodeIgniter\View\View->CodeIgniter\View\{closure}()
 4 SYSTEMPATH\Common.php(1134): CodeIgniter\View\View->render('kategori/viewPinjam', [], true)
 5 APPPATH\Controllers\CategoryController.php(51): view('kategori/viewPinjam', [...])
 6 SYSTEMPATH\CodeIgniter.php(927): App\Controllers\CategoryController->pinjam_buku()
 7 SYSTEMPATH\CodeIgniter.php(482): CodeIgniter\CodeIgniter->runController(Object(App\Controllers\CategoryController))
 8 SYSTEMPATH\CodeIgniter.php(351): CodeIgniter\CodeIgniter->handleRequest(null, Object(Config\Cache), false)
 9 FCPATH\index.php(67): CodeIgniter\CodeIgniter->run()
10 SYSTEMPATH\Commands\Server\rewrite.php(46): require_once('FCPATH\\index.php')
CRITICAL - 2022-12-19 02:34:34 --> Undefined array key "kategoribuku"
in APPPATH\Views\kategori\viewPinjam.php on line 183.
 1 APPPATH\Views\kategori\viewPinjam.php(183): CodeIgniter\Debug\Exceptions->errorHandler(2, 'Undefined array key "kategoribuku"', 'APPPATH\\Views\\kategori\\viewPinjam.php', 183)
 2 SYSTEMPATH\View\View.php(213): include('APPPATH\\Views\\kategori\\viewPinjam.php')
 3 SYSTEMPATH\View\View.php(216): CodeIgniter\View\View->CodeIgniter\View\{closure}()
 4 SYSTEMPATH\Common.php(1134): CodeIgniter\View\View->render('kategori/viewPinjam', [], true)
 5 APPPATH\Controllers\CategoryController.php(51): view('kategori/viewPinjam', [...])
 6 SYSTEMPATH\CodeIgniter.php(927): App\Controllers\CategoryController->pinjam_buku()
 7 SYSTEMPATH\CodeIgniter.php(482): CodeIgniter\CodeIgniter->runController(Object(App\Controllers\CategoryController))
 8 SYSTEMPATH\CodeIgniter.php(351): CodeIgniter\CodeIgniter->handleRequest(null, Object(Config\Cache), false)
 9 FCPATH\index.php(67): CodeIgniter\CodeIgniter->run()
10 SYSTEMPATH\Commands\Server\rewrite.php(46): require_once('FCPATH\\index.php')
CRITICAL - 2022-12-19 02:34:37 --> Undefined array key "kategoribuku"
in APPPATH\Views\kategori\viewPinjam.php on line 183.
 1 APPPATH\Views\kategori\viewPinjam.php(183): CodeIgniter\Debug\Exceptions->errorHandler(2, 'Undefined array key "kategoribuku"', 'APPPATH\\Views\\kategori\\viewPinjam.php', 183)
 2 SYSTEMPATH\View\View.php(213): include('APPPATH\\Views\\kategori\\viewPinjam.php')
 3 SYSTEMPATH\View\View.php(216): CodeIgniter\View\View->CodeIgniter\View\{closure}()
 4 SYSTEMPATH\Common.php(1134): CodeIgniter\View\View->render('kategori/viewPinjam', [], true)
 5 APPPATH\Controllers\CategoryController.php(51): view('kategori/viewPinjam', [...])
 6 SYSTEMPATH\CodeIgniter.php(927): App\Controllers\CategoryController->pinjam_buku()
 7 SYSTEMPATH\CodeIgniter.php(482): CodeIgniter\CodeIgniter->runController(Object(App\Controllers\CategoryController))
 8 SYSTEMPATH\CodeIgniter.php(351): CodeIgniter\CodeIgniter->handleRequest(null, Object(Config\Cache), false)
 9 FCPATH\index.php(67): CodeIgniter\CodeIgniter->run()
10 SYSTEMPATH\Commands\Server\rewrite.php(46): require_once('FCPATH\\index.php')
CRITICAL - 2022-12-19 02:47:24 --> Maximum execution time of 60 seconds exceeded
in SYSTEMPATH\Database\MySQLi\Connection.php on line 171.
 1 [internal function]: CodeIgniter\Debug\Exceptions->shutdownHandler()
CRITICAL - 2022-12-19 12:49:33 --> Call to undefined method CodeIgniter\Session\Session::getGet()
in APPPATH\Views\admin\kelolaanggota.php on line 84.
 1 SYSTEMPATH\View\View.php(213): include()
 2 SYSTEMPATH\View\View.php(216): CodeIgniter\View\View->CodeIgniter\View\{closure}()
 3 SYSTEMPATH\Common.php(1134): CodeIgniter\View\View->render('admin/kelolaanggota', [], true)
 4 APPPATH\Controllers\Admin.php(45): view('admin/kelolaanggota', [...])
 5 SYSTEMPATH\CodeIgniter.php(927): App\Controllers\Admin->anggota()
 6 SYSTEMPATH\CodeIgniter.php(482): CodeIgniter\CodeIgniter->runController(Object(App\Controllers\Admin))
 7 SYSTEMPATH\CodeIgniter.php(351): CodeIgniter\CodeIgniter->handleRequest(null, Object(Config\Cache), false)
 8 FCPATH\index.php(67): CodeIgniter\CodeIgniter->run()
 9 SYSTEMPATH\Commands\Server\rewrite.php(46): require_once('FCPATH\\index.php')
CRITICAL - 2022-12-19 13:35:54 --> Undefined variable $db
in APPPATH\Views\admin\kelolaanggota.php on line 3.
 1 APPPATH\Views\admin\kelolaanggota.php(3): CodeIgniter\Debug\Exceptions->errorHandler(2, 'Undefined variable $db', 'APPPATH\\Views\\admin\\kelolaanggota.php', 3)
 2 SYSTEMPATH\View\View.php(213): include('APPPATH\\Views\\admin\\kelolaanggota.php')
 3 SYSTEMPATH\View\View.php(216): CodeIgniter\View\View->CodeIgniter\View\{closure}()
 4 SYSTEMPATH\Common.php(1134): CodeIgniter\View\View->render('admin/kelolaanggota', [], true)
 5 APPPATH\Controllers\Admin.php(140): view('admin/kelolaanggota', [...])
 6 SYSTEMPATH\CodeIgniter.php(927): App\Controllers\Admin->tambahAnggota()
 7 SYSTEMPATH\CodeIgniter.php(482): CodeIgniter\CodeIgniter->runController(Object(App\Controllers\Admin))
 8 SYSTEMPATH\CodeIgniter.php(351): CodeIgniter\CodeIgniter->handleRequest(null, Object(Config\Cache), false)
 9 FCPATH\index.php(67): CodeIgniter\CodeIgniter->run()
10 SYSTEMPATH\Commands\Server\rewrite.php(46): require_once('FCPATH\\index.php')
CRITICAL - 2022-12-19 14:13:23 --> Undefined array key "nama_lengkap"
in APPPATH\Views\admin\kelolaanggota.php on line 313.
 1 APPPATH\Views\admin\kelolaanggota.php(313): CodeIgniter\Debug\Exceptions->errorHandler(2, 'Undefined array key "nama_lengkap"', 'APPPATH\\Views\\admin\\kelolaanggota.php', 313)
 2 SYSTEMPATH\View\View.php(213): include('APPPATH\\Views\\admin\\kelolaanggota.php')
 3 SYSTEMPATH\View\View.php(216): CodeIgniter\View\View->CodeIgniter\View\{closure}()
 4 SYSTEMPATH\Common.php(1134): CodeIgniter\View\View->render('admin/kelolaanggota', [], true)
 5 APPPATH\Controllers\Admin.php(45): view('admin/kelolaanggota', [...])
 6 SYSTEMPATH\CodeIgniter.php(927): App\Controllers\Admin->anggota()
 7 SYSTEMPATH\CodeIgniter.php(482): CodeIgniter\CodeIgniter->runController(Object(App\Controllers\Admin))
 8 SYSTEMPATH\CodeIgniter.php(351): CodeIgniter\CodeIgniter->handleRequest(null, Object(Config\Cache), false)
 9 FCPATH\index.php(67): CodeIgniter\CodeIgniter->run()
10 SYSTEMPATH\Commands\Server\rewrite.php(46): require_once('FCPATH\\index.php')
CRITICAL - 2022-12-19 14:18:00 --> Undefined variable $id_user
in APPPATH\Views\admin\kelolaanggota.php on line 5.
 1 APPPATH\Views\admin\kelolaanggota.php(5): CodeIgniter\Debug\Exceptions->errorHandler(2, 'Undefined variable $id_user', 'APPPATH\\Views\\admin\\kelolaanggota.php', 5)
 2 SYSTEMPATH\View\View.php(213): include('APPPATH\\Views\\admin\\kelolaanggota.php')
 3 SYSTEMPATH\View\View.php(216): CodeIgniter\View\View->CodeIgniter\View\{closure}()
 4 SYSTEMPATH\Common.php(1134): CodeIgniter\View\View->render('admin/kelolaanggota', [], true)
 5 APPPATH\Controllers\Admin.php(45): view('admin/kelolaanggota', [...])
 6 SYSTEMPATH\CodeIgniter.php(927): App\Controllers\Admin->anggota()
 7 SYSTEMPATH\CodeIgniter.php(482): CodeIgniter\CodeIgniter->runController(Object(App\Controllers\Admin))
 8 SYSTEMPATH\CodeIgniter.php(351): CodeIgniter\CodeIgniter->handleRequest(null, Object(Config\Cache), false)
 9 FCPATH\index.php(67): CodeIgniter\CodeIgniter->run()
10 SYSTEMPATH\Commands\Server\rewrite.php(46): require_once('FCPATH\\index.php')
CRITICAL - 2022-12-19 14:18:13 --> Undefined variable $id_user
in APPPATH\Views\admin\kelolaanggota.php on line 310.
 1 APPPATH\Views\admin\kelolaanggota.php(310): CodeIgniter\Debug\Exceptions->errorHandler(2, 'Undefined variable $id_user', 'APPPATH\\Views\\admin\\kelolaanggota.php', 310)
 2 SYSTEMPATH\View\View.php(213): include('APPPATH\\Views\\admin\\kelolaanggota.php')
 3 SYSTEMPATH\View\View.php(216): CodeIgniter\View\View->CodeIgniter\View\{closure}()
 4 SYSTEMPATH\Common.php(1134): CodeIgniter\View\View->render('admin/kelolaanggota', [], true)
 5 APPPATH\Controllers\Admin.php(45): view('admin/kelolaanggota', [...])
 6 SYSTEMPATH\CodeIgniter.php(927): App\Controllers\Admin->anggota()
 7 SYSTEMPATH\CodeIgniter.php(482): CodeIgniter\CodeIgniter->runController(Object(App\Controllers\Admin))
 8 SYSTEMPATH\CodeIgniter.php(351): CodeIgniter\CodeIgniter->handleRequest(null, Object(Config\Cache), false)
 9 FCPATH\index.php(67): CodeIgniter\CodeIgniter->run()
10 SYSTEMPATH\Commands\Server\rewrite.php(46): require_once('FCPATH\\index.php')
CRITICAL - 2022-12-19 14:22:42 --> Undefined variable $id_user
in APPPATH\Views\admin\kelolaanggota.php on line 310.
 1 APPPATH\Views\admin\kelolaanggota.php(310): CodeIgniter\Debug\Exceptions->errorHandler(2, 'Undefined variable $id_user', 'APPPATH\\Views\\admin\\kelolaanggota.php', 310)
 2 SYSTEMPATH\View\View.php(213): include('APPPATH\\Views\\admin\\kelolaanggota.php')
 3 SYSTEMPATH\View\View.php(216): CodeIgniter\View\View->CodeIgniter\View\{closure}()
 4 SYSTEMPATH\Common.php(1134): CodeIgniter\View\View->render('admin/kelolaanggota', [], true)
 5 APPPATH\Controllers\Admin.php(45): view('admin/kelolaanggota', [...])
 6 SYSTEMPATH\CodeIgniter.php(927): App\Controllers\Admin->anggota()
 7 SYSTEMPATH\CodeIgniter.php(482): CodeIgniter\CodeIgniter->runController(Object(App\Controllers\Admin))
 8 SYSTEMPATH\CodeIgniter.php(351): CodeIgniter\CodeIgniter->handleRequest(null, Object(Config\Cache), false)
 9 FCPATH\index.php(67): CodeIgniter\CodeIgniter->run()
10 SYSTEMPATH\Commands\Server\rewrite.php(46): require_once('FCPATH\\index.php')
CRITICAL - 2022-12-19 14:22:59 --> syntax error, unexpected token ">"
in APPPATH\Views\admin\kelolaanggota.php on line 310.
 1 SYSTEMPATH\View\View.php(216): CodeIgniter\View\View->CodeIgniter\View\{closure}()
 2 SYSTEMPATH\Common.php(1134): CodeIgniter\View\View->render('admin/kelolaanggota', [], true)
 3 APPPATH\Controllers\Admin.php(45): view('admin/kelolaanggota', [...])
 4 SYSTEMPATH\CodeIgniter.php(927): App\Controllers\Admin->anggota()
 5 SYSTEMPATH\CodeIgniter.php(482): CodeIgniter\CodeIgniter->runController(Object(App\Controllers\Admin))
 6 SYSTEMPATH\CodeIgniter.php(351): CodeIgniter\CodeIgniter->handleRequest(null, Object(Config\Cache), false)
 7 FCPATH\index.php(67): CodeIgniter\CodeIgniter->run()
 8 SYSTEMPATH\Commands\Server\rewrite.php(46): require_once('FCPATH\\index.php')
ERROR - 2022-12-19 15:38:15 --> Error connecting to the database: mysqli_sql_exception: A socket operation was attempted to an unreachable host in D:\Haruman\ci4\system\Database\MySQLi\Connection.php:171
Stack trace:
#0 D:\Haruman\ci4\system\Database\MySQLi\Connection.php(171): mysqli->real_connect('103.134.152.6', 'stylecod_haruma...', 'haruman1234', 'stylecod_pemweb', 3306, '', 0)
#1 D:\Haruman\ci4\system\Database\BaseConnection.php(382): CodeIgniter\Database\MySQLi\Connection->connect(false)
#2 D:\Haruman\ci4\system\Database\BaseConnection.php(561): CodeIgniter\Database\BaseConnection->initialize()
#3 D:\Haruman\ci4\system\Database\BaseBuilder.php(1585): CodeIgniter\Database\BaseConnection->query('SELECT 1\nFROM `...', Array, false)
#4 D:\Haruman\ci4\system\Validation\Rules.php(142): CodeIgniter\Database\BaseBuilder->get()
#5 D:\Haruman\ci4\system\Validation\Validation.php(315): CodeIgniter\Validation\Rules->is_unique('dehyjexa@brand-...', 'email', Array, NULL, 'email_user')
#6 D:\Haruman\ci4\system\Validation\Validation.php(175): CodeIgniter\Validation\Validation->processRules('email_user', 'email_user', 'dehyjexa@brand-...', Array, Array)
#7 D:\Haruman\ci4\system\Controller.php(140): CodeIgniter\Validation\Validation->run()
#8 D:\Haruman\ci4\app\Controllers\Admin.php(86): CodeIgniter\Controller->validate(Array)
#9 D:\Haruman\ci4\system\CodeIgniter.php(927): App\Controllers\Admin->tambahAnggota()
#10 D:\Haruman\ci4\system\CodeIgniter.php(482): CodeIgniter\CodeIgniter->runController(Object(App\Controllers\Admin))
#11 D:\Haruman\ci4\system\CodeIgniter.php(351): CodeIgniter\CodeIgniter->handleRequest(NULL, Object(Config\Cache), false)
#12 D:\Haruman\ci4\public\index.php(67): CodeIgniter\CodeIgniter->run()
#13 D:\Haruman\ci4\system\Commands\Server\rewrite.php(46): require_once('D:\\Haruman\\ci4\\...')
#14 {main}

Next CodeIgniter\Database\Exceptions\DatabaseException: A socket operation was attempted to an unreachable host in D:\Haruman\ci4\system\Database\MySQLi\Connection.php:215
Stack trace:
#0 D:\Haruman\ci4\system\Database\BaseConnection.php(382): CodeIgniter\Database\MySQLi\Connection->connect(false)
#1 D:\Haruman\ci4\system\Database\BaseConnection.php(561): CodeIgniter\Database\BaseConnection->initialize()
#2 D:\Haruman\ci4\system\Database\BaseBuilder.php(1585): CodeIgniter\Database\BaseConnection->query('SELECT 1\nFROM `...', Array, false)
#3 D:\Haruman\ci4\system\Validation\Rules.php(142): CodeIgniter\Database\BaseBuilder->get()
#4 D:\Haruman\ci4\system\Validation\Validation.php(315): CodeIgniter\Validation\Rules->is_unique('dehyjexa@brand-...', 'email', Array, NULL, 'email_user')
#5 D:\Haruman\ci4\system\Validation\Validation.php(175): CodeIgniter\Validation\Validation->processRules('email_user', 'email_user', 'dehyjexa@brand-...', Array, Array)
#6 D:\Haruman\ci4\system\Controller.php(140): CodeIgniter\Validation\Validation->run()
#7 D:\Haruman\ci4\app\Controllers\Admin.php(86): CodeIgniter\Controller->validate(Array)
#8 D:\Haruman\ci4\system\CodeIgniter.php(927): App\Controllers\Admin->tambahAnggota()
#9 D:\Haruman\ci4\system\CodeIgniter.php(482): CodeIgniter\CodeIgniter->runController(Object(App\Controllers\Admin))
#10 D:\Haruman\ci4\system\CodeIgniter.php(351): CodeIgniter\CodeIgniter->handleRequest(NULL, Object(Config\Cache), false)
#11 D:\Haruman\ci4\public\index.php(67): CodeIgniter\CodeIgniter->run()
#12 D:\Haruman\ci4\system\Commands\Server\rewrite.php(46): require_once('D:\\Haruman\\ci4\\...')
#13 {main}
CRITICAL - 2022-12-19 15:38:15 --> Unable to connect to the database.
Main connection [MySQLi]: A socket operation was attempted to an unreachable host
in SYSTEMPATH\Database\BaseConnection.php on line 418.
 1 SYSTEMPATH\Database\BaseConnection.php(561): CodeIgniter\Database\BaseConnection->initialize()
 2 SYSTEMPATH\Database\BaseBuilder.php(1585): CodeIgniter\Database\BaseConnection->query('SELECT 1
FROM `user`
WHERE `email` = :email:
 LIMIT 1', [...], false)
 3 SYSTEMPATH\Validation\Rules.php(142): CodeIgniter\Database\BaseBuilder->get()
 4 SYSTEMPATH\Validation\Validation.php(315): CodeIgniter\Validation\Rules->is_unique('dehyjexa@brand-app.bizq', 'email', [...], null, 'email_user')
 5 SYSTEMPATH\Validation\Validation.php(175): CodeIgniter\Validation\Validation->processRules('email_user', 'email_user', 'dehyjexa@brand-app.bizq', [...], [...])
 6 SYSTEMPATH\Controller.php(140): CodeIgniter\Validation\Validation->run()
 7 APPPATH\Controllers\Admin.php(86): CodeIgniter\Controller->validate([...])
 8 SYSTEMPATH\CodeIgniter.php(927): App\Controllers\Admin->tambahAnggota()
 9 SYSTEMPATH\CodeIgniter.php(482): CodeIgniter\CodeIgniter->runController(Object(App\Controllers\Admin))
10 SYSTEMPATH\CodeIgniter.php(351): CodeIgniter\CodeIgniter->handleRequest(null, Object(Config\Cache), false)
11 FCPATH\index.php(67): CodeIgniter\CodeIgniter->run()
12 SYSTEMPATH\Commands\Server\rewrite.php(46): require_once('FCPATH\\index.php')
