CRITICAL - 2022-12-13 01:42:36 --> Invalid file: auth/register.php
in SYSTEMPATH\Exceptions\FrameworkException.php on line 33.
 1 SYSTEMPATH\View\View.php(201): CodeIgniter\Exceptions\FrameworkException::forInvalidFile('auth/register.php')
 2 SYSTEMPATH\Common.php(1134): CodeIgniter\View\View->render('auth/register', [], true)
 3 APPPATH\Controllers\Auth.php(184): view('auth/register', [...])
 4 SYSTEMPATH\CodeIgniter.php(927): App\Controllers\Auth->save()
 5 SYSTEMPATH\CodeIgniter.php(482): CodeIgniter\CodeIgniter->runController(Object(App\Controllers\Auth))
 6 SYSTEMPATH\CodeIgniter.php(351): CodeIgniter\CodeIgniter->handleRequest(null, Object(Config\Cache), false)
 7 FCPATH\index.php(67): CodeIgniter\CodeIgniter->run()
 8 SYSTEMPATH\Commands\Server\rewrite.php(46): require_once('FCPATH\\index.php')
CRITICAL - 2022-12-13 02:06:37 --> Undefined variable $flashData
in APPPATH\Views\auth\viewRegister.php on line 29.
 1 APPPATH\Views\auth\viewRegister.php(29): CodeIgniter\Debug\Exceptions->errorHandler(2, 'Undefined variable $flashData', 'APPPATH\\Views\\auth\\viewRegister.php', 29)
 2 SYSTEMPATH\View\View.php(213): include('APPPATH\\Views\\auth\\viewRegister.php')
 3 SYSTEMPATH\View\View.php(216): CodeIgniter\View\View->CodeIgniter\View\{closure}()
 4 SYSTEMPATH\Common.php(1134): CodeIgniter\View\View->render('auth/viewRegister', [...], true)
 5 APPPATH\Controllers\Auth.php(59): view('auth/viewRegister', [...], [...])
 6 SYSTEMPATH\CodeIgniter.php(927): App\Controllers\Auth->register()
 7 SYSTEMPATH\CodeIgniter.php(482): CodeIgniter\CodeIgniter->runController(Object(App\Controllers\Auth))
 8 SYSTEMPATH\CodeIgniter.php(351): CodeIgniter\CodeIgniter->handleRequest(null, Object(Config\Cache), false)
 9 FCPATH\index.php(67): CodeIgniter\CodeIgniter->run()
10 SYSTEMPATH\Commands\Server\rewrite.php(46): require_once('FCPATH\\index.php')
CRITICAL - 2022-12-13 02:07:34 --> Undefined variable $session
in APPPATH\Views\auth\viewRegister.php on line 29.
 1 APPPATH\Views\auth\viewRegister.php(29): CodeIgniter\Debug\Exceptions->errorHandler(2, 'Undefined variable $session', 'APPPATH\\Views\\auth\\viewRegister.php', 29)
 2 SYSTEMPATH\View\View.php(213): include('APPPATH\\Views\\auth\\viewRegister.php')
 3 SYSTEMPATH\View\View.php(216): CodeIgniter\View\View->CodeIgniter\View\{closure}()
 4 SYSTEMPATH\Common.php(1134): CodeIgniter\View\View->render('auth/viewRegister', [...], true)
 5 APPPATH\Controllers\Auth.php(59): view('auth/viewRegister', [...], [...])
 6 SYSTEMPATH\CodeIgniter.php(927): App\Controllers\Auth->register()
 7 SYSTEMPATH\CodeIgniter.php(482): CodeIgniter\CodeIgniter->runController(Object(App\Controllers\Auth))
 8 SYSTEMPATH\CodeIgniter.php(351): CodeIgniter\CodeIgniter->handleRequest(null, Object(Config\Cache), false)
 9 FCPATH\index.php(67): CodeIgniter\CodeIgniter->run()
10 SYSTEMPATH\Commands\Server\rewrite.php(46): require_once('FCPATH\\index.php')
CRITICAL - 2022-12-13 02:08:21 --> Undefined variable $flashData
in APPPATH\Views\auth\viewRegister.php on line 39.
 1 APPPATH\Views\auth\viewRegister.php(39): CodeIgniter\Debug\Exceptions->errorHandler(2, 'Undefined variable $flashData', 'APPPATH\\Views\\auth\\viewRegister.php', 39)
 2 SYSTEMPATH\View\View.php(213): include('APPPATH\\Views\\auth\\viewRegister.php')
 3 SYSTEMPATH\View\View.php(216): CodeIgniter\View\View->CodeIgniter\View\{closure}()
 4 SYSTEMPATH\Common.php(1134): CodeIgniter\View\View->render('auth/viewRegister', [...], true)
 5 APPPATH\Controllers\Auth.php(59): view('auth/viewRegister', [...], [...])
 6 SYSTEMPATH\CodeIgniter.php(927): App\Controllers\Auth->register()
 7 SYSTEMPATH\CodeIgniter.php(482): CodeIgniter\CodeIgniter->runController(Object(App\Controllers\Auth))
 8 SYSTEMPATH\CodeIgniter.php(351): CodeIgniter\CodeIgniter->handleRequest(null, Object(Config\Cache), false)
 9 FCPATH\index.php(67): CodeIgniter\CodeIgniter->run()
10 SYSTEMPATH\Commands\Server\rewrite.php(46): require_once('FCPATH\\index.php')
CRITICAL - 2022-12-13 02:23:14 --> Undefined array key "LINK_WEB"
in APPPATH\Views\auth\viewRegister.php on line 2.
 1 APPPATH\Views\auth\viewRegister.php(2): CodeIgniter\Debug\Exceptions->errorHandler(2, 'Undefined array key "LINK_WEB"', 'APPPATH\\Views\\auth\\viewRegister.php', 2)
 2 SYSTEMPATH\View\View.php(213): include('APPPATH\\Views\\auth\\viewRegister.php')
 3 SYSTEMPATH\View\View.php(216): CodeIgniter\View\View->CodeIgniter\View\{closure}()
 4 SYSTEMPATH\Common.php(1134): CodeIgniter\View\View->render('auth/viewRegister', [...], true)
 5 APPPATH\Controllers\Auth.php(59): view('auth/viewRegister', [...], [...])
 6 SYSTEMPATH\CodeIgniter.php(927): App\Controllers\Auth->register()
 7 SYSTEMPATH\CodeIgniter.php(482): CodeIgniter\CodeIgniter->runController(Object(App\Controllers\Auth))
 8 SYSTEMPATH\CodeIgniter.php(351): CodeIgniter\CodeIgniter->handleRequest(null, Object(Config\Cache), false)
 9 FCPATH\index.php(67): CodeIgniter\CodeIgniter->run()
10 SYSTEMPATH\Commands\Server\rewrite.php(46): require_once('FCPATH\\index.php')
CRITICAL - 2022-12-13 02:26:35 --> Undefined array key "LINK_WEB"
in APPPATH\Views\auth\viewRegister.php on line 2.
 1 APPPATH\Views\auth\viewRegister.php(2): CodeIgniter\Debug\Exceptions->errorHandler(2, 'Undefined array key "LINK_WEB"', 'APPPATH\\Views\\auth\\viewRegister.php', 2)
 2 SYSTEMPATH\View\View.php(213): include('APPPATH\\Views\\auth\\viewRegister.php')
 3 SYSTEMPATH\View\View.php(216): CodeIgniter\View\View->CodeIgniter\View\{closure}()
 4 SYSTEMPATH\Common.php(1134): CodeIgniter\View\View->render('auth/viewRegister', [...], true)
 5 APPPATH\Controllers\Auth.php(59): view('auth/viewRegister', [...], [...])
 6 SYSTEMPATH\CodeIgniter.php(927): App\Controllers\Auth->register()
 7 SYSTEMPATH\CodeIgniter.php(482): CodeIgniter\CodeIgniter->runController(Object(App\Controllers\Auth))
 8 SYSTEMPATH\CodeIgniter.php(351): CodeIgniter\CodeIgniter->handleRequest(null, Object(Config\Cache), false)
 9 FCPATH\index.php(67): CodeIgniter\CodeIgniter->run()
10 SYSTEMPATH\Commands\Server\rewrite.php(46): require_once('FCPATH\\index.php')
CRITICAL - 2022-12-13 02:27:01 --> Undefined array key "LINK_WEB"
in APPPATH\Views\auth\viewRegister.php on line 7.
 1 APPPATH\Views\auth\viewRegister.php(7): CodeIgniter\Debug\Exceptions->errorHandler(2, 'Undefined array key "LINK_WEB"', 'APPPATH\\Views\\auth\\viewRegister.php', 7)
 2 SYSTEMPATH\View\View.php(213): include('APPPATH\\Views\\auth\\viewRegister.php')
 3 SYSTEMPATH\View\View.php(216): CodeIgniter\View\View->CodeIgniter\View\{closure}()
 4 SYSTEMPATH\Common.php(1134): CodeIgniter\View\View->render('auth/viewRegister', [...], true)
 5 APPPATH\Controllers\Auth.php(59): view('auth/viewRegister', [...], [...])
 6 SYSTEMPATH\CodeIgniter.php(927): App\Controllers\Auth->register()
 7 SYSTEMPATH\CodeIgniter.php(482): CodeIgniter\CodeIgniter->runController(Object(App\Controllers\Auth))
 8 SYSTEMPATH\CodeIgniter.php(351): CodeIgniter\CodeIgniter->handleRequest(null, Object(Config\Cache), false)
 9 FCPATH\index.php(67): CodeIgniter\CodeIgniter->run()
10 SYSTEMPATH\Commands\Server\rewrite.php(46): require_once('FCPATH\\index.php')
CRITICAL - 2022-12-13 02:27:45 --> Undefined variable $regis_nama_msg
in APPPATH\Views\auth\viewRegister.php on line 15.
 1 APPPATH\Views\auth\viewRegister.php(15): CodeIgniter\Debug\Exceptions->errorHandler(2, 'Undefined variable $regis_nama_msg', 'APPPATH\\Views\\auth\\viewRegister.php', 15)
 2 SYSTEMPATH\View\View.php(213): include('APPPATH\\Views\\auth\\viewRegister.php')
 3 SYSTEMPATH\View\View.php(216): CodeIgniter\View\View->CodeIgniter\View\{closure}()
 4 SYSTEMPATH\Common.php(1134): CodeIgniter\View\View->render('auth/viewRegister', [...], true)
 5 APPPATH\Controllers\Auth.php(59): view('auth/viewRegister', [...], [...])
 6 SYSTEMPATH\CodeIgniter.php(927): App\Controllers\Auth->register()
 7 SYSTEMPATH\CodeIgniter.php(482): CodeIgniter\CodeIgniter->runController(Object(App\Controllers\Auth))
 8 SYSTEMPATH\CodeIgniter.php(351): CodeIgniter\CodeIgniter->handleRequest(null, Object(Config\Cache), false)
 9 FCPATH\index.php(67): CodeIgniter\CodeIgniter->run()
10 SYSTEMPATH\Commands\Server\rewrite.php(46): require_once('FCPATH\\index.php')
CRITICAL - 2022-12-13 02:31:01 --> Undefined array key "LINK_WEB"
in APPPATH\Views\auth\viewRegister.php on line 56.
 1 APPPATH\Views\auth\viewRegister.php(56): CodeIgniter\Debug\Exceptions->errorHandler(2, 'Undefined array key "LINK_WEB"', 'APPPATH\\Views\\auth\\viewRegister.php', 56)
 2 SYSTEMPATH\View\View.php(213): include('APPPATH\\Views\\auth\\viewRegister.php')
 3 SYSTEMPATH\View\View.php(216): CodeIgniter\View\View->CodeIgniter\View\{closure}()
 4 SYSTEMPATH\Common.php(1134): CodeIgniter\View\View->render('auth/viewRegister', [...], true)
 5 APPPATH\Controllers\Auth.php(59): view('auth/viewRegister', [...], [...])
 6 SYSTEMPATH\CodeIgniter.php(927): App\Controllers\Auth->register()
 7 SYSTEMPATH\CodeIgniter.php(482): CodeIgniter\CodeIgniter->runController(Object(App\Controllers\Auth))
 8 SYSTEMPATH\CodeIgniter.php(351): CodeIgniter\CodeIgniter->handleRequest(null, Object(Config\Cache), false)
 9 FCPATH\index.php(67): CodeIgniter\CodeIgniter->run()
10 SYSTEMPATH\Commands\Server\rewrite.php(46): require_once('FCPATH\\index.php')
CRITICAL - 2022-12-13 04:55:12 --> CodeIgniter\Session\Session::markAsTempdata(): Argument #2 ($ttl) must be of type int, string given, called in D:\Haruman\ci4\app\Controllers\Auth.php on line 188
in SYSTEMPATH\Session\Session.php on line 805.
 1 APPPATH\Controllers\Auth.php(188): CodeIgniter\Session\Session->markAsTempdata('errorNama', 'The nama_user field must be at least 3 characters in length.', 60)
 2 SYSTEMPATH\CodeIgniter.php(927): App\Controllers\Auth->save()
 3 SYSTEMPATH\CodeIgniter.php(482): CodeIgniter\CodeIgniter->runController(Object(App\Controllers\Auth))
 4 SYSTEMPATH\CodeIgniter.php(351): CodeIgniter\CodeIgniter->handleRequest(null, Object(Config\Cache), false)
 5 FCPATH\index.php(67): CodeIgniter\CodeIgniter->run()
 6 SYSTEMPATH\Commands\Server\rewrite.php(46): require_once('FCPATH\\index.php')
CRITICAL - 2022-12-13 08:39:18 --> CodeIgniter\Validation\Validation::getError(): Argument #1 ($field) must be of type ?string, array given, called in D:\Haruman\ci4\app\Controllers\Auth.php on line 188
in SYSTEMPATH\Validation\Validation.php on line 691.
 1 APPPATH\Controllers\Auth.php(188): CodeIgniter\Validation\Validation->getError([...])
 2 SYSTEMPATH\CodeIgniter.php(927): App\Controllers\Auth->save()
 3 SYSTEMPATH\CodeIgniter.php(482): CodeIgniter\CodeIgniter->runController(Object(App\Controllers\Auth))
 4 SYSTEMPATH\CodeIgniter.php(351): CodeIgniter\CodeIgniter->handleRequest(null, Object(Config\Cache), false)
 5 FCPATH\index.php(67): CodeIgniter\CodeIgniter->run()
 6 SYSTEMPATH\Commands\Server\rewrite.php(46): require_once('FCPATH\\index.php')
ERROR - 2022-12-13 19:15:05 --> Error connecting to the database: mysqli_sql_exception: No connection could be made because the target machine actively refused it in D:\Haruman\ci4\system\Database\MySQLi\Connection.php:171
Stack trace:
#0 D:\Haruman\ci4\system\Database\MySQLi\Connection.php(171): mysqli->real_connect('localhost', 'root', '', 'ci4', 3306, '', 0)
#1 D:\Haruman\ci4\system\Database\BaseConnection.php(382): CodeIgniter\Database\MySQLi\Connection->connect(false)
#2 D:\Haruman\ci4\system\Database\BaseConnection.php(561): CodeIgniter\Database\BaseConnection->initialize()
#3 D:\Haruman\ci4\system\Database\BaseBuilder.php(1585): CodeIgniter\Database\BaseConnection->query('SELECT 1\nFROM `...', Array, false)
#4 D:\Haruman\ci4\system\Validation\Rules.php(142): CodeIgniter\Database\BaseBuilder->get()
#5 D:\Haruman\ci4\system\Validation\Validation.php(315): CodeIgniter\Validation\Rules->is_unique('asepjajang', 'username', Array, NULL, 'username_user')
#6 D:\Haruman\ci4\system\Validation\Validation.php(175): CodeIgniter\Validation\Validation->processRules('username_user', 'username_user', 'asepjajang', Array, Array)
#7 D:\Haruman\ci4\system\Controller.php(140): CodeIgniter\Validation\Validation->run()
#8 D:\Haruman\ci4\app\Controllers\Auth.php(172): CodeIgniter\Controller->validate(Array)
#9 D:\Haruman\ci4\system\CodeIgniter.php(927): App\Controllers\Auth->save()
#10 D:\Haruman\ci4\system\CodeIgniter.php(482): CodeIgniter\CodeIgniter->runController(Object(App\Controllers\Auth))
#11 D:\Haruman\ci4\system\CodeIgniter.php(351): CodeIgniter\CodeIgniter->handleRequest(NULL, Object(Config\Cache), false)
#12 D:\Haruman\ci4\public\index.php(67): CodeIgniter\CodeIgniter->run()
#13 D:\Haruman\ci4\system\Commands\Server\rewrite.php(46): require_once('D:\\Haruman\\ci4\\...')
#14 {main}

Next CodeIgniter\Database\Exceptions\DatabaseException: No connection could be made because the target machine actively refused it in D:\Haruman\ci4\system\Database\MySQLi\Connection.php:215
Stack trace:
#0 D:\Haruman\ci4\system\Database\BaseConnection.php(382): CodeIgniter\Database\MySQLi\Connection->connect(false)
#1 D:\Haruman\ci4\system\Database\BaseConnection.php(561): CodeIgniter\Database\BaseConnection->initialize()
#2 D:\Haruman\ci4\system\Database\BaseBuilder.php(1585): CodeIgniter\Database\BaseConnection->query('SELECT 1\nFROM `...', Array, false)
#3 D:\Haruman\ci4\system\Validation\Rules.php(142): CodeIgniter\Database\BaseBuilder->get()
#4 D:\Haruman\ci4\system\Validation\Validation.php(315): CodeIgniter\Validation\Rules->is_unique('asepjajang', 'username', Array, NULL, 'username_user')
#5 D:\Haruman\ci4\system\Validation\Validation.php(175): CodeIgniter\Validation\Validation->processRules('username_user', 'username_user', 'asepjajang', Array, Array)
#6 D:\Haruman\ci4\system\Controller.php(140): CodeIgniter\Validation\Validation->run()
#7 D:\Haruman\ci4\app\Controllers\Auth.php(172): CodeIgniter\Controller->validate(Array)
#8 D:\Haruman\ci4\system\CodeIgniter.php(927): App\Controllers\Auth->save()
#9 D:\Haruman\ci4\system\CodeIgniter.php(482): CodeIgniter\CodeIgniter->runController(Object(App\Controllers\Auth))
#10 D:\Haruman\ci4\system\CodeIgniter.php(351): CodeIgniter\CodeIgniter->handleRequest(NULL, Object(Config\Cache), false)
#11 D:\Haruman\ci4\public\index.php(67): CodeIgniter\CodeIgniter->run()
#12 D:\Haruman\ci4\system\Commands\Server\rewrite.php(46): require_once('D:\\Haruman\\ci4\\...')
#13 {main}
CRITICAL - 2022-12-13 19:15:05 --> Unable to connect to the database.
Main connection [MySQLi]: No connection could be made because the target machine actively refused it
in SYSTEMPATH\Database\BaseConnection.php on line 418.
 1 SYSTEMPATH\Database\BaseConnection.php(561): CodeIgniter\Database\BaseConnection->initialize()
 2 SYSTEMPATH\Database\BaseBuilder.php(1585): CodeIgniter\Database\BaseConnection->query('SELECT 1
FROM `user`
WHERE `username` = :username:
 LIMIT 1', [...], false)
 3 SYSTEMPATH\Validation\Rules.php(142): CodeIgniter\Database\BaseBuilder->get()
 4 SYSTEMPATH\Validation\Validation.php(315): CodeIgniter\Validation\Rules->is_unique('asepjajang', 'username', [...], null, 'username_user')
 5 SYSTEMPATH\Validation\Validation.php(175): CodeIgniter\Validation\Validation->processRules('username_user', 'username_user', 'asepjajang', [...], [...])
 6 SYSTEMPATH\Controller.php(140): CodeIgniter\Validation\Validation->run()
 7 APPPATH\Controllers\Auth.php(172): CodeIgniter\Controller->validate([...])
 8 SYSTEMPATH\CodeIgniter.php(927): App\Controllers\Auth->save()
 9 SYSTEMPATH\CodeIgniter.php(482): CodeIgniter\CodeIgniter->runController(Object(App\Controllers\Auth))
10 SYSTEMPATH\CodeIgniter.php(351): CodeIgniter\CodeIgniter->handleRequest(null, Object(Config\Cache), false)
11 FCPATH\index.php(67): CodeIgniter\CodeIgniter->run()
12 SYSTEMPATH\Commands\Server\rewrite.php(46): require_once('FCPATH\\index.php')
CRITICAL - 2022-12-13 19:22:41 --> Undefined property: CodeIgniter\Validation\Validation::$listErrors
in APPPATH\Views\template\auth\footer.php on line 26.
 1 APPPATH\Views\template\auth\footer.php(26): CodeIgniter\Debug\Exceptions->errorHandler(2, 'Undefined property: CodeIgniter\\Validation\\Validation::$listErrors', 'APPPATH\\Views\\template\\auth\\footer.php', 26)
 2 SYSTEMPATH\View\View.php(213): include('APPPATH\\Views\\template\\auth\\footer.php')
 3 SYSTEMPATH\View\View.php(216): CodeIgniter\View\View->CodeIgniter\View\{closure}()
 4 SYSTEMPATH\Common.php(1134): CodeIgniter\View\View->render('template/auth/footer', [], true)
 5 APPPATH\Controllers\Auth.php(198): view('template/auth/footer')
 6 SYSTEMPATH\CodeIgniter.php(927): App\Controllers\Auth->save()
 7 SYSTEMPATH\CodeIgniter.php(482): CodeIgniter\CodeIgniter->runController(Object(App\Controllers\Auth))
 8 SYSTEMPATH\CodeIgniter.php(351): CodeIgniter\CodeIgniter->handleRequest(null, Object(Config\Cache), false)
 9 FCPATH\index.php(67): CodeIgniter\CodeIgniter->run()
10 SYSTEMPATH\Commands\Server\rewrite.php(46): require_once('FCPATH\\index.php')
CRITICAL - 2022-12-13 19:22:53 --> Undefined property: CodeIgniter\Validation\Validation::$listErrors
in APPPATH\Views\template\auth\footer.php on line 26.
 1 APPPATH\Views\template\auth\footer.php(26): CodeIgniter\Debug\Exceptions->errorHandler(2, 'Undefined property: CodeIgniter\\Validation\\Validation::$listErrors', 'APPPATH\\Views\\template\\auth\\footer.php', 26)
 2 SYSTEMPATH\View\View.php(213): include('APPPATH\\Views\\template\\auth\\footer.php')
 3 SYSTEMPATH\View\View.php(216): CodeIgniter\View\View->CodeIgniter\View\{closure}()
 4 SYSTEMPATH\Common.php(1134): CodeIgniter\View\View->render('template/auth/footer', [], true)
 5 APPPATH\Controllers\Auth.php(198): view('template/auth/footer')
 6 SYSTEMPATH\CodeIgniter.php(927): App\Controllers\Auth->save()
 7 SYSTEMPATH\CodeIgniter.php(482): CodeIgniter\CodeIgniter->runController(Object(App\Controllers\Auth))
 8 SYSTEMPATH\CodeIgniter.php(351): CodeIgniter\CodeIgniter->handleRequest(null, Object(Config\Cache), false)
 9 FCPATH\index.php(67): CodeIgniter\CodeIgniter->run()
10 SYSTEMPATH\Commands\Server\rewrite.php(46): require_once('FCPATH\\index.php')
CRITICAL - 2022-12-13 19:23:19 --> Undefined property: CodeIgniter\Validation\Validation::$listErrors
in APPPATH\Views\template\auth\footer.php on line 26.
 1 APPPATH\Views\template\auth\footer.php(26): CodeIgniter\Debug\Exceptions->errorHandler(2, 'Undefined property: CodeIgniter\\Validation\\Validation::$listErrors', 'APPPATH\\Views\\template\\auth\\footer.php', 26)
 2 SYSTEMPATH\View\View.php(213): include('APPPATH\\Views\\template\\auth\\footer.php')
 3 SYSTEMPATH\View\View.php(216): CodeIgniter\View\View->CodeIgniter\View\{closure}()
 4 SYSTEMPATH\Common.php(1134): CodeIgniter\View\View->render('template/auth/footer', [], true)
 5 APPPATH\Controllers\Auth.php(198): view('template/auth/footer', [...])
 6 SYSTEMPATH\CodeIgniter.php(927): App\Controllers\Auth->save()
 7 SYSTEMPATH\CodeIgniter.php(482): CodeIgniter\CodeIgniter->runController(Object(App\Controllers\Auth))
 8 SYSTEMPATH\CodeIgniter.php(351): CodeIgniter\CodeIgniter->handleRequest(null, Object(Config\Cache), false)
 9 FCPATH\index.php(67): CodeIgniter\CodeIgniter->run()
10 SYSTEMPATH\Commands\Server\rewrite.php(46): require_once('FCPATH\\index.php')
CRITICAL - 2022-12-13 20:54:53 --> Undefined array key "LINK_WEB"
in APPPATH\Views\auth\viewLogin.php on line 8.
 1 APPPATH\Views\auth\viewLogin.php(8): CodeIgniter\Debug\Exceptions->errorHandler(2, 'Undefined array key "LINK_WEB"', 'APPPATH\\Views\\auth\\viewLogin.php', 8)
 2 SYSTEMPATH\View\View.php(213): include('APPPATH\\Views\\auth\\viewLogin.php')
 3 SYSTEMPATH\View\View.php(216): CodeIgniter\View\View->CodeIgniter\View\{closure}()
 4 SYSTEMPATH\Common.php(1134): CodeIgniter\View\View->render('auth/viewLogin', [...], true)
 5 APPPATH\Controllers\Auth.php(170): view('auth/viewLogin', [...], [...])
 6 SYSTEMPATH\CodeIgniter.php(927): App\Controllers\Auth->login()
 7 SYSTEMPATH\CodeIgniter.php(482): CodeIgniter\CodeIgniter->runController(Object(App\Controllers\Auth))
 8 SYSTEMPATH\CodeIgniter.php(351): CodeIgniter\CodeIgniter->handleRequest(null, Object(Config\Cache), false)
 9 FCPATH\index.php(67): CodeIgniter\CodeIgniter->run()
10 SYSTEMPATH\Commands\Server\rewrite.php(46): require_once('FCPATH\\index.php')
CRITICAL - 2022-12-13 21:05:34 --> ini_set(): Session ini settings cannot be changed when a session is active
in APPPATH\Views\template\auth\footer.php on line 22.
 1 [internal function]: CodeIgniter\Debug\Exceptions->errorHandler(2, 'ini_set(): Session ini settings cannot be changed when a session is active', 'APPPATH\\Views\\template\\auth\\footer.php', 22)
 2 APPPATH\Views\template\auth\footer.php(22): ini_set('session.gc_maxlifetime', '1')
 3 SYSTEMPATH\View\View.php(213): include('APPPATH\\Views\\template\\auth\\footer.php')
 4 SYSTEMPATH\View\View.php(216): CodeIgniter\View\View->CodeIgniter\View\{closure}()
 5 SYSTEMPATH\Common.php(1134): CodeIgniter\View\View->render('template/auth/footer', [], true)
 6 APPPATH\Controllers\Auth.php(175): view('template/auth/footer')
 7 SYSTEMPATH\CodeIgniter.php(927): App\Controllers\Auth->login()
 8 SYSTEMPATH\CodeIgniter.php(482): CodeIgniter\CodeIgniter->runController(Object(App\Controllers\Auth))
 9 SYSTEMPATH\CodeIgniter.php(351): CodeIgniter\CodeIgniter->handleRequest(null, Object(Config\Cache), false)
10 FCPATH\index.php(67): CodeIgniter\CodeIgniter->run()
11 SYSTEMPATH\Commands\Server\rewrite.php(46): require_once('FCPATH\\index.php')
CRITICAL - 2022-12-13 21:09:08 --> Unsupported operand types: int - CodeIgniter\Validation\Validation
in APPPATH\Views\template\auth\footer.php on line 24.
 1 SYSTEMPATH\View\View.php(213): include()
 2 SYSTEMPATH\View\View.php(216): CodeIgniter\View\View->CodeIgniter\View\{closure}()
 3 SYSTEMPATH\Common.php(1134): CodeIgniter\View\View->render('template/auth/footer', [], true)
 4 APPPATH\Controllers\Auth.php(175): view('template/auth/footer')
 5 SYSTEMPATH\CodeIgniter.php(927): App\Controllers\Auth->login()
 6 SYSTEMPATH\CodeIgniter.php(482): CodeIgniter\CodeIgniter->runController(Object(App\Controllers\Auth))
 7 SYSTEMPATH\CodeIgniter.php(351): CodeIgniter\CodeIgniter->handleRequest(null, Object(Config\Cache), false)
 8 FCPATH\index.php(67): CodeIgniter\CodeIgniter->run()
 9 SYSTEMPATH\Commands\Server\rewrite.php(46): require_once('FCPATH\\index.php')
CRITICAL - 2022-12-13 21:09:51 --> Unsupported operand types: int - CodeIgniter\Validation\Validation
in APPPATH\Views\template\auth\footer.php on line 24.
 1 SYSTEMPATH\View\View.php(213): include()
 2 SYSTEMPATH\View\View.php(216): CodeIgniter\View\View->CodeIgniter\View\{closure}()
 3 SYSTEMPATH\Common.php(1134): CodeIgniter\View\View->render('template/auth/footer', [], true)
 4 APPPATH\Controllers\Auth.php(175): view('template/auth/footer')
 5 SYSTEMPATH\CodeIgniter.php(927): App\Controllers\Auth->login()
 6 SYSTEMPATH\CodeIgniter.php(482): CodeIgniter\CodeIgniter->runController(Object(App\Controllers\Auth))
 7 SYSTEMPATH\CodeIgniter.php(351): CodeIgniter\CodeIgniter->handleRequest(null, Object(Config\Cache), false)
 8 FCPATH\index.php(67): CodeIgniter\CodeIgniter->run()
 9 SYSTEMPATH\Commands\Server\rewrite.php(46): require_once('FCPATH\\index.php')
CRITICAL - 2022-12-13 21:09:52 --> Unsupported operand types: int - CodeIgniter\Validation\Validation
in APPPATH\Views\template\auth\footer.php on line 24.
 1 SYSTEMPATH\View\View.php(213): include()
 2 SYSTEMPATH\View\View.php(216): CodeIgniter\View\View->CodeIgniter\View\{closure}()
 3 SYSTEMPATH\Common.php(1134): CodeIgniter\View\View->render('template/auth/footer', [], true)
 4 APPPATH\Controllers\Auth.php(175): view('template/auth/footer')
 5 SYSTEMPATH\CodeIgniter.php(927): App\Controllers\Auth->login()
 6 SYSTEMPATH\CodeIgniter.php(482): CodeIgniter\CodeIgniter->runController(Object(App\Controllers\Auth))
 7 SYSTEMPATH\CodeIgniter.php(351): CodeIgniter\CodeIgniter->handleRequest(null, Object(Config\Cache), false)
 8 FCPATH\index.php(67): CodeIgniter\CodeIgniter->run()
 9 SYSTEMPATH\Commands\Server\rewrite.php(46): require_once('FCPATH\\index.php')
CRITICAL - 2022-12-13 21:09:53 --> Unsupported operand types: int - CodeIgniter\Validation\Validation
in APPPATH\Views\template\auth\footer.php on line 24.
 1 SYSTEMPATH\View\View.php(213): include()
 2 SYSTEMPATH\View\View.php(216): CodeIgniter\View\View->CodeIgniter\View\{closure}()
 3 SYSTEMPATH\Common.php(1134): CodeIgniter\View\View->render('template/auth/footer', [], true)
 4 APPPATH\Controllers\Auth.php(175): view('template/auth/footer')
 5 SYSTEMPATH\CodeIgniter.php(927): App\Controllers\Auth->login()
 6 SYSTEMPATH\CodeIgniter.php(482): CodeIgniter\CodeIgniter->runController(Object(App\Controllers\Auth))
 7 SYSTEMPATH\CodeIgniter.php(351): CodeIgniter\CodeIgniter->handleRequest(null, Object(Config\Cache), false)
 8 FCPATH\index.php(67): CodeIgniter\CodeIgniter->run()
 9 SYSTEMPATH\Commands\Server\rewrite.php(46): require_once('FCPATH\\index.php')
CRITICAL - 2022-12-13 21:12:00 --> Unsupported operand types: int - CodeIgniter\Validation\Validation
in APPPATH\Views\template\auth\footer.php on line 24.
 1 SYSTEMPATH\View\View.php(213): include()
 2 SYSTEMPATH\View\View.php(216): CodeIgniter\View\View->CodeIgniter\View\{closure}()
 3 SYSTEMPATH\Common.php(1134): CodeIgniter\View\View->render('template/auth/footer', [], true)
 4 APPPATH\Controllers\Auth.php(176): view('template/auth/footer')
 5 SYSTEMPATH\CodeIgniter.php(927): App\Controllers\Auth->login()
 6 SYSTEMPATH\CodeIgniter.php(482): CodeIgniter\CodeIgniter->runController(Object(App\Controllers\Auth))
 7 SYSTEMPATH\CodeIgniter.php(351): CodeIgniter\CodeIgniter->handleRequest(null, Object(Config\Cache), false)
 8 FCPATH\index.php(67): CodeIgniter\CodeIgniter->run()
 9 SYSTEMPATH\Commands\Server\rewrite.php(46): require_once('FCPATH\\index.php')
CRITICAL - 2022-12-13 21:12:01 --> Unsupported operand types: int - CodeIgniter\Validation\Validation
in APPPATH\Views\template\auth\footer.php on line 24.
 1 SYSTEMPATH\View\View.php(213): include()
 2 SYSTEMPATH\View\View.php(216): CodeIgniter\View\View->CodeIgniter\View\{closure}()
 3 SYSTEMPATH\Common.php(1134): CodeIgniter\View\View->render('template/auth/footer', [], true)
 4 APPPATH\Controllers\Auth.php(176): view('template/auth/footer')
 5 SYSTEMPATH\CodeIgniter.php(927): App\Controllers\Auth->login()
 6 SYSTEMPATH\CodeIgniter.php(482): CodeIgniter\CodeIgniter->runController(Object(App\Controllers\Auth))
 7 SYSTEMPATH\CodeIgniter.php(351): CodeIgniter\CodeIgniter->handleRequest(null, Object(Config\Cache), false)
 8 FCPATH\index.php(67): CodeIgniter\CodeIgniter->run()
 9 SYSTEMPATH\Commands\Server\rewrite.php(46): require_once('FCPATH\\index.php')
CRITICAL - 2022-12-13 21:12:01 --> Unsupported operand types: int - CodeIgniter\Validation\Validation
in APPPATH\Views\template\auth\footer.php on line 24.
 1 SYSTEMPATH\View\View.php(213): include()
 2 SYSTEMPATH\View\View.php(216): CodeIgniter\View\View->CodeIgniter\View\{closure}()
 3 SYSTEMPATH\Common.php(1134): CodeIgniter\View\View->render('template/auth/footer', [], true)
 4 APPPATH\Controllers\Auth.php(176): view('template/auth/footer')
 5 SYSTEMPATH\CodeIgniter.php(927): App\Controllers\Auth->login()
 6 SYSTEMPATH\CodeIgniter.php(482): CodeIgniter\CodeIgniter->runController(Object(App\Controllers\Auth))
 7 SYSTEMPATH\CodeIgniter.php(351): CodeIgniter\CodeIgniter->handleRequest(null, Object(Config\Cache), false)
 8 FCPATH\index.php(67): CodeIgniter\CodeIgniter->run()
 9 SYSTEMPATH\Commands\Server\rewrite.php(46): require_once('FCPATH\\index.php')
CRITICAL - 2022-12-13 21:12:01 --> Unsupported operand types: int - CodeIgniter\Validation\Validation
in APPPATH\Views\template\auth\footer.php on line 24.
 1 SYSTEMPATH\View\View.php(213): include()
 2 SYSTEMPATH\View\View.php(216): CodeIgniter\View\View->CodeIgniter\View\{closure}()
 3 SYSTEMPATH\Common.php(1134): CodeIgniter\View\View->render('template/auth/footer', [], true)
 4 APPPATH\Controllers\Auth.php(176): view('template/auth/footer')
 5 SYSTEMPATH\CodeIgniter.php(927): App\Controllers\Auth->login()
 6 SYSTEMPATH\CodeIgniter.php(482): CodeIgniter\CodeIgniter->runController(Object(App\Controllers\Auth))
 7 SYSTEMPATH\CodeIgniter.php(351): CodeIgniter\CodeIgniter->handleRequest(null, Object(Config\Cache), false)
 8 FCPATH\index.php(67): CodeIgniter\CodeIgniter->run()
 9 SYSTEMPATH\Commands\Server\rewrite.php(46): require_once('FCPATH\\index.php')
CRITICAL - 2022-12-13 21:12:02 --> Unsupported operand types: int - CodeIgniter\Validation\Validation
in APPPATH\Views\template\auth\footer.php on line 24.
 1 SYSTEMPATH\View\View.php(213): include()
 2 SYSTEMPATH\View\View.php(216): CodeIgniter\View\View->CodeIgniter\View\{closure}()
 3 SYSTEMPATH\Common.php(1134): CodeIgniter\View\View->render('template/auth/footer', [], true)
 4 APPPATH\Controllers\Auth.php(176): view('template/auth/footer')
 5 SYSTEMPATH\CodeIgniter.php(927): App\Controllers\Auth->login()
 6 SYSTEMPATH\CodeIgniter.php(482): CodeIgniter\CodeIgniter->runController(Object(App\Controllers\Auth))
 7 SYSTEMPATH\CodeIgniter.php(351): CodeIgniter\CodeIgniter->handleRequest(null, Object(Config\Cache), false)
 8 FCPATH\index.php(67): CodeIgniter\CodeIgniter->run()
 9 SYSTEMPATH\Commands\Server\rewrite.php(46): require_once('FCPATH\\index.php')
CRITICAL - 2022-12-13 21:17:34 --> Undefined variable $waktuHabis
in APPPATH\Views\template\auth\footer.php on line 24.
 1 APPPATH\Views\template\auth\footer.php(24): CodeIgniter\Debug\Exceptions->errorHandler(2, 'Undefined variable $waktuHabis', 'APPPATH\\Views\\template\\auth\\footer.php', 24)
 2 SYSTEMPATH\View\View.php(213): include('APPPATH\\Views\\template\\auth\\footer.php')
 3 SYSTEMPATH\View\View.php(216): CodeIgniter\View\View->CodeIgniter\View\{closure}()
 4 SYSTEMPATH\Common.php(1134): CodeIgniter\View\View->render('template/auth/footer', [], true)
 5 APPPATH\Controllers\Auth.php(161): view('template/auth/footer', [...])
 6 SYSTEMPATH\CodeIgniter.php(927): App\Controllers\Auth->save()
 7 SYSTEMPATH\CodeIgniter.php(482): CodeIgniter\CodeIgniter->runController(Object(App\Controllers\Auth))
 8 SYSTEMPATH\CodeIgniter.php(351): CodeIgniter\CodeIgniter->handleRequest(null, Object(Config\Cache), false)
 9 FCPATH\index.php(67): CodeIgniter\CodeIgniter->run()
10 SYSTEMPATH\Commands\Server\rewrite.php(46): require_once('FCPATH\\index.php')
CRITICAL - 2022-12-13 21:18:21 --> Undefined variable $waktuHabis
in APPPATH\Views\template\auth\footer.php on line 24.
 1 APPPATH\Views\template\auth\footer.php(24): CodeIgniter\Debug\Exceptions->errorHandler(2, 'Undefined variable $waktuHabis', 'APPPATH\\Views\\template\\auth\\footer.php', 24)
 2 SYSTEMPATH\View\View.php(213): include('APPPATH\\Views\\template\\auth\\footer.php')
 3 SYSTEMPATH\View\View.php(216): CodeIgniter\View\View->CodeIgniter\View\{closure}()
 4 SYSTEMPATH\Common.php(1134): CodeIgniter\View\View->render('template/auth/footer', [], true)
 5 APPPATH\Controllers\Auth.php(162): view('template/auth/footer', [...])
 6 SYSTEMPATH\CodeIgniter.php(927): App\Controllers\Auth->save()
 7 SYSTEMPATH\CodeIgniter.php(482): CodeIgniter\CodeIgniter->runController(Object(App\Controllers\Auth))
 8 SYSTEMPATH\CodeIgniter.php(351): CodeIgniter\CodeIgniter->handleRequest(null, Object(Config\Cache), false)
 9 FCPATH\index.php(67): CodeIgniter\CodeIgniter->run()
10 SYSTEMPATH\Commands\Server\rewrite.php(46): require_once('FCPATH\\index.php')
CRITICAL - 2022-12-13 21:45:55 --> Undefined variable $waktuHabis
in APPPATH\Views\template\auth\footer.php on line 24.
 1 APPPATH\Views\template\auth\footer.php(24): CodeIgniter\Debug\Exceptions->errorHandler(2, 'Undefined variable $waktuHabis', 'APPPATH\\Views\\template\\auth\\footer.php', 24)
 2 SYSTEMPATH\View\View.php(213): include('APPPATH\\Views\\template\\auth\\footer.php')
 3 SYSTEMPATH\View\View.php(216): CodeIgniter\View\View->CodeIgniter\View\{closure}()
 4 SYSTEMPATH\Common.php(1134): CodeIgniter\View\View->render('template/auth/footer', [], true)
 5 APPPATH\Controllers\Auth.php(162): view('template/auth/footer', [...])
 6 SYSTEMPATH\CodeIgniter.php(927): App\Controllers\Auth->save()
 7 SYSTEMPATH\CodeIgniter.php(482): CodeIgniter\CodeIgniter->runController(Object(App\Controllers\Auth))
 8 SYSTEMPATH\CodeIgniter.php(351): CodeIgniter\CodeIgniter->handleRequest(null, Object(Config\Cache), false)
 9 FCPATH\index.php(67): CodeIgniter\CodeIgniter->run()
10 SYSTEMPATH\Commands\Server\rewrite.php(46): require_once('FCPATH\\index.php')
CRITICAL - 2022-12-13 22:09:28 --> Unclosed '{' on line 63 does not match ']'
in APPPATH\Controllers\Auth.php on line 128.
 1 SYSTEMPATH\Autoloader\Autoloader.php(259): CodeIgniter\Autoloader\Autoloader->includeFile('APPPATH\\Controllers\\Auth.php')
 2 SYSTEMPATH\Autoloader\Autoloader.php(237): CodeIgniter\Autoloader\Autoloader->loadInNamespace('App\\Controllers\\Auth')
 3 [internal function]: CodeIgniter\Autoloader\Autoloader->loadClass('App\\Controllers\\Auth')
 4 SYSTEMPATH\CodeIgniter.php(877): class_exists('\\App\\Controllers\\Auth', true)
 5 SYSTEMPATH\CodeIgniter.php(469): CodeIgniter\CodeIgniter->startController()
 6 SYSTEMPATH\CodeIgniter.php(351): CodeIgniter\CodeIgniter->handleRequest(null, Object(Config\Cache), false)
 7 FCPATH\index.php(67): CodeIgniter\CodeIgniter->run()
 8 SYSTEMPATH\Commands\Server\rewrite.php(46): require_once('FCPATH\\index.php')
CRITICAL - 2022-12-13 22:36:34 --> Call to a member function listErrors() on bool
in APPPATH\Views\auth\viewRegister.php on line 16.
 1 SYSTEMPATH\View\View.php(213): include()
 2 SYSTEMPATH\View\View.php(216): CodeIgniter\View\View->CodeIgniter\View\{closure}()
 3 SYSTEMPATH\Common.php(1134): CodeIgniter\View\View->render('auth/viewRegister', [...], true)
 4 APPPATH\Controllers\Auth.php(157): view('auth/viewRegister', [...], [...])
 5 SYSTEMPATH\CodeIgniter.php(927): App\Controllers\Auth->save()
 6 SYSTEMPATH\CodeIgniter.php(482): CodeIgniter\CodeIgniter->runController(Object(App\Controllers\Auth))
 7 SYSTEMPATH\CodeIgniter.php(351): CodeIgniter\CodeIgniter->handleRequest(null, Object(Config\Cache), false)
 8 FCPATH\index.php(67): CodeIgniter\CodeIgniter->run()
 9 SYSTEMPATH\Commands\Server\rewrite.php(46): require_once('FCPATH\\index.php')
